{"timestamp":"2025-09-16T15:16:42.805Z","level":"ERROR","message":"API Error in /api/aussbildung:","details":"dbManager.findAllAussbildung is not a function"}
{"timestamp":"2025-09-16T15:25:27.518Z","level":"INFO","message":"🕷️  Starting scraping process..."}
{"timestamp":"2025-09-16T15:25:27.518Z","level":"INFO","message":"🚀 Initializing browser..."}
{"timestamp":"2025-09-16T15:25:29.300Z","level":"SUCCESS","message":"Browser initialized successfully"}
{"timestamp":"2025-09-16T15:25:29.306Z","level":"INFO","message":"\n📄 Processing page 1/3"}
{"timestamp":"2025-09-16T15:25:33.876Z","level":"INFO","message":"Found 20 job listings on page 1"}
{"timestamp":"2025-09-16T15:25:33.876Z","level":"INFO","message":"Processing: https://www.ausbildung.de/stellen/ausbildung-pflegefachmann-frau-m-w-d-bei-gemeinnuetzige-gesellschaft-fuer-soziale-dienste-daa-mbh-in-miesbach-b51e2072-85b1-47c8-ac0f-6b151a46f75d/"}
{"timestamp":"2025-09-16T15:25:36.627Z","level":"INFO","message":"Start date not found with selectors, trying full-text regex fallback..."}
{"timestamp":"2025-09-16T15:25:36.628Z","level":"INFO","message":"Found start date with regex: 01.09.2025"}
{"timestamp":"2025-09-16T15:25:36.665Z","level":"SUCCESS","message":"Scraped: [Titel: Ausbildung Pflegefachmann/-frau (m/w/d)] [Firma: Gemeinnuetzige Gesellschaft Fuer Soziale Dienste Daa Mbh] [Start: 01.09.2025] [Plätze: Stelle teilen Stelle teilen Per WhatsApp Per E-Mail Link kopieren Gemeinnützige Gesellschaft für soziale Dienste - DAA - mbH {\"@context\":\"http://schema.org\",\"@type\":\"Corporation\",\"name\":\"Gemeinnützige Gesellschaft für soziale Dienste - DAA - mbH\",\"legalNa...]"}
{"timestamp":"2025-09-16T15:25:36.672Z","level":"SUCCESS","message":"Saved new job: Ausbildung Pflegefachmann/-frau (m/w/d)"}
{"timestamp":"2025-09-16T15:25:37.173Z","level":"INFO","message":"Processing: https://www.ausbildung.de/stellen/ausbildung-pflegefachmann-frau-m-w-d-bei-romed-kliniken-in-wasserburg-am-inn-c9d41884-5517-45b8-ac9e-b3bed2e89e2e/"}
{"timestamp":"2025-09-16T15:25:38.814Z","level":"INFO","message":"Start date not found with selectors, trying full-text regex fallback..."}
{"timestamp":"2025-09-16T15:25:38.815Z","level":"INFO","message":"Found start date with regex: 01.09.2025"}
{"timestamp":"2025-09-16T15:25:38.841Z","level":"SUCCESS","message":"Scraped: [Titel: Ausbildung Pflegefachmann/-frau (m/w/d)] [Firma: Romed Kliniken] [Start: 01.09.2025] [Plätze: Stelle teilen Stelle teilen Per WhatsApp Per E-Mail Link kopieren RoMed Kliniken (0) {\"@context\":\"http://schema.org\",\"@type\":\"Corporation\",\"name\":\"RoMed Kliniken\",\"legalName\":\"RoMed Kliniken\",\"description\":\"Wir bei RoMed stellen die medizinische Versorgun...]"}
{"timestamp":"2025-09-16T15:25:38.842Z","level":"WARN","message":"⏭️  Skipping job (no email found): Ausbildung Pflegefachmann/-frau (m/w/d)"}
{"timestamp":"2025-09-16T15:25:39.343Z","level":"INFO","message":"Processing: https://www.ausbildung.de/stellen/ausbildung-zum-pflegefachmann-frau-m-w-d-mit-vertiefung-altenpfleger-im-pflegeheim-bei-kursana-gmbh-in-prien-am-chiemsee-455ad2ca-a199-40f4-a980-4264db2e2ca2/"}
{"timestamp":"2025-09-16T15:25:40.903Z","level":"INFO","message":"Start date not found with selectors, trying full-text regex fallback..."}
{"timestamp":"2025-09-16T15:25:40.903Z","level":"INFO","message":"Found start date with regex: 01.04.2026"}
{"timestamp":"2025-09-16T15:25:40.928Z","level":"SUCCESS","message":"Scraped: [Titel: Ausbildung zum Pflegefachmann/-frau (m/w/d) mit Vertiefung Altenpfleger im Pflegeheim] [Firma: Kursana Gmbh] [Start: 01.04.2026] [Plätze: Stelle teilen Stelle teilen Per WhatsApp Per E-Mail Link kopieren Kursana GmbH (0) {\"@context\":\"http://schema.org\",\"@type\":\"Corporation\",\"name\":\"Kursana Residenz Prien am Chiemsee\",\"legalName\":\"Kursana Residenz Prien am Chiemsee\",\"description\":\"Kursana is...]"}
{"timestamp":"2025-09-16T15:25:40.928Z","level":"WARN","message":"⏭️  Skipping job (no email found): Ausbildung zum Pflegefachmann/-frau (m/w/d) mit Vertiefung Altenpfleger im Pflegeheim"}
{"timestamp":"2025-09-16T15:25:41.429Z","level":"INFO","message":"Processing: https://www.ausbildung.de/stellen/ausbildung-pflegefachmann-frau-m-w-d-bei-kbo-inn-salzach-klinikum-ggmbh-in-wasserburg-am-inn-3d81a9aa-977f-4e6f-bba7-d867e5aa06c5/"}
{"timestamp":"2025-09-16T15:25:43.073Z","level":"INFO","message":"Start date not found with selectors, trying full-text regex fallback..."}
{"timestamp":"2025-09-16T15:25:43.074Z","level":"INFO","message":"Found start date with regex: 01.09.2026"}
{"timestamp":"2025-09-16T15:25:43.116Z","level":"SUCCESS","message":"Scraped: [Titel: Ausbildung Pflegefachmann/-frau (m/w/d)] [Firma: Kbo Inn Salzach Klinikum Ggmbh] [Start: 01.09.2026] [Plätze: Stelle teilen Stelle teilen Per WhatsApp Per E-Mail Link kopieren kbo-Inn-Salzach-Klinikum gGmbH (4) {\"@context\":\"http://schema.org\",\"@type\":\"Corporation\",\"name\":\"kbo-Inn-Salzach-Klinikum gGmbH\",\"legalName\":\"kbo-Inn-Salzach-Klinikum gGmbH\",\"description\":\"...]"}
{"timestamp":"2025-09-16T15:25:43.119Z","level":"SUCCESS","message":"Saved new job: Ausbildung Pflegefachmann/-frau (m/w/d)"}
{"timestamp":"2025-09-16T15:25:43.620Z","level":"INFO","message":"Processing: https://www.ausbildung.de/stellen/ausbildung-zum-pflegefachmann-frau-m-w-d-mit-vertiefung-altenpfleger-im-pflegeheim-bei-kursana-gmbh-in-ampfing-31de5329-f786-49df-b86b-335e648ecc89/"}
{"timestamp":"2025-09-16T15:25:44.912Z","level":"INFO","message":"Start date not found with selectors, trying full-text regex fallback..."}
{"timestamp":"2025-09-16T15:25:44.912Z","level":"INFO","message":"Found start date with regex: 01.04.2026"}
{"timestamp":"2025-09-16T15:25:44.938Z","level":"SUCCESS","message":"Scraped: [Titel: Ausbildung zum Pflegefachmann/-frau (m/w/d) mit Vertiefung Altenpfleger im Pflegeheim] [Firma: Kursana Gmbh] [Start: 01.04.2026] [Plätze: Stelle teilen Stelle teilen Per WhatsApp Per E-Mail Link kopieren Kursana GmbH (0) {\"@context\":\"http://schema.org\",\"@type\":\"Corporation\",\"name\":\"Kursana Domizil Ampfing\",\"legalName\":\"Kursana Domizil Ampfing\",\"description\":\"Kursana ist einer der bundesweit...]"}
{"timestamp":"2025-09-16T15:25:44.938Z","level":"WARN","message":"⏭️  Skipping job (no email found): Ausbildung zum Pflegefachmann/-frau (m/w/d) mit Vertiefung Altenpfleger im Pflegeheim"}
{"timestamp":"2025-09-16T15:25:45.439Z","level":"INFO","message":"Processing: https://www.ausbildung.de/stellen/ausbildung-zum-pflegefachmann-frau-m-w-d-mit-vertiefung-altenpfleger-im-pflegeheim-bei-kursana-gmbh-in-pullach-im-isartal-830ad9d2-4e0b-4390-843e-236be0fc88dc/"}
{"timestamp":"2025-09-16T15:25:46.914Z","level":"INFO","message":"Start date not found with selectors, trying full-text regex fallback..."}
{"timestamp":"2025-09-16T15:25:46.915Z","level":"INFO","message":"Found start date with regex: 01.04.2026"}
{"timestamp":"2025-09-16T15:25:46.940Z","level":"SUCCESS","message":"Scraped: [Titel: Ausbildung zum Pflegefachmann/-frau (m/w/d) mit Vertiefung Altenpfleger im Pflegeheim] [Firma: Kursana Gmbh] [Start: 01.04.2026] [Plätze: Stelle teilen Stelle teilen Per WhatsApp Per E-Mail Link kopieren Kursana GmbH (0) {\"@context\":\"http://schema.org\",\"@type\":\"Corporation\",\"name\":\"Kursana Domizil Pullach\",\"legalName\":\"Kursana Domizil Pullach\",\"description\":\"Kursana ist einer der bundesweit...]"}
{"timestamp":"2025-09-16T15:25:46.940Z","level":"WARN","message":"⏭️  Skipping job (no email found): Ausbildung zum Pflegefachmann/-frau (m/w/d) mit Vertiefung Altenpfleger im Pflegeheim"}
{"timestamp":"2025-09-16T15:25:47.442Z","level":"INFO","message":"Processing: https://www.ausbildung.de/stellen/ausbildung-zum-pflegefachmann-frau-m-w-d-mit-vertiefung-altenpfleger-im-pflegeheim-bei-kursana-gmbh-in-muenchen-1ab80a48-dac3-4b2c-9148-6c7f5809a8f1/"}
{"timestamp":"2025-09-16T15:25:49.142Z","level":"INFO","message":"Start date not found with selectors, trying full-text regex fallback..."}
{"timestamp":"2025-09-16T15:25:49.143Z","level":"INFO","message":"Found start date with regex: 01.04.2026"}
{"timestamp":"2025-09-16T15:25:49.168Z","level":"SUCCESS","message":"Scraped: [Titel: Ausbildung zum Pflegefachmann/-frau (m/w/d) mit Vertiefung Altenpfleger im Pflegeheim] [Firma: Kursana Gmbh] [Start: 01.04.2026] [Plätze: Stelle teilen Stelle teilen Per WhatsApp Per E-Mail Link kopieren Kursana GmbH (0) {\"@context\":\"http://schema.org\",\"@type\":\"Corporation\",\"name\":\"Kursana Villa München\",\"legalName\":\"Kursana Villa München\",\"description\":\"Kursana ist einer der bundesweit füh...]"}
{"timestamp":"2025-09-16T15:25:49.168Z","level":"WARN","message":"⏭️  Skipping job (no email found): Ausbildung zum Pflegefachmann/-frau (m/w/d) mit Vertiefung Altenpfleger im Pflegeheim"}
{"timestamp":"2025-09-16T15:25:49.670Z","level":"INFO","message":"Processing: https://www.ausbildung.de/stellen/ausbildung-zum-pflegefachmann-frau-m-w-d-mit-vertiefung-altenpfleger-im-pflegeheim-bei-kursana-gmbh-in-dachau-056370aa-a9f0-4487-a96a-9471be3bc88c/"}
{"timestamp":"2025-09-16T15:25:51.144Z","level":"INFO","message":"Start date not found with selectors, trying full-text regex fallback..."}
{"timestamp":"2025-09-16T15:25:51.144Z","level":"INFO","message":"Found start date with regex: 01.04.2026"}
{"timestamp":"2025-09-16T15:25:51.170Z","level":"WARN","message":"⏭️  Skipping job (no email found): Ausbildung zum Pflegefachmann/-frau (m/w/d) mit Vertiefung Altenpfleger im Pflegeheim"}
{"timestamp":"2025-09-16T15:25:51.170Z","level":"SUCCESS","message":"Scraped: [Titel: Ausbildung zum Pflegefachmann/-frau (m/w/d) mit Vertiefung Altenpfleger im Pflegeheim] [Firma: Kursana Gmbh] [Start: 01.04.2026] [Plätze: Stelle teilen Stelle teilen Per WhatsApp Per E-Mail Link kopieren Kursana GmbH (0) {\"@context\":\"http://schema.org\",\"@type\":\"Corporation\",\"name\":\"Kursana Domizil Dachau\",\"legalName\":\"Kursana Domizil Dachau\",\"description\":\"Kursana ist einer der bundesweit f...]"}
{"timestamp":"2025-09-16T15:25:51.671Z","level":"INFO","message":"Processing: https://www.ausbildung.de/stellen/ausbildung-zum-pflegefachmann-frau-m-w-d-mit-vertiefung-altenpfleger-im-pflegeheim-bei-kursana-gmbh-in-au-in-der-hallertau-cecf7013-d67e-438f-bec2-9a20bf4935c5/"}
{"timestamp":"2025-09-16T15:25:53.148Z","level":"INFO","message":"Start date not found with selectors, trying full-text regex fallback..."}
{"timestamp":"2025-09-16T15:25:53.149Z","level":"INFO","message":"Found start date with regex: 01.04.2026"}
{"timestamp":"2025-09-16T15:25:53.174Z","level":"SUCCESS","message":"Scraped: [Titel: Ausbildung zum Pflegefachmann/-frau (m/w/d) mit Vertiefung Altenpfleger im Pflegeheim] [Firma: Kursana Gmbh] [Start: 01.04.2026] [Plätze: Stelle teilen Stelle teilen Per WhatsApp Per E-Mail Link kopieren Kursana GmbH (0) {\"@context\":\"http://schema.org\",\"@type\":\"Corporation\",\"name\":\"Kursana Domizil Au in der Hallertau\",\"legalName\":\"Kursana Domizil Au in der Hallertau\",\"description\":\"Kursana...]"}
{"timestamp":"2025-09-16T15:25:53.175Z","level":"WARN","message":"⏭️  Skipping job (no email found): Ausbildung zum Pflegefachmann/-frau (m/w/d) mit Vertiefung Altenpfleger im Pflegeheim"}
{"timestamp":"2025-09-16T15:25:53.675Z","level":"INFO","message":"Processing: https://www.ausbildung.de/stellen/ausbildung-pflegefachmann-frau-m-w-d-bei-staatlich-anerkannte-berufsfachschule-fuer-pflege-mering-des-berufsbildungszentrum-augsburg-der-lehmbaugruppe-ggmbh-in-mering-c85c7008-bc5b-4e8c-8e2d-bdc11f1c1f08/"}
{"timestamp":"2025-09-16T15:25:55.150Z","level":"INFO","message":"Start date not found with selectors, trying full-text regex fallback..."}
{"timestamp":"2025-09-16T15:25:55.151Z","level":"INFO","message":"Found start date with regex: 01.09.2025"}
{"timestamp":"2025-09-16T15:25:55.176Z","level":"SUCCESS","message":"Scraped: [Titel: Ausbildung Pflegefachmann/-frau (m/w/d)] [Firma: Staatlich Anerkannte Berufsfachschule Fuer Pflege Mering Des Berufsbildungszentrum Augsburg Der Lehmbaugruppe Ggmbh] [Start: 01.09.2025] [Plätze: Stelle teilen Stelle teilen Per WhatsApp Per E-Mail Link kopieren Staatlich anerkannte Berufsfachschule für Pflege Mering des Berufsbildungszentrum Augsburg der Lehmbaugruppe gGmbH {\"@context\":\"http://schema.org\",\"@type\":\"Corporation\",\"name\":\"Staatlich an...]"}
{"timestamp":"2025-09-16T15:25:55.178Z","level":"SUCCESS","message":"Saved new job: Ausbildung Pflegefachmann/-frau (m/w/d)"}
{"timestamp":"2025-09-16T15:25:55.679Z","level":"INFO","message":"Processing: https://www.ausbildung.de/stellen/ausbildung-zum-pflegefachmann-frau-m-w-d-mit-vertiefung-altenpfleger-im-pflegeheim-bei-kursana-gmbh-in-pilsting-f090ca53-5025-4129-97fe-4bb302b4159b/"}
{"timestamp":"2025-09-16T15:25:57.192Z","level":"INFO","message":"Start date not found with selectors, trying full-text regex fallback..."}
{"timestamp":"2025-09-16T15:25:57.192Z","level":"INFO","message":"Found start date with regex: 01.04.2026"}
{"timestamp":"2025-09-16T15:25:57.217Z","level":"SUCCESS","message":"Scraped: [Titel: Ausbildung zum Pflegefachmann/-frau (m/w/d) mit Vertiefung Altenpfleger im Pflegeheim] [Firma: Kursana Gmbh] [Start: 01.04.2026] [Plätze: Stelle teilen Stelle teilen Per WhatsApp Per E-Mail Link kopieren Kursana GmbH (0) {\"@context\":\"http://schema.org\",\"@type\":\"Corporation\",\"name\":\"Kursana Domizil Pilsting\",\"legalName\":\"Kursana Domizil Pilsting\",\"description\":\"Kursana ist einer der bundeswe...]"}
{"timestamp":"2025-09-16T15:25:57.217Z","level":"WARN","message":"⏭️  Skipping job (no email found): Ausbildung zum Pflegefachmann/-frau (m/w/d) mit Vertiefung Altenpfleger im Pflegeheim"}
{"timestamp":"2025-09-16T15:25:57.718Z","level":"INFO","message":"Processing: https://www.ausbildung.de/stellen/ausbildung-zum-pflegefachmann-frau-m-w-d-mit-vertiefung-altenpfleger-im-pflegeheim-bei-kursana-gmbh-in-schrobenhausen-b517d547-1b5d-487e-977f-88d06698eaf8/"}
{"timestamp":"2025-09-16T15:25:59.252Z","level":"INFO","message":"Start date not found with selectors, trying full-text regex fallback..."}
{"timestamp":"2025-09-16T15:25:59.253Z","level":"INFO","message":"Found start date with regex: 01.04.2026"}
{"timestamp":"2025-09-16T15:25:59.280Z","level":"SUCCESS","message":"Scraped: [Titel: Ausbildung zum Pflegefachmann/-frau (m/w/d) mit Vertiefung Altenpfleger im Pflegeheim] [Firma: Kursana Gmbh] [Start: 01.04.2026] [Plätze: Stelle teilen Stelle teilen Per WhatsApp Per E-Mail Link kopieren Kursana GmbH (0) {\"@context\":\"http://schema.org\",\"@type\":\"Corporation\",\"name\":\"Kursana Domizil Schrobenhausen\",\"legalName\":\"Kursana Domizil Schrobenhausen\",\"description\":\"Kursana ist einer...]"}
{"timestamp":"2025-09-16T15:25:59.280Z","level":"WARN","message":"⏭️  Skipping job (no email found): Ausbildung zum Pflegefachmann/-frau (m/w/d) mit Vertiefung Altenpfleger im Pflegeheim"}
{"timestamp":"2025-09-16T15:25:59.782Z","level":"INFO","message":"Processing: https://www.ausbildung.de/stellen/ausbildung-pflegefachmann-frau-m-w-d-bei-heimerer-schulen-in-schongau-04daa7f2-3bfb-4fe3-a659-425081d15162/"}
{"timestamp":"2025-09-16T15:26:01.240Z","level":"INFO","message":"Start date not found with selectors, trying full-text regex fallback..."}
{"timestamp":"2025-09-16T15:26:01.241Z","level":"INFO","message":"Found start date with regex: 01.09.2026"}
{"timestamp":"2025-09-16T15:26:01.271Z","level":"SUCCESS","message":"Scraped: [Titel: Ausbildung Pflegefachmann/-frau (m/w/d)] [Firma: Heimerer Schulen] [Start: 01.09.2026] [Plätze: Stelle teilen Stelle teilen Per WhatsApp Per E-Mail Link kopieren Heimerer Schulen (0) {\"@context\":\"http://schema.org\",\"@type\":\"Corporation\",\"name\":\"Heimerer Schulen\",\"legalName\":\"Heimerer Schulen\",\"description\":\"Ob Ausbildung, Umschulung oder Weiterbildu...]"}
{"timestamp":"2025-09-16T15:26:01.278Z","level":"SUCCESS","message":"Saved new job: Ausbildung Pflegefachmann/-frau (m/w/d)"}
{"timestamp":"2025-09-16T15:26:01.779Z","level":"INFO","message":"Processing: https://www.ausbildung.de/stellen/ausbildung-zum-pflegefachmann-frau-m-w-d-mit-vertiefung-altenpfleger-im-pflegeheim-bei-kursana-gmbh-in-bobingen-bc2a5bb0-d0f4-4de3-bce1-cdf3e0f3bd55/"}
{"timestamp":"2025-09-16T15:26:03.245Z","level":"INFO","message":"Start date not found with selectors, trying full-text regex fallback..."}
{"timestamp":"2025-09-16T15:26:03.246Z","level":"INFO","message":"Found start date with regex: 01.04.2026"}
{"timestamp":"2025-09-16T15:26:03.272Z","level":"SUCCESS","message":"Scraped: [Titel: Ausbildung zum Pflegefachmann/-frau (m/w/d) mit Vertiefung Altenpfleger im Pflegeheim] [Firma: Kursana Gmbh] [Start: 01.04.2026] [Plätze: Stelle teilen Stelle teilen Per WhatsApp Per E-Mail Link kopieren Kursana GmbH (0) {\"@context\":\"http://schema.org\",\"@type\":\"Corporation\",\"name\":\"Kursana Domizil Bobingen\",\"legalName\":\"Kursana Domizil Bobingen\",\"description\":\"Kursana ist einer der bundeswe...]"}
{"timestamp":"2025-09-16T15:26:03.272Z","level":"WARN","message":"⏭️  Skipping job (no email found): Ausbildung zum Pflegefachmann/-frau (m/w/d) mit Vertiefung Altenpfleger im Pflegeheim"}
{"timestamp":"2025-09-16T15:26:03.773Z","level":"INFO","message":"Processing: https://www.ausbildung.de/stellen/ausbildung-pflegefachfrau-pflegefachmann-bei-apm-in-augsburg-0dc84093-ff6b-4b3b-98c8-1c7afd144d65/"}
{"timestamp":"2025-09-16T15:26:05.248Z","level":"INFO","message":"Start date not found with selectors, trying full-text regex fallback..."}
{"timestamp":"2025-09-16T15:26:05.248Z","level":"INFO","message":"Found start date with regex: 01.04.2026"}
{"timestamp":"2025-09-16T15:26:05.274Z","level":"SUCCESS","message":"Scraped: [Titel: Ausbildung Pflegefachfrau/Pflegefachmann] [Firma: Apm] [Start: 01.04.2026] [Plätze: Stelle teilen Stelle teilen Per WhatsApp Per E-Mail Link kopieren apm {\"@context\":\"http://schema.org\",\"@type\":\"Corporation\",\"name\":\"apm\",\"legalName\":\"apm\",\"description\":\"apm – Wir bilden Pflegekräfte Seit 2011 bietet apm ein maßgeschneidertes Angebot zur...]"}
{"timestamp":"2025-09-16T15:26:05.274Z","level":"WARN","message":"⏭️  Skipping job (no email found): Ausbildung Pflegefachfrau/Pflegefachmann"}
{"timestamp":"2025-09-16T15:26:05.775Z","level":"INFO","message":"Processing: https://www.ausbildung.de/stellen/ausbildung-zum-pflegefachmann-frau-m-w-d-mit-vertiefung-altenpfleger-im-pflegeheim-bei-kursana-gmbh-in-diedorf-schwaben-cdb39d87-bfcd-4ba4-9af9-a3139221d632/"}
{"timestamp":"2025-09-16T15:26:07.532Z","level":"INFO","message":"Start date not found with selectors, trying full-text regex fallback..."}
{"timestamp":"2025-09-16T15:26:07.532Z","level":"INFO","message":"Found start date with regex: 01.04.2026"}
{"timestamp":"2025-09-16T15:26:07.565Z","level":"SUCCESS","message":"Scraped: [Titel: Ausbildung zum Pflegefachmann/-frau (m/w/d) mit Vertiefung Altenpfleger im Pflegeheim] [Firma: Kursana Gmbh] [Start: 01.04.2026] [Plätze: Stelle teilen Stelle teilen Per WhatsApp Per E-Mail Link kopieren Kursana GmbH (0) {\"@context\":\"http://schema.org\",\"@type\":\"Corporation\",\"name\":\"Kursana Domizil Diedorf\",\"legalName\":\"Kursana Domizil Diedorf\",\"description\":\"Kursana ist einer der bundesweit...]"}
{"timestamp":"2025-09-16T15:26:07.565Z","level":"WARN","message":"⏭️  Skipping job (no email found): Ausbildung zum Pflegefachmann/-frau (m/w/d) mit Vertiefung Altenpfleger im Pflegeheim"}
{"timestamp":"2025-09-16T15:26:08.066Z","level":"INFO","message":"Processing: https://www.ausbildung.de/stellen/ausbildung-pflegefachmann-frau-m-w-d-bei-maxq-im-bfw-unternehmen-fuer-bildung-berufsfortbildungswerk-gemeinnuetzige-bildungseinrichtung-des-dgb-gmbh-bfw-in-regensburg-996e4172-357e-4ce7-b361-b4a6dc98c249/"}
{"timestamp":"2025-09-16T15:26:09.538Z","level":"INFO","message":"Start date not found with selectors, trying full-text regex fallback..."}
{"timestamp":"2025-09-16T15:26:09.539Z","level":"INFO","message":"Found start date with regex: 01.09.2026"}
{"timestamp":"2025-09-16T15:26:09.565Z","level":"SUCCESS","message":"Scraped: [Titel: Ausbildung Pflegefachmann/-frau (m/w/d)] [Firma: Maxq Im Bfw Unternehmen Fuer Bildung Berufsfortbildungswerk Gemeinnuetzige Bildungseinrichtung Des Dgb Gmbh Bfw] [Start: 01.09.2026] [Plätze: Stelle teilen Stelle teilen Per WhatsApp Per E-Mail Link kopieren maxQ. im bfw – Unternehmen für Bildung. / Berufsfortbildungswerk Gemeinnützige Bildungseinrichtung des DGB GmbH (bfw) (0) {\"@context\":\"http://schema.org\",\"@type\":\"Corporation\",\"name\":\"maxQ....]"}
{"timestamp":"2025-09-16T15:26:09.565Z","level":"WARN","message":"⏭️  Skipping job (no email found): Ausbildung Pflegefachmann/-frau (m/w/d)"}
{"timestamp":"2025-09-16T15:26:10.066Z","level":"INFO","message":"Processing: https://www.ausbildung.de/stellen/ausbildung-als-pflegefachfrau-pflegefachmann-m-w-d-zum-01-04-2026-bei-medbo-ku-medizinische-einrichtungen-des-bezirks-oberpfalz-in-regensburg-f7975432-4756-4737-aa72-f5d662686b07/"}
{"timestamp":"2025-09-16T15:26:11.541Z","level":"INFO","message":"Start date not found with selectors, trying full-text regex fallback..."}
{"timestamp":"2025-09-16T15:26:11.542Z","level":"INFO","message":"Found start date with regex: 01.04.2026"}
{"timestamp":"2025-09-16T15:26:11.567Z","level":"SUCCESS","message":"Scraped: [Titel: Ausbildung als Pflegefachfrau / Pflegefachmann (m/w/d) zum 01.04.2026] [Firma: Medbo Ku Medizinische Einrichtungen Des Bezirks Oberpfalz] [Start: 01.04.2026] [Plätze: Stelle teilen Stelle teilen Per WhatsApp Per E-Mail Link kopieren medbo KU - Medizinische Einrichtungen des Bezirks Oberpfalz (0) {\"@context\":\"http://schema.org\",\"@type\":\"Corporation\",\"name\":\"medbo KU - Medizinische Einrichtungen des Bezirks Oberpfalz\",\"l...]"}
{"timestamp":"2025-09-16T15:26:11.570Z","level":"SUCCESS","message":"Saved new job: Ausbildung als Pflegefachfrau / Pflegefachmann (m/w/d) zum 01.04.2026"}
{"timestamp":"2025-09-16T15:26:12.071Z","level":"INFO","message":"Processing: https://www.ausbildung.de/stellen/ausbildung-zum-pflegefachmann-frau-m-w-d-mit-vertiefung-altenpfleger-im-pflegeheim-bei-kursana-gmbh-in-lappersdorf-e45a1fa7-29af-45c1-8bed-84e04b422b0e/"}
{"timestamp":"2025-09-16T15:26:13.545Z","level":"INFO","message":"Start date not found with selectors, trying full-text regex fallback..."}
{"timestamp":"2025-09-16T15:26:13.546Z","level":"INFO","message":"Found start date with regex: 01.04.2026"}
{"timestamp":"2025-09-16T15:26:13.581Z","level":"SUCCESS","message":"Scraped: [Titel: Ausbildung zum Pflegefachmann/-frau (m/w/d) mit Vertiefung Altenpfleger im Pflegeheim] [Firma: Kursana Gmbh] [Start: 01.04.2026] [Plätze: Stelle teilen Stelle teilen Per WhatsApp Per E-Mail Link kopieren Kursana GmbH (0) {\"@context\":\"http://schema.org\",\"@type\":\"Corporation\",\"name\":\"Kursana Domizil Lappersdorf\",\"legalName\":\"Kursana Domizil Lappersdorf\",\"description\":\"Kursana ist einer der bu...]"}
{"timestamp":"2025-09-16T15:26:13.581Z","level":"WARN","message":"⏭️  Skipping job (no email found): Ausbildung zum Pflegefachmann/-frau (m/w/d) mit Vertiefung Altenpfleger im Pflegeheim"}
{"timestamp":"2025-09-16T15:26:14.082Z","level":"INFO","message":"Processing: https://www.ausbildung.de/stellen/ausbildung-pflegefachmann-frau-m-w-d-bei-doepfer-schulen-gmbh-in-schwandorf-879eab83-2266-4dc5-930c-f78e8e274ee5/"}
{"timestamp":"2025-09-16T15:26:15.548Z","level":"INFO","message":"Start date not found with selectors, trying full-text regex fallback..."}
{"timestamp":"2025-09-16T15:26:15.548Z","level":"INFO","message":"Found start date with regex: 16.09.2025"}
{"timestamp":"2025-09-16T15:26:15.574Z","level":"SUCCESS","message":"Scraped: [Titel: Ausbildung Pflegefachmann/-frau (m/w/d)] [Firma: Doepfer Schulen Gmbh] [Start: 16.09.2025] [Plätze: Stelle teilen Stelle teilen Per WhatsApp Per E-Mail Link kopieren Döpfer Schulen GmbH (0) {\"@context\":\"http://schema.org\",\"@type\":\"Corporation\",\"name\":\"Döpfer Schulen GmbH\",\"legalName\":\"Döpfer Schulen GmbH\",\"description\":\"Seit über 30 Jahren schreiben die...]"}
{"timestamp":"2025-09-16T15:26:15.576Z","level":"SUCCESS","message":"Saved new job: Ausbildung Pflegefachmann/-frau (m/w/d)"}
{"timestamp":"2025-09-16T15:26:16.077Z","level":"INFO","message":"📈 Page 1 results: 6 jobs saved with emails"}
{"timestamp":"2025-09-16T15:26:16.077Z","level":"INFO","message":"📊 Scraping pages: 1/3 (33%) — 47s"}
{"timestamp":"2025-09-16T15:26:17.078Z","level":"INFO","message":"\n📄 Processing page 2/3"}
{"timestamp":"2025-09-16T15:26:19.752Z","level":"INFO","message":"Found 20 job listings on page 2"}
{"timestamp":"2025-09-16T15:26:19.752Z","level":"INFO","message":"Processing: https://www.ausbildung.de/stellen/ausbildung-pflegefachfrau-pflegefachmann-bei-apm-in-darmstadt-311f5098-91b8-48ed-9e75-27a215b06a77/"}
{"timestamp":"2025-09-16T15:26:22.871Z","level":"INFO","message":"Start date not found with selectors, trying full-text regex fallback..."}
{"timestamp":"2025-09-16T15:26:22.872Z","level":"INFO","message":"Found start date with regex: 01.10.2025"}
{"timestamp":"2025-09-16T15:26:22.902Z","level":"SUCCESS","message":"Scraped: [Titel: Ausbildung Pflegefachfrau/Pflegefachmann] [Firma: Apm] [Start: 01.10.2025] [Plätze: Stelle teilen Stelle teilen Per WhatsApp Per E-Mail Link kopieren apm {\"@context\":\"http://schema.org\",\"@type\":\"Corporation\",\"name\":\"apm\",\"legalName\":\"apm\",\"description\":\"apm – Wir bilden Pflegekräfte Seit 2011 bietet apm ein maßgeschneidertes Angebot zur...]"}
{"timestamp":"2025-09-16T15:26:22.904Z","level":"SUCCESS","message":"Saved new job: Ausbildung Pflegefachfrau/Pflegefachmann"}
{"timestamp":"2025-09-16T15:26:23.406Z","level":"INFO","message":"Processing: https://www.ausbildung.de/stellen/ausbildung-pflegefachmann-frau-m-w-d-bei-vitos-in-riedstadt-fa41ae4e-fcea-42c3-9d57-be9f97c47f9a/"}
{"timestamp":"2025-09-16T15:26:27.543Z","level":"INFO","message":"Start date not found with selectors, trying full-text regex fallback..."}
{"timestamp":"2025-09-16T15:26:27.545Z","level":"INFO","message":"Found start date with regex: 01.10.2025"}
{"timestamp":"2025-09-16T15:26:27.572Z","level":"SUCCESS","message":"Scraped: [Titel: Ausbildung Pflegefachmann/-frau (m/w/d)] [Firma: Vitos] [Start: 01.10.2025] [Plätze: Stelle teilen Stelle teilen Per WhatsApp Per E-Mail Link kopieren Vitos (5) {\"@context\":\"http://schema.org\",\"@type\":\"Corporation\",\"name\":\"Vitos Südhessen\",\"legalName\":\"Vitos Südhessen\",\"description\":\"Kurz und knapp wer wir sind: Wir sind Hessens größter A...]"}
{"timestamp":"2025-09-16T15:26:27.573Z","level":"SUCCESS","message":"Saved new job: Ausbildung Pflegefachmann/-frau (m/w/d)"}
{"timestamp":"2025-09-16T15:26:28.074Z","level":"INFO","message":"Processing: https://www.ausbildung.de/stellen/ausbildung-pflegefachmann-frau-m-w-d-bei-k-s-gruppe-in-rodgau-e1fb8a4c-84d9-43c3-a80d-6c756154a35a/"}
{"timestamp":"2025-09-16T15:26:29.796Z","level":"INFO","message":"Start date not found with selectors, trying full-text regex fallback..."}
{"timestamp":"2025-09-16T15:26:29.821Z","level":"SUCCESS","message":"Scraped: [Titel: Ausbildung Pflegefachmann/-frau (m/w/d)] [Firma: K S Gruppe] [Start: N/A] [Plätze: Stelle teilen Stelle teilen Per WhatsApp Per E-Mail Link kopieren K & S Gruppe (0) {\"@context\":\"http://schema.org\",\"@type\":\"Corporation\",\"name\":\"K \\u0026 S Gruppe\",\"legalName\":\"K \\u0026 S Gruppe\",\"description\":\"Starte deine Ausbildung bei K\\u0026amp;S – m...]"}
{"timestamp":"2025-09-16T15:26:29.822Z","level":"SUCCESS","message":"Saved new job: Ausbildung Pflegefachmann/-frau (m/w/d)"}
{"timestamp":"2025-09-16T15:26:30.324Z","level":"INFO","message":"Processing: https://www.ausbildung.de/stellen/ausbildung-zum-pflegefachmann-frau-m-w-d-mit-vertiefung-altenpfleger-im-pflegeheim-bei-kursana-gmbh-in-griesheim-0d138079-3210-45af-8b39-eee6e0263d5b/"}
{"timestamp":"2025-09-16T15:26:31.801Z","level":"INFO","message":"Start date not found with selectors, trying full-text regex fallback..."}
{"timestamp":"2025-09-16T15:26:31.802Z","level":"INFO","message":"Found start date with regex: 01.04.2026"}
{"timestamp":"2025-09-16T15:26:31.826Z","level":"SUCCESS","message":"Scraped: [Titel: Ausbildung zum Pflegefachmann/-frau (m/w/d) mit Vertiefung Altenpfleger im Pflegeheim] [Firma: Kursana Gmbh] [Start: 01.04.2026] [Plätze: Stelle teilen Stelle teilen Per WhatsApp Per E-Mail Link kopieren Kursana GmbH (0) {\"@context\":\"http://schema.org\",\"@type\":\"Corporation\",\"name\":\"Kursana Domizil Griesheim\",\"legalName\":\"Kursana Domizil Griesheim\",\"description\":\"Kursana ist einer der bundes...]"}
{"timestamp":"2025-09-16T15:26:31.826Z","level":"WARN","message":"⏭️  Skipping job (no email found): Ausbildung zum Pflegefachmann/-frau (m/w/d) mit Vertiefung Altenpfleger im Pflegeheim"}
{"timestamp":"2025-09-16T15:26:32.327Z","level":"INFO","message":"Processing: https://www.ausbildung.de/stellen/ausbildung-pflegefachmann-frau-m-w-d-bei-universitaetsmedizin-frankfurt-in-frankfurt-am-main-bb17aa95-1cc7-4b03-8318-5ff98b6c2f96/"}
{"timestamp":"2025-09-16T15:26:34.071Z","level":"INFO","message":"Start date not found with selectors, trying full-text regex fallback..."}
{"timestamp":"2025-09-16T15:26:34.072Z","level":"INFO","message":"Found start date with regex: 01.10.2025"}
{"timestamp":"2025-09-16T15:26:34.100Z","level":"SUCCESS","message":"Scraped: [Titel: Ausbildung Pflegefachmann/-frau (m/w/d)] [Firma: Universitaetsmedizin Frankfurt] [Start: 01.10.2025] [Plätze: Stelle teilen Stelle teilen Per WhatsApp Per E-Mail Link kopieren Universitätsmedizin Frankfurt (0) {\"@context\":\"http://schema.org\",\"@type\":\"Corporation\",\"name\":\"Universitätsmedizin Frankfurt\",\"legalName\":\"Universitätsmedizin Frankfurt\",\"description\":\"Gen...]"}
{"timestamp":"2025-09-16T15:26:34.100Z","level":"WARN","message":"⏭️  Skipping job (no email found): Ausbildung Pflegefachmann/-frau (m/w/d)"}
{"timestamp":"2025-09-16T15:26:34.601Z","level":"INFO","message":"Processing: https://www.ausbildung.de/stellen/ausbildung-pflegefachfrau-pflegefachmann-m-w-d-2025-bei-vitanas-gmbh-co-kgaa-in-offenbach-am-main-19ecc948-dbd7-445c-9f85-eb2f632bee3a/"}
{"timestamp":"2025-09-16T15:26:36.616Z","level":"INFO","message":"Start date not found with selectors, trying full-text regex fallback..."}
{"timestamp":"2025-09-16T15:26:36.617Z","level":"INFO","message":"Found start date with regex: 01.10.2025"}
{"timestamp":"2025-09-16T15:26:36.643Z","level":"SUCCESS","message":"Scraped: [Titel: Ausbildung Pflegefachfrau | Pflegefachmann (m/w/d) | 2025] [Firma: Vitanas Gmbh Co Kgaa] [Start: 01.10.2025] [Plätze: Stelle teilen Stelle teilen Per WhatsApp Per E-Mail Link kopieren Vitanas GmbH & Co. KGaA (0) {\"@context\":\"http://schema.org\",\"@type\":\"Corporation\",\"name\":\"Vitanas GmbH \\u0026 Co. KGaA\",\"legalName\":\"Vitanas GmbH \\u0026 Co. KGaA\",\"description\":\"Wer verantw...]"}
{"timestamp":"2025-09-16T15:26:36.645Z","level":"SUCCESS","message":"Saved new job: Ausbildung Pflegefachfrau | Pflegefachmann (m/w/d) | 2025"}
{"timestamp":"2025-09-16T15:26:37.147Z","level":"INFO","message":"Processing: https://www.ausbildung.de/stellen/ausbildung-pflegefachmann-frau-m-w-d-bei-maxq-im-bfw-unternehmen-fuer-bildung-berufsfortbildungswerk-gemeinnuetzige-bildungseinrichtung-des-dgb-gmbh-bfw-in-frankfurt-am-main-47515630-ae75-411b-83b4-312898cf5d5b/"}
{"timestamp":"2025-09-16T15:26:38.618Z","level":"INFO","message":"Start date not found with selectors, trying full-text regex fallback..."}
{"timestamp":"2025-09-16T15:26:38.644Z","level":"SUCCESS","message":"Scraped: [Titel: Ausbildung Pflegefachmann/-frau (m/w/d)] [Firma: Maxq Im Bfw Unternehmen Fuer Bildung Berufsfortbildungswerk Gemeinnuetzige Bildungseinrichtung Des Dgb Gmbh Bfw] [Start: N/A] [Plätze: Stelle teilen Stelle teilen Per WhatsApp Per E-Mail Link kopieren maxQ. im bfw – Unternehmen für Bildung. / Berufsfortbildungswerk Gemeinnützige Bildungseinrichtung des DGB GmbH (bfw) (0) {\"@context\":\"http://schema.org\",\"@type\":\"Corporation\",\"name\":\"maxQ....]"}
{"timestamp":"2025-09-16T15:26:38.644Z","level":"WARN","message":"⏭️  Skipping job (no email found): Ausbildung Pflegefachmann/-frau (m/w/d)"}
{"timestamp":"2025-09-16T15:26:39.146Z","level":"INFO","message":"Processing: https://www.ausbildung.de/stellen/ausbildung-pflegefachmann-frau-bei-ludwig-fresenius-schulen-in-frankfurt-am-main-886f06de-6ad9-45e2-8483-247b771b1c33/"}
{"timestamp":"2025-09-16T15:26:40.629Z","level":"INFO","message":"Start date not found with selectors, trying full-text regex fallback..."}
{"timestamp":"2025-09-16T15:26:40.630Z","level":"INFO","message":"Found start date with regex: 01.10.2025"}
{"timestamp":"2025-09-16T15:26:40.658Z","level":"SUCCESS","message":"Scraped: [Titel: Ausbildung: Pflegefachmann/-frau] [Firma: Ludwig Fresenius Schulen] [Start: 01.10.2025] [Plätze: Stelle teilen Stelle teilen Per WhatsApp Per E-Mail Link kopieren Ludwig Fresenius Schulen {\"@context\":\"http://schema.org\",\"@type\":\"Corporation\",\"name\":\"Ludwig Fresenius Schulen\",\"legalName\":\"Ludwig Fresenius Schulen\",\"description\":\"Die Ludwig Fresenius S...]"}
{"timestamp":"2025-09-16T15:26:40.661Z","level":"SUCCESS","message":"Saved new job: Ausbildung: Pflegefachmann/-frau"}
{"timestamp":"2025-09-16T15:26:41.162Z","level":"INFO","message":"Processing: https://www.ausbildung.de/stellen/ausbildung-pflegefachmann-frau-m-w-d-bei-deutsche-seniorenstift-gesellschaft-mbh-co-kg-in-frankfurt-am-main-6e39122c-934d-4a9b-8a88-f839558fc9d0/"}
{"timestamp":"2025-09-16T15:26:42.699Z","level":"INFO","message":"Start date not found with selectors, trying full-text regex fallback..."}
{"timestamp":"2025-09-16T15:26:42.699Z","level":"INFO","message":"Found start date with regex: 01.10.2025"}
{"timestamp":"2025-09-16T15:26:42.729Z","level":"WARN","message":"⏭️  Skipping job (no email found): Ausbildung Pflegefachmann/-frau (m/w/d)"}
{"timestamp":"2025-09-16T15:26:42.728Z","level":"SUCCESS","message":"Scraped: [Titel: Ausbildung Pflegefachmann/-frau (m/w/d)] [Firma: Deutsche Seniorenstift Gesellschaft Mbh Co Kg] [Start: 01.10.2025] [Plätze: Stelle teilen Stelle teilen Per WhatsApp Per E-Mail Link kopieren Deutsche Seniorenstift Gesellschaft mbH & Co. KG (0) {\"@context\":\"http://schema.org\",\"@type\":\"Corporation\",\"name\":\"Deutsche Seniorenstift Gesellschaft mbH \\u0026 Co. KG\",\"legalName\":\"Deutsc...]"}
{"timestamp":"2025-09-16T15:26:43.231Z","level":"INFO","message":"Processing: https://www.ausbildung.de/stellen/ausbildung-zum-pflegefachmann-frau-m-w-d-mit-vertiefung-altenpfleger-im-pflegeheim-bei-kursana-gmbh-in-dreieich-23a9234c-43a9-4ba0-865f-22182af9ca2d/"}
{"timestamp":"2025-09-16T15:26:45.019Z","level":"INFO","message":"Start date not found with selectors, trying full-text regex fallback..."}
{"timestamp":"2025-09-16T15:26:45.019Z","level":"INFO","message":"Found start date with regex: 01.04.2026"}
{"timestamp":"2025-09-16T15:26:45.045Z","level":"SUCCESS","message":"Scraped: [Titel: Ausbildung zum Pflegefachmann/-frau (m/w/d) mit Vertiefung Altenpfleger im Pflegeheim] [Firma: Kursana Gmbh] [Start: 01.04.2026] [Plätze: Stelle teilen Stelle teilen Per WhatsApp Per E-Mail Link kopieren Kursana GmbH (0) {\"@context\":\"http://schema.org\",\"@type\":\"Corporation\",\"name\":\"Kursana Domizil Dreieich\",\"legalName\":\"Kursana Domizil Dreieich\",\"description\":\"Kursana ist einer der bundeswe...]"}
{"timestamp":"2025-09-16T15:26:45.045Z","level":"WARN","message":"⏭️  Skipping job (no email found): Ausbildung zum Pflegefachmann/-frau (m/w/d) mit Vertiefung Altenpfleger im Pflegeheim"}
{"timestamp":"2025-09-16T15:26:45.547Z","level":"INFO","message":"Processing: https://www.ausbildung.de/stellen/ausbildung-pflegefachmann-frau-m-w-d-bei-lebenshilfe-einrichtungen-gemeinnuetzige-gmbh-worms-in-worms-64c78822-13d6-4917-94e0-e2a31c71ccff/"}
{"timestamp":"2025-09-16T15:26:47.067Z","level":"INFO","message":"Start date not found with selectors, trying full-text regex fallback..."}
{"timestamp":"2025-09-16T15:26:47.068Z","level":"INFO","message":"Found start date with regex: 01.09.2025"}
{"timestamp":"2025-09-16T15:26:47.093Z","level":"SUCCESS","message":"Scraped: [Titel: Ausbildung Pflegefachmann/-frau (m/w/d)] [Firma: Lebenshilfe Einrichtungen Gemeinnuetzige Gmbh Worms] [Start: 01.09.2025] [Plätze: Stelle teilen Stelle teilen Per WhatsApp Per E-Mail Link kopieren Lebenshilfe Einrichtungen, gemeinnützige GmbH, Worms (0) {\"@context\":\"http://schema.org\",\"@type\":\"Corporation\",\"name\":\"Lebenshilfe Worms Betreuung \\u0026 Beförderung GmbH\",\"legalName\":\"Lebe...]"}
{"timestamp":"2025-09-16T15:26:47.095Z","level":"SUCCESS","message":"Saved new job: Ausbildung Pflegefachmann/-frau (m/w/d)"}
{"timestamp":"2025-09-16T15:26:47.596Z","level":"INFO","message":"Processing: https://www.ausbildung.de/stellen/ausbildung-pflegefachmann-frau-m-w-d-bei-martin-luther-stiftung-hanau-in-hanau-4fc09260-4c1e-4133-811a-454fc504e186/"}
{"timestamp":"2025-09-16T15:26:49.050Z","level":"INFO","message":"Start date not found with selectors, trying full-text regex fallback..."}
{"timestamp":"2025-09-16T15:26:49.051Z","level":"INFO","message":"Found start date with regex: 01.10.2025"}
{"timestamp":"2025-09-16T15:26:49.079Z","level":"SUCCESS","message":"Scraped: [Titel: Ausbildung Pflegefachmann/-frau (m/w/d)] [Firma: Martin Luther Stiftung Hanau] [Start: 01.10.2025] [Plätze: Stelle teilen Stelle teilen Per WhatsApp Per E-Mail Link kopieren Martin Luther Stiftung Hanau {\"@context\":\"http://schema.org\",\"@type\":\"Corporation\",\"name\":\"Martin Luther Stiftung Hanau\",\"legalName\":\"Martin Luther Stiftung Hanau\",\"description\":\"Wir als Ma...]"}
{"timestamp":"2025-09-16T15:26:49.079Z","level":"WARN","message":"⏭️  Skipping job (no email found): Ausbildung Pflegefachmann/-frau (m/w/d)"}
{"timestamp":"2025-09-16T15:26:49.584Z","level":"INFO","message":"Processing: https://www.ausbildung.de/stellen/ausbildung-zum-pflegefachmann-frau-m-w-d-mit-vertiefung-altenpfleger-im-pflegeheim-bei-kursana-gmbh-in-otzberg-45e5326b-7c12-4ec6-ade6-bd16926a178e/"}
{"timestamp":"2025-09-16T15:26:51.043Z","level":"INFO","message":"Start date not found with selectors, trying full-text regex fallback..."}
{"timestamp":"2025-09-16T15:26:51.044Z","level":"INFO","message":"Found start date with regex: 01.04.2026"}
{"timestamp":"2025-09-16T15:26:51.070Z","level":"SUCCESS","message":"Scraped: [Titel: Ausbildung zum Pflegefachmann/-frau (m/w/d) mit Vertiefung Altenpfleger im Pflegeheim] [Firma: Kursana Gmbh] [Start: 01.04.2026] [Plätze: Stelle teilen Stelle teilen Per WhatsApp Per E-Mail Link kopieren Kursana GmbH (0) {\"@context\":\"http://schema.org\",\"@type\":\"Corporation\",\"name\":\"Kursana Domizil Otzberg\",\"legalName\":\"Kursana Domizil Otzberg\",\"description\":\"Kursana ist einer der bundesweit...]"}
{"timestamp":"2025-09-16T15:26:51.071Z","level":"WARN","message":"⏭️  Skipping job (no email found): Ausbildung zum Pflegefachmann/-frau (m/w/d) mit Vertiefung Altenpfleger im Pflegeheim"}
{"timestamp":"2025-09-16T15:26:51.572Z","level":"INFO","message":"Processing: https://www.ausbildung.de/stellen/ausbildung-zum-rettungssanitaeter-w-m-d-bei-asklepios-kliniken-in-bad-koenig-7f4bdb30-3600-4f4d-b019-47c407fe09f5/"}
{"timestamp":"2025-09-16T15:26:53.919Z","level":"INFO","message":"Start date not found with selectors, trying full-text regex fallback..."}
{"timestamp":"2025-09-16T15:26:53.920Z","level":"INFO","message":"Found start date with regex: 15.10.2025"}
{"timestamp":"2025-09-16T15:26:53.945Z","level":"SUCCESS","message":"Scraped: [Titel: Ausbildung zum Rettungssanitäter (w/m/d)] [Firma: Asklepios Kliniken] [Start: 15.10.2025] [Plätze: Stelle teilen Stelle teilen Per WhatsApp Per E-Mail Link kopieren Asklepios Kliniken (2) {\"@context\":\"http://schema.org\",\"@type\":\"Corporation\",\"name\":\"Asklepios\",\"legalName\":\"Asklepios\",\"description\":\"Zu Asklepios gehören 164 Gesundheitseinrichtungen in D...]"}
{"timestamp":"2025-09-16T15:26:53.948Z","level":"SUCCESS","message":"Saved new job: Ausbildung zum Rettungssanitäter (w/m/d)"}
{"timestamp":"2025-09-16T15:26:54.449Z","level":"INFO","message":"Processing: https://www.ausbildung.de/stellen/generalistische-ausbildung-zur-zum-pflegefachfrau-mann-m-w-d-schwerpunkt-akutpflege-bei-marienhaus-gmbh-in-mainz-4f9bb4a8-8ec8-4216-bb24-604bb800265b/"}
{"timestamp":"2025-09-16T15:26:55.969Z","level":"INFO","message":"Start date not found with selectors, trying full-text regex fallback..."}
{"timestamp":"2025-09-16T15:26:55.969Z","level":"INFO","message":"Found start date with regex: 01.10.2025"}
{"timestamp":"2025-09-16T15:26:55.995Z","level":"SUCCESS","message":"Scraped: [Titel: Generalistische Ausbildung zur/zum Pflegefachfrau/-mann (m/w/d), Schwerpunkt Akutpflege] [Firma: Marienhaus Gmbh] [Start: 01.10.2025] [Plätze: Stelle teilen Stelle teilen Per WhatsApp Per E-Mail Link kopieren Marienhaus GmbH (0) {\"@context\":\"http://schema.org\",\"@type\":\"Corporation\",\"name\":\"Marienhaus Klinikum Mainz\",\"legalName\":\"Marienhaus Klinikum Mainz\",\"description\":\"Das Marienhaus versteht s...]"}
{"timestamp":"2025-09-16T15:26:55.995Z","level":"WARN","message":"⏭️  Skipping job (no email found): Generalistische Ausbildung zur/zum Pflegefachfrau/-mann (m/w/d), Schwerpunkt Akutpflege"}
{"timestamp":"2025-09-16T15:26:56.496Z","level":"INFO","message":"Processing: https://www.ausbildung.de/stellen/ausbildung-zum-pflegefachmann-zur-pflegefachfrau-pflegefachkraft-in-der-haeuslichen-pflege-m-w-a-bei-cura-seniorenwohn-und-pflegeheime-dienstleistungs-gmbh-in-wiesbaden-f4eaf21e-bca9-408d-9782-36a284daba75/"}
{"timestamp":"2025-09-16T15:26:58.042Z","level":"INFO","message":"Start date not found with selectors, trying full-text regex fallback..."}
{"timestamp":"2025-09-16T15:26:58.043Z","level":"INFO","message":"Found start date with regex: 01.10.2025"}
{"timestamp":"2025-09-16T15:26:58.070Z","level":"SUCCESS","message":"Scraped: [Titel: Ausbildung zum Pflegefachmann/zur Pflegefachfrau/Pflegefachkraft in der Häuslichen Pflege (m/w/a) in Wiesbaden] [Firma: Cura Seniorenwohn Und Pflegeheime Dienstleistungs Gmbh] [Start: 01.10.2025] [Plätze: Stelle teilen Stelle teilen Per WhatsApp Per E-Mail Link kopieren CURA Seniorenwohn- und Pflegeheime Dienstleistungs GmbH {\"@context\":\"http://schema.org\",\"@type\":\"Corporation\",\"name\":\"CURA Seniorenwohn- und Pflegeheime Dienstleistungs GmbH\",\"legalName\":\"C...]"}
{"timestamp":"2025-09-16T15:26:58.072Z","level":"SUCCESS","message":"Saved new job: Ausbildung zum Pflegefachmann/zur Pflegefachfrau/Pflegefachkraft in der Häuslichen Pflege (m/w/a) in Wiesbaden"}
{"timestamp":"2025-09-16T15:26:58.573Z","level":"INFO","message":"Processing: https://www.ausbildung.de/stellen/ausbildung-zur-pflegefachkraft-w-m-d-bei-frankfurter-rotkreuz-kliniken-e-v-in-frankfurt-am-main-35a6004a-65d7-4ff6-a020-2161f1d9577a/"}
{"timestamp":"2025-09-16T15:27:00.498Z","level":"INFO","message":"Start date not found with selectors, trying full-text regex fallback..."}
{"timestamp":"2025-09-16T15:27:00.499Z","level":"INFO","message":"Found start date with regex: 01.03.2026"}
{"timestamp":"2025-09-16T15:27:00.534Z","level":"WARN","message":"⏭️  Skipping job (no email found): Ausbildung zur Pflegefachkraft (w/m/d) mit Vertiefung Pflege im Krankenhaus"}
{"timestamp":"2025-09-16T15:27:00.534Z","level":"SUCCESS","message":"Scraped: [Titel: Ausbildung zur Pflegefachkraft (w/m/d) mit Vertiefung Pflege im Krankenhaus] [Firma: Frankfurter Rotkreuz Kliniken E V] [Start: 01.03.2026] [Plätze: Stelle teilen Stelle teilen Per WhatsApp Per E-Mail Link kopieren Frankfurter Rotkreuz-Kliniken e. V. {\"@context\":\"http://schema.org\",\"@type\":\"Corporation\",\"name\":\"Frankfurter Rotkreuz-Kliniken e. V.\",\"legalName\":\"Frankfurter Rotkreuz-Kliniken e. V.\",\"des...]"}
{"timestamp":"2025-09-16T15:27:01.036Z","level":"INFO","message":"Processing: https://www.ausbildung.de/stellen/ausbildung-als-pflegefachmann-frau-start-01-10-2025-m-w-d-bei-evan-ge-li-sche-heim-stif-tung-gmbh-in-hirschberg-an-der-bergstrasse-bea7efb4-c971-4da1-81db-1cad46fb24ee/"}
{"timestamp":"2025-09-16T15:27:03.183Z","level":"INFO","message":"Start date not found with selectors, trying full-text regex fallback..."}
{"timestamp":"2025-09-16T15:27:03.184Z","level":"INFO","message":"Found start date with regex: 01.10.2025"}
{"timestamp":"2025-09-16T15:27:03.217Z","level":"SUCCESS","message":"Scraped: [Titel: Ausbildung als Pflegefachmann/-frau (Start: 01.10.2025)(m/w/d)] [Firma: Evan Ge Li Sche Heim Stif Tung Gmbh] [Start: 01.10.2025] [Plätze: Stelle teilen Stelle teilen Per WhatsApp Per E-Mail Link kopieren Evan­ge­li­sche Heim­stif­tung GmbH (0) {\"@context\":\"http://schema.org\",\"@type\":\"Corporation\",\"name\":\"Evan­ge­li­sche Heim­stif­tung GmbH\",\"legalName\":\"Evan­ge­li­sche Heim­stif­tung GmbH\",...]"}
{"timestamp":"2025-09-16T15:27:03.219Z","level":"SUCCESS","message":"Saved new job: Ausbildung als Pflegefachmann/-frau (Start: 01.10.2025)(m/w/d)"}
{"timestamp":"2025-09-16T15:27:03.721Z","level":"INFO","message":"Processing: https://www.ausbildung.de/stellen/ausbildung-zum-pflegefachmann-frau-m-w-d-mit-vertiefung-altenpfleger-im-pflegeheim-bei-kursana-gmbh-in-kriftel-55074ca6-123e-453a-b1e1-11a5b9bd5d12/"}
{"timestamp":"2025-09-16T15:27:05.159Z","level":"INFO","message":"Start date not found with selectors, trying full-text regex fallback..."}
{"timestamp":"2025-09-16T15:27:05.160Z","level":"INFO","message":"Found start date with regex: 01.04.2026"}
{"timestamp":"2025-09-16T15:27:05.187Z","level":"SUCCESS","message":"Scraped: [Titel: Ausbildung zum Pflegefachmann/-frau (m/w/d) mit Vertiefung Altenpfleger im Pflegeheim] [Firma: Kursana Gmbh] [Start: 01.04.2026] [Plätze: Stelle teilen Stelle teilen Per WhatsApp Per E-Mail Link kopieren Kursana GmbH (0) {\"@context\":\"http://schema.org\",\"@type\":\"Corporation\",\"name\":\"Kursana Domizil Kriftel\",\"legalName\":\"Kursana Domizil Kriftel\",\"description\":\"Kursana ist einer der bundesweit...]"}
{"timestamp":"2025-09-16T15:27:05.187Z","level":"WARN","message":"⏭️  Skipping job (no email found): Ausbildung zum Pflegefachmann/-frau (m/w/d) mit Vertiefung Altenpfleger im Pflegeheim"}
{"timestamp":"2025-09-16T15:27:05.688Z","level":"INFO","message":"Processing: https://www.ausbildung.de/stellen/ausbildung-zum-pflegefachmann-frau-m-w-d-mit-vertiefung-altenpfleger-im-pflegeheim-bei-kursana-gmbh-in-seligenstadt-d9f33572-7f09-4292-990a-60ffda844519/"}
{"timestamp":"2025-09-16T15:27:07.161Z","level":"INFO","message":"Start date not found with selectors, trying full-text regex fallback..."}
{"timestamp":"2025-09-16T15:27:07.162Z","level":"INFO","message":"Found start date with regex: 01.04.2026"}
{"timestamp":"2025-09-16T15:27:07.193Z","level":"SUCCESS","message":"Scraped: [Titel: Ausbildung zum Pflegefachmann/-frau (m/w/d) mit Vertiefung Altenpfleger im Pflegeheim] [Firma: Kursana Gmbh] [Start: 01.04.2026] [Plätze: Stelle teilen Stelle teilen Per WhatsApp Per E-Mail Link kopieren Kursana GmbH (0) {\"@context\":\"http://schema.org\",\"@type\":\"Corporation\",\"name\":\"Kursana Domizil Seligenstadt\",\"legalName\":\"Kursana Domizil Seligenstadt\",\"description\":\"Kursana ist einer der...]"}
{"timestamp":"2025-09-16T15:27:07.193Z","level":"WARN","message":"⏭️  Skipping job (no email found): Ausbildung zum Pflegefachmann/-frau (m/w/d) mit Vertiefung Altenpfleger im Pflegeheim"}
{"timestamp":"2025-09-16T15:27:07.695Z","level":"INFO","message":"📈 Page 2 results: 9 jobs saved with emails"}
{"timestamp":"2025-09-16T15:27:07.696Z","level":"INFO","message":"📊 Scraping pages: 2/3 (67%) — 98s"}
{"timestamp":"2025-09-16T15:27:08.697Z","level":"INFO","message":"\n📄 Processing page 3/3"}
{"timestamp":"2025-09-16T15:27:10.825Z","level":"INFO","message":"Processing: https://www.ausbildung.de/stellen/ausbildung-zum-verkaeufer-m-w-d-vs-schwenningen-bei-deichmann-se-in-villingen-schwenningen-e3e0f5fc-0a89-4fdb-9c93-f0aa41da49ff/"}
{"timestamp":"2025-09-16T15:27:10.825Z","level":"INFO","message":"Found 20 job listings on page 3"}
{"timestamp":"2025-09-16T15:40:58.494Z","level":"ERROR","message":"Cannot read properties of undefined (reading 'secret')","stack":"TypeError: Cannot read properties of undefined (reading 'secret')\n    at authenticate (file:///Users/zel-khad/Desktop/1337/last/backend/middleware/auth.js:24:50)\n    at Layer.handleRequest (/Users/zel-khad/Desktop/1337/last/backend/node_modules/router/lib/layer.js:152:17)\n    at next (/Users/zel-khad/Desktop/1337/last/backend/node_modules/router/lib/route.js:157:13)\n    at Route.dispatch (/Users/zel-khad/Desktop/1337/last/backend/node_modules/router/lib/route.js:117:3)\n    at handle (/Users/zel-khad/Desktop/1337/last/backend/node_modules/router/index.js:435:11)\n    at Layer.handleRequest (/Users/zel-khad/Desktop/1337/last/backend/node_modules/router/lib/layer.js:152:17)\n    at /Users/zel-khad/Desktop/1337/last/backend/node_modules/router/index.js:295:15\n    at processParams (/Users/zel-khad/Desktop/1337/last/backend/node_modules/router/index.js:582:12)\n    at next (/Users/zel-khad/Desktop/1337/last/backend/node_modules/router/index.js:291:5)\n    at Function.handle (/Users/zel-khad/Desktop/1337/last/backend/node_modules/router/index.js:186:3)"}
{"timestamp":"2025-09-16T15:40:59.286Z","level":"ERROR","message":"Cannot read properties of undefined (reading 'secret')","stack":"TypeError: Cannot read properties of undefined (reading 'secret')\n    at authenticate (file:///Users/zel-khad/Desktop/1337/last/backend/middleware/auth.js:24:50)\n    at Layer.handleRequest (/Users/zel-khad/Desktop/1337/last/backend/node_modules/router/lib/layer.js:152:17)\n    at next (/Users/zel-khad/Desktop/1337/last/backend/node_modules/router/lib/route.js:157:13)\n    at Route.dispatch (/Users/zel-khad/Desktop/1337/last/backend/node_modules/router/lib/route.js:117:3)\n    at handle (/Users/zel-khad/Desktop/1337/last/backend/node_modules/router/index.js:435:11)\n    at Layer.handleRequest (/Users/zel-khad/Desktop/1337/last/backend/node_modules/router/lib/layer.js:152:17)\n    at /Users/zel-khad/Desktop/1337/last/backend/node_modules/router/index.js:295:15\n    at processParams (/Users/zel-khad/Desktop/1337/last/backend/node_modules/router/index.js:582:12)\n    at next (/Users/zel-khad/Desktop/1337/last/backend/node_modules/router/index.js:291:5)\n    at Function.handle (/Users/zel-khad/Desktop/1337/last/backend/node_modules/router/index.js:186:3)"}
{"timestamp":"2025-09-16T15:41:05.034Z","level":"ERROR","message":"Cannot read properties of undefined (reading 'secret')","stack":"TypeError: Cannot read properties of undefined (reading 'secret')\n    at authenticate (file:///Users/zel-khad/Desktop/1337/last/backend/middleware/auth.js:24:50)\n    at Layer.handleRequest (/Users/zel-khad/Desktop/1337/last/backend/node_modules/router/lib/layer.js:152:17)\n    at next (/Users/zel-khad/Desktop/1337/last/backend/node_modules/router/lib/route.js:157:13)\n    at Route.dispatch (/Users/zel-khad/Desktop/1337/last/backend/node_modules/router/lib/route.js:117:3)\n    at handle (/Users/zel-khad/Desktop/1337/last/backend/node_modules/router/index.js:435:11)\n    at Layer.handleRequest (/Users/zel-khad/Desktop/1337/last/backend/node_modules/router/lib/layer.js:152:17)\n    at /Users/zel-khad/Desktop/1337/last/backend/node_modules/router/index.js:295:15\n    at processParams (/Users/zel-khad/Desktop/1337/last/backend/node_modules/router/index.js:582:12)\n    at next (/Users/zel-khad/Desktop/1337/last/backend/node_modules/router/index.js:291:5)\n    at Function.handle (/Users/zel-khad/Desktop/1337/last/backend/node_modules/router/index.js:186:3)"}
{"timestamp":"2025-09-16T15:42:01.775Z","level":"ERROR","message":"Cannot read properties of undefined (reading 'secret')","stack":"TypeError: Cannot read properties of undefined (reading 'secret')\n    at authenticate (file:///Users/zel-khad/Desktop/1337/last/backend/middleware/auth.js:24:50)\n    at Layer.handleRequest (/Users/zel-khad/Desktop/1337/last/backend/node_modules/router/lib/layer.js:152:17)\n    at next (/Users/zel-khad/Desktop/1337/last/backend/node_modules/router/lib/route.js:157:13)\n    at Route.dispatch (/Users/zel-khad/Desktop/1337/last/backend/node_modules/router/lib/route.js:117:3)\n    at handle (/Users/zel-khad/Desktop/1337/last/backend/node_modules/router/index.js:435:11)\n    at Layer.handleRequest (/Users/zel-khad/Desktop/1337/last/backend/node_modules/router/lib/layer.js:152:17)\n    at /Users/zel-khad/Desktop/1337/last/backend/node_modules/router/index.js:295:15\n    at processParams (/Users/zel-khad/Desktop/1337/last/backend/node_modules/router/index.js:582:12)\n    at next (/Users/zel-khad/Desktop/1337/last/backend/node_modules/router/index.js:291:5)\n    at Function.handle (/Users/zel-khad/Desktop/1337/last/backend/node_modules/router/index.js:186:3)"}
{"timestamp":"2025-09-16T15:44:45.729Z","level":"ERROR","message":"Cannot read properties of undefined (reading 'secret')","stack":"TypeError: Cannot read properties of undefined (reading 'secret')\n    at authenticate (file:///Users/zel-khad/Desktop/1337/last/backend/middleware/auth.js:24:50)\n    at Layer.handleRequest (/Users/zel-khad/Desktop/1337/last/backend/node_modules/router/lib/layer.js:152:17)\n    at next (/Users/zel-khad/Desktop/1337/last/backend/node_modules/router/lib/route.js:157:13)\n    at Route.dispatch (/Users/zel-khad/Desktop/1337/last/backend/node_modules/router/lib/route.js:117:3)\n    at handle (/Users/zel-khad/Desktop/1337/last/backend/node_modules/router/index.js:435:11)\n    at Layer.handleRequest (/Users/zel-khad/Desktop/1337/last/backend/node_modules/router/lib/layer.js:152:17)\n    at /Users/zel-khad/Desktop/1337/last/backend/node_modules/router/index.js:295:15\n    at processParams (/Users/zel-khad/Desktop/1337/last/backend/node_modules/router/index.js:582:12)\n    at next (/Users/zel-khad/Desktop/1337/last/backend/node_modules/router/index.js:291:5)\n    at Function.handle (/Users/zel-khad/Desktop/1337/last/backend/node_modules/router/index.js:186:3)"}
{"timestamp":"2025-09-16T15:47:49.900Z","level":"ERROR","message":"Cannot read properties of undefined (reading 'secret')","stack":"TypeError: Cannot read properties of undefined (reading 'secret')\n    at authenticate (file:///Users/zel-khad/Desktop/1337/last/backend/middleware/auth.js:24:50)\n    at Layer.handleRequest (/Users/zel-khad/Desktop/1337/last/backend/node_modules/router/lib/layer.js:152:17)\n    at next (/Users/zel-khad/Desktop/1337/last/backend/node_modules/router/lib/route.js:157:13)\n    at Route.dispatch (/Users/zel-khad/Desktop/1337/last/backend/node_modules/router/lib/route.js:117:3)\n    at handle (/Users/zel-khad/Desktop/1337/last/backend/node_modules/router/index.js:435:11)\n    at Layer.handleRequest (/Users/zel-khad/Desktop/1337/last/backend/node_modules/router/lib/layer.js:152:17)\n    at /Users/zel-khad/Desktop/1337/last/backend/node_modules/router/index.js:295:15\n    at processParams (/Users/zel-khad/Desktop/1337/last/backend/node_modules/router/index.js:582:12)\n    at next (/Users/zel-khad/Desktop/1337/last/backend/node_modules/router/index.js:291:5)\n    at Function.handle (/Users/zel-khad/Desktop/1337/last/backend/node_modules/router/index.js:186:3)"}
{"timestamp":"2025-09-16T15:48:26.353Z","level":"ERROR","message":"Cannot read properties of undefined (reading 'secret')","stack":"TypeError: Cannot read properties of undefined (reading 'secret')\n    at authenticate (file:///Users/zel-khad/Desktop/1337/last/backend/middleware/auth.js:24:50)\n    at Layer.handleRequest (/Users/zel-khad/Desktop/1337/last/backend/node_modules/router/lib/layer.js:152:17)\n    at next (/Users/zel-khad/Desktop/1337/last/backend/node_modules/router/lib/route.js:157:13)\n    at Route.dispatch (/Users/zel-khad/Desktop/1337/last/backend/node_modules/router/lib/route.js:117:3)\n    at handle (/Users/zel-khad/Desktop/1337/last/backend/node_modules/router/index.js:435:11)\n    at Layer.handleRequest (/Users/zel-khad/Desktop/1337/last/backend/node_modules/router/lib/layer.js:152:17)\n    at /Users/zel-khad/Desktop/1337/last/backend/node_modules/router/index.js:295:15\n    at processParams (/Users/zel-khad/Desktop/1337/last/backend/node_modules/router/index.js:582:12)\n    at next (/Users/zel-khad/Desktop/1337/last/backend/node_modules/router/index.js:291:5)\n    at Function.handle (/Users/zel-khad/Desktop/1337/last/backend/node_modules/router/index.js:186:3)"}
{"timestamp":"2025-09-16T15:48:31.403Z","level":"ERROR","message":"Cannot read properties of undefined (reading 'secret')","stack":"TypeError: Cannot read properties of undefined (reading 'secret')\n    at authenticate (file:///Users/zel-khad/Desktop/1337/last/backend/middleware/auth.js:24:50)\n    at Layer.handleRequest (/Users/zel-khad/Desktop/1337/last/backend/node_modules/router/lib/layer.js:152:17)\n    at next (/Users/zel-khad/Desktop/1337/last/backend/node_modules/router/lib/route.js:157:13)\n    at Route.dispatch (/Users/zel-khad/Desktop/1337/last/backend/node_modules/router/lib/route.js:117:3)\n    at handle (/Users/zel-khad/Desktop/1337/last/backend/node_modules/router/index.js:435:11)\n    at Layer.handleRequest (/Users/zel-khad/Desktop/1337/last/backend/node_modules/router/lib/layer.js:152:17)\n    at /Users/zel-khad/Desktop/1337/last/backend/node_modules/router/index.js:295:15\n    at processParams (/Users/zel-khad/Desktop/1337/last/backend/node_modules/router/index.js:582:12)\n    at next (/Users/zel-khad/Desktop/1337/last/backend/node_modules/router/index.js:291:5)\n    at Function.handle (/Users/zel-khad/Desktop/1337/last/backend/node_modules/router/index.js:186:3)"}
{"timestamp":"2025-09-16T15:48:38.198Z","level":"ERROR","message":"Cannot read properties of undefined (reading 'secret')","stack":"TypeError: Cannot read properties of undefined (reading 'secret')\n    at authenticate (file:///Users/zel-khad/Desktop/1337/last/backend/middleware/auth.js:24:50)\n    at Layer.handleRequest (/Users/zel-khad/Desktop/1337/last/backend/node_modules/router/lib/layer.js:152:17)\n    at next (/Users/zel-khad/Desktop/1337/last/backend/node_modules/router/lib/route.js:157:13)\n    at Route.dispatch (/Users/zel-khad/Desktop/1337/last/backend/node_modules/router/lib/route.js:117:3)\n    at handle (/Users/zel-khad/Desktop/1337/last/backend/node_modules/router/index.js:435:11)\n    at Layer.handleRequest (/Users/zel-khad/Desktop/1337/last/backend/node_modules/router/lib/layer.js:152:17)\n    at /Users/zel-khad/Desktop/1337/last/backend/node_modules/router/index.js:295:15\n    at processParams (/Users/zel-khad/Desktop/1337/last/backend/node_modules/router/index.js:582:12)\n    at next (/Users/zel-khad/Desktop/1337/last/backend/node_modules/router/index.js:291:5)\n    at Function.handle (/Users/zel-khad/Desktop/1337/last/backend/node_modules/router/index.js:186:3)"}
{"timestamp":"2025-09-16T15:48:41.100Z","level":"ERROR","message":"Cannot read properties of undefined (reading 'secret')","stack":"TypeError: Cannot read properties of undefined (reading 'secret')\n    at authenticate (file:///Users/zel-khad/Desktop/1337/last/backend/middleware/auth.js:24:50)\n    at Layer.handleRequest (/Users/zel-khad/Desktop/1337/last/backend/node_modules/router/lib/layer.js:152:17)\n    at next (/Users/zel-khad/Desktop/1337/last/backend/node_modules/router/lib/route.js:157:13)\n    at Route.dispatch (/Users/zel-khad/Desktop/1337/last/backend/node_modules/router/lib/route.js:117:3)\n    at handle (/Users/zel-khad/Desktop/1337/last/backend/node_modules/router/index.js:435:11)\n    at Layer.handleRequest (/Users/zel-khad/Desktop/1337/last/backend/node_modules/router/lib/layer.js:152:17)\n    at /Users/zel-khad/Desktop/1337/last/backend/node_modules/router/index.js:295:15\n    at processParams (/Users/zel-khad/Desktop/1337/last/backend/node_modules/router/index.js:582:12)\n    at next (/Users/zel-khad/Desktop/1337/last/backend/node_modules/router/index.js:291:5)\n    at Function.handle (/Users/zel-khad/Desktop/1337/last/backend/node_modules/router/index.js:186:3)"}
{"timestamp":"2025-09-16T15:48:48.335Z","level":"ERROR","message":"Cannot read properties of undefined (reading 'secret')","stack":"TypeError: Cannot read properties of undefined (reading 'secret')\n    at authenticate (file:///Users/zel-khad/Desktop/1337/last/backend/middleware/auth.js:24:50)\n    at Layer.handleRequest (/Users/zel-khad/Desktop/1337/last/backend/node_modules/router/lib/layer.js:152:17)\n    at next (/Users/zel-khad/Desktop/1337/last/backend/node_modules/router/lib/route.js:157:13)\n    at Route.dispatch (/Users/zel-khad/Desktop/1337/last/backend/node_modules/router/lib/route.js:117:3)\n    at handle (/Users/zel-khad/Desktop/1337/last/backend/node_modules/router/index.js:435:11)\n    at Layer.handleRequest (/Users/zel-khad/Desktop/1337/last/backend/node_modules/router/lib/layer.js:152:17)\n    at /Users/zel-khad/Desktop/1337/last/backend/node_modules/router/index.js:295:15\n    at processParams (/Users/zel-khad/Desktop/1337/last/backend/node_modules/router/index.js:582:12)\n    at next (/Users/zel-khad/Desktop/1337/last/backend/node_modules/router/index.js:291:5)\n    at Function.handle (/Users/zel-khad/Desktop/1337/last/backend/node_modules/router/index.js:186:3)"}
{"timestamp":"2025-09-16T15:48:54.335Z","level":"ERROR","message":"Cannot read properties of undefined (reading 'secret')","stack":"TypeError: Cannot read properties of undefined (reading 'secret')\n    at authenticate (file:///Users/zel-khad/Desktop/1337/last/backend/middleware/auth.js:24:50)\n    at Layer.handleRequest (/Users/zel-khad/Desktop/1337/last/backend/node_modules/router/lib/layer.js:152:17)\n    at next (/Users/zel-khad/Desktop/1337/last/backend/node_modules/router/lib/route.js:157:13)\n    at Route.dispatch (/Users/zel-khad/Desktop/1337/last/backend/node_modules/router/lib/route.js:117:3)\n    at handle (/Users/zel-khad/Desktop/1337/last/backend/node_modules/router/index.js:435:11)\n    at Layer.handleRequest (/Users/zel-khad/Desktop/1337/last/backend/node_modules/router/lib/layer.js:152:17)\n    at /Users/zel-khad/Desktop/1337/last/backend/node_modules/router/index.js:295:15\n    at processParams (/Users/zel-khad/Desktop/1337/last/backend/node_modules/router/index.js:582:12)\n    at next (/Users/zel-khad/Desktop/1337/last/backend/node_modules/router/index.js:291:5)\n    at Function.handle (/Users/zel-khad/Desktop/1337/last/backend/node_modules/router/index.js:186:3)"}
{"timestamp":"2025-09-16T16:41:41.845Z","level":"ERROR","message":"API Scraping Error:","error":"jwt is not defined","stack":"ReferenceError: jwt is not defined\n    at scrapeAusbildung (file:///Users/zel-khad/Desktop/1337/last/backend/services/aussbildung.js:642:21)\n    at Layer.handleRequest (/Users/zel-khad/Desktop/1337/last/backend/node_modules/router/lib/layer.js:152:17)\n    at next (/Users/zel-khad/Desktop/1337/last/backend/node_modules/router/lib/route.js:157:13)\n    at Route.dispatch (/Users/zel-khad/Desktop/1337/last/backend/node_modules/router/lib/route.js:117:3)\n    at handle (/Users/zel-khad/Desktop/1337/last/backend/node_modules/router/index.js:435:11)\n    at Layer.handleRequest (/Users/zel-khad/Desktop/1337/last/backend/node_modules/router/lib/layer.js:152:17)\n    at /Users/zel-khad/Desktop/1337/last/backend/node_modules/router/index.js:295:15\n    at processParams (/Users/zel-khad/Desktop/1337/last/backend/node_modules/router/index.js:582:12)\n    at next (/Users/zel-khad/Desktop/1337/last/backend/node_modules/router/index.js:291:5)\n    at Function.handle (/Users/zel-khad/Desktop/1337/last/backend/node_modules/router/index.js:186:3)"}
{"timestamp":"2025-09-16T16:41:42.778Z","level":"ERROR","message":"API Scraping Error:","error":"jwt is not defined","stack":"ReferenceError: jwt is not defined\n    at scrapeAusbildung (file:///Users/zel-khad/Desktop/1337/last/backend/services/aussbildung.js:642:21)\n    at Layer.handleRequest (/Users/zel-khad/Desktop/1337/last/backend/node_modules/router/lib/layer.js:152:17)\n    at next (/Users/zel-khad/Desktop/1337/last/backend/node_modules/router/lib/route.js:157:13)\n    at Route.dispatch (/Users/zel-khad/Desktop/1337/last/backend/node_modules/router/lib/route.js:117:3)\n    at handle (/Users/zel-khad/Desktop/1337/last/backend/node_modules/router/index.js:435:11)\n    at Layer.handleRequest (/Users/zel-khad/Desktop/1337/last/backend/node_modules/router/lib/layer.js:152:17)\n    at /Users/zel-khad/Desktop/1337/last/backend/node_modules/router/index.js:295:15\n    at processParams (/Users/zel-khad/Desktop/1337/last/backend/node_modules/router/index.js:582:12)\n    at next (/Users/zel-khad/Desktop/1337/last/backend/node_modules/router/index.js:291:5)\n    at Function.handle (/Users/zel-khad/Desktop/1337/last/backend/node_modules/router/index.js:186:3)"}
{"timestamp":"2025-09-16T17:51:37.432Z","level":"ERROR","message":"API Error in GET /api/stats:","details":"Authorization token missing."}
{"timestamp":"2025-09-16T17:51:40.206Z","level":"ERROR","message":"API Error in GET /api/stats:","details":"Authorization token missing."}
{"timestamp":"2025-09-16T17:52:00.437Z","level":"ERROR","message":"API Error in GET /api/stats:","details":"Authorization token missing."}
{"timestamp":"2025-09-16T17:52:11.716Z","level":"ERROR","message":"API Error in GET /api/stats:","details":"Authorization token missing."}
{"timestamp":"2025-09-16T17:52:14.124Z","level":"ERROR","message":"API Error in GET /api/stats:","details":"Authorization token missing."}
{"timestamp":"2025-09-16T17:52:28.358Z","level":"ERROR","message":"API Error in GET /api/stats:","details":"Authorization token missing."}
{"timestamp":"2025-09-16T18:15:48.165Z","level":"ERROR","message":"API Error in GET /api/stats:","details":"Authorization token missing."}
{"timestamp":"2025-09-16T18:15:50.674Z","level":"ERROR","message":"API Error in GET /api/stats:","details":"Authorization token missing."}
{"timestamp":"2025-09-16T18:19:49.806Z","level":"INFO","message":"🕷️  Starting scraping process..."}
{"timestamp":"2025-09-16T18:19:49.806Z","level":"INFO","message":"🚀 Initializing browser..."}
{"timestamp":"2025-09-16T18:19:51.405Z","level":"SUCCESS","message":"Browser initialized successfully"}
{"timestamp":"2025-09-16T18:19:51.406Z","level":"INFO","message":"\n📄 Processing page 1/2"}
{"timestamp":"2025-09-16T18:19:56.264Z","level":"INFO","message":"Found 20 job listings on page 1"}
{"timestamp":"2025-09-16T18:19:56.264Z","level":"INFO","message":"Processing: https://www.ausbildung.de/stellen/ausbildung-zum-verkaeufer-m-w-d-vs-schwenningen-bei-deichmann-se-in-villingen-schwenningen-e3e0f5fc-0a89-4fdb-9c93-f0aa41da49ff/"}
{"timestamp":"2025-09-16T18:19:58.870Z","level":"INFO","message":"Start date not found with selectors, trying full-text regex fallback..."}
{"timestamp":"2025-09-16T18:19:58.877Z","level":"INFO","message":"Found start date with regex: 01.09.2025"}
{"timestamp":"2025-09-16T18:19:58.973Z","level":"SUCCESS","message":"Scraped: [Titel: Ausbildung zum Verkäufer (m/w/d), VS Schwenningen] [Firma: Deichmann Se] [Start: 01.09.2025] [Plätze: Stelle teilen Stelle teilen Per WhatsApp Per E-Mail Link kopieren Deichmann SE (9) {\"@context\":\"http://schema.org\",\"@type\":\"Corporation\",\"name\":\"Deichmann SE\",\"legalName\":\"Deichmann SE\",\"description\":\"Setze Trends. Mit deiner Karriere.Als eigenfinanzierte...]"}
{"timestamp":"2025-09-16T18:19:58.974Z","level":"WARN","message":"⏭️  Skipping job (no email found) or invalid data: Ausbildung zum Verkäufer (m/w/d), VS Schwenningen"}
{"timestamp":"2025-09-16T18:19:59.475Z","level":"INFO","message":"Processing: https://www.ausbildung.de/stellen/ausbildung-zum-kaufmann-im-einzelhandel-m-w-d-vs-schwenningen-bei-deichmann-se-in-villingen-schwenningen-22882e85-bcbd-4da6-8d31-4250674a23bf/"}
{"timestamp":"2025-09-16T18:20:00.891Z","level":"INFO","message":"Start date not found with selectors, trying full-text regex fallback..."}
{"timestamp":"2025-09-16T18:20:00.892Z","level":"INFO","message":"Found start date with regex: 01.09.2025"}
{"timestamp":"2025-09-16T18:20:00.923Z","level":"WARN","message":"⏭️  Skipping job (no email found) or invalid data: Ausbildung zum Kaufmann im Einzelhandel (m/w/d), VS Schwenningen"}
{"timestamp":"2025-09-16T18:20:00.923Z","level":"SUCCESS","message":"Scraped: [Titel: Ausbildung zum Kaufmann im Einzelhandel (m/w/d), VS Schwenningen] [Firma: Deichmann Se] [Start: 01.09.2025] [Plätze: Stelle teilen Stelle teilen Per WhatsApp Per E-Mail Link kopieren Deichmann SE (9) {\"@context\":\"http://schema.org\",\"@type\":\"Corporation\",\"name\":\"Deichmann SE\",\"legalName\":\"Deichmann SE\",\"description\":\"Setze Trends. Mit deiner Karriere.Als eigenfinanzierte...]"}
{"timestamp":"2025-09-16T18:20:01.425Z","level":"INFO","message":"Processing: https://www.ausbildung.de/stellen/ausbildung-zum-handelsfachwirt-m-w-d-vs-schwenningen-bei-deichmann-se-in-villingen-schwenningen-75d503ee-cb6b-4798-b06e-4b326f969a87/"}
{"timestamp":"2025-09-16T18:20:02.942Z","level":"INFO","message":"Start date not found with selectors, trying full-text regex fallback..."}
{"timestamp":"2025-09-16T18:20:02.943Z","level":"INFO","message":"Found start date with regex: 01.09.2025"}
{"timestamp":"2025-09-16T18:20:02.972Z","level":"WARN","message":"⏭️  Skipping job (no email found) or invalid data: Ausbildung zum Handelsfachwirt (m/w/d), VS Schwenningen"}
{"timestamp":"2025-09-16T18:20:02.972Z","level":"SUCCESS","message":"Scraped: [Titel: Ausbildung zum Handelsfachwirt (m/w/d), VS Schwenningen] [Firma: Deichmann Se] [Start: 01.09.2025] [Plätze: Stelle teilen Stelle teilen Per WhatsApp Per E-Mail Link kopieren Deichmann SE (9) {\"@context\":\"http://schema.org\",\"@type\":\"Corporation\",\"name\":\"Deichmann SE\",\"legalName\":\"Deichmann SE\",\"description\":\"Setze Trends. Mit deiner Karriere.Als eigenfinanzierte...]"}
{"timestamp":"2025-09-16T18:20:03.473Z","level":"INFO","message":"Processing: https://www.ausbildung.de/stellen/landschaftsgaertner-gaertner-m-w-d-bei-die-landschaftsgaertner-in-villingen-schwenningen-e4856490-9f43-4bf4-959b-85649d73cbdc/"}
{"timestamp":"2025-09-16T18:20:04.993Z","level":"INFO","message":"Start date not found with selectors, trying full-text regex fallback..."}
{"timestamp":"2025-09-16T18:20:05.019Z","level":"SUCCESS","message":"Scraped: [Titel: Landschaftsgärtner / Gärtner (m/w/d)] [Firma: Die Landschaftsgaertner] [Start: N/A] [Plätze: Stelle teilen Stelle teilen Per WhatsApp Per E-Mail Link kopieren Die Landschaftsgärtner {\"@context\":\"http://schema.org\",\"@type\":\"Corporation\",\"name\":\"wildigarten garten- und landschaftsbau Inh. Dietmar Wildi \",\"legalName\":\"wildigarten garten- und landsch...]"}
{"timestamp":"2025-09-16T18:20:05.019Z","level":"WARN","message":"⏭️  Skipping job (no email found) or invalid data: Landschaftsgärtner / Gärtner (m/w/d)"}
{"timestamp":"2025-09-16T18:20:05.520Z","level":"INFO","message":"Processing: https://www.ausbildung.de/stellen/ausbildung-kaufmann-frau-fuer-spedition-und-logistikdienstleistung-m-w-d-bei-ceva-logistics-gmbh-in-villingen-schwenningen-184169cd-6c6d-489c-b87d-536f80392b3e/"}
{"timestamp":"2025-09-16T18:20:07.041Z","level":"INFO","message":"Start date not found with selectors, trying full-text regex fallback..."}
{"timestamp":"2025-09-16T18:20:07.043Z","level":"INFO","message":"Found start date with regex: 01.09.2025"}
{"timestamp":"2025-09-16T18:20:07.071Z","level":"SUCCESS","message":"Scraped: [Titel: Ausbildung Kaufmann/-frau für Spedition und Logistikdienstleistung (m/w/d)] [Firma: Ceva Logistics Gmbh] [Start: 01.09.2025] [Plätze: Stelle teilen Stelle teilen Per WhatsApp Per E-Mail Link kopieren CEVA Logistics GmbH (1) {\"@context\":\"http://schema.org\",\"@type\":\"Corporation\",\"name\":\"CEVA Logistics GmbH\",\"legalName\":\"CEVA Logistics GmbH\",\"description\":\"CEVA Logistics bietet globale Sup...]"}
{"timestamp":"2025-09-16T18:20:07.072Z","level":"ERROR","message":"Database error during save job: this.dbManager.findJobByUrlAndUser is not a function"}
{"timestamp":"2025-09-16T18:20:07.573Z","level":"INFO","message":"Processing: https://www.ausbildung.de/stellen/ausbildung-als-fachkraft-fuer-moebel-kuechen-und-umzugsservice-m-w-d-bei-braun-moebel-center-gmbh-co-kg-in-bad-duerrheim-35dae673-8884-4d50-8dc0-4fee891886f3/"}
{"timestamp":"2025-09-16T18:20:09.088Z","level":"INFO","message":"Start date not found with selectors, trying full-text regex fallback..."}
{"timestamp":"2025-09-16T18:20:09.088Z","level":"INFO","message":"Found start date with regex: 01.09.2025"}
{"timestamp":"2025-09-16T18:20:09.113Z","level":"SUCCESS","message":"Scraped: [Titel: Ausbildung als Fachkraft für Möbel-, Küchen- und Umzugsservice (m/w/d)] [Firma: Braun Moebel Center Gmbh Co Kg] [Start: 01.09.2025] [Plätze: Stelle teilen Stelle teilen Per WhatsApp Per E-Mail Link kopieren BRAUN Möbel-Center GmbH & Co KG {\"@context\":\"http://schema.org\",\"@type\":\"Corporation\",\"name\":\"BRAUN Möbel-Center GmbH \\u0026 Co KG\",\"legalName\":\"BRAUN Möbel-Center GmbH \\u0026 Co KG\",\"descr...]"}
{"timestamp":"2025-09-16T18:20:09.114Z","level":"ERROR","message":"Database error during save job: this.dbManager.findJobByUrlAndUser is not a function"}
{"timestamp":"2025-09-16T18:20:09.615Z","level":"INFO","message":"Processing: https://www.ausbildung.de/stellen/ausbildung-raumausstatter-in-m-w-d-bei-generation-handwerk-in-villingen-schwenningen-3cc0aa7b-c0cf-4d06-8c02-afa8f1dc039e/"}
{"timestamp":"2025-09-16T18:20:11.143Z","level":"INFO","message":"Start date not found with selectors, trying full-text regex fallback..."}
{"timestamp":"2025-09-16T18:20:11.144Z","level":"INFO","message":"Found start date with regex: 01.09.2025"}
{"timestamp":"2025-09-16T18:20:11.169Z","level":"SUCCESS","message":"Scraped: [Titel: Ausbildung Raumausstatter/in (m/w/d)] [Firma: Generation Handwerk] [Start: 01.09.2025] [Plätze: Stelle teilen Stelle teilen Per WhatsApp Per E-Mail Link kopieren Generation Handwerk {\"@context\":\"http://schema.org\",\"@type\":\"Corporation\",\"name\":\"Ganter GmbH\",\"legalName\":\"Ganter GmbH\",\"description\":\"Wir sind eine Ausbildungsoffensive bestehend aus jung...]"}
{"timestamp":"2025-09-16T18:20:11.170Z","level":"ERROR","message":"Database error during save job: this.dbManager.findJobByUrlAndUser is not a function"}
{"timestamp":"2025-09-16T18:20:11.671Z","level":"INFO","message":"Processing: https://www.ausbildung.de/stellen/ausbildung-zum-verkaeufer-in-bei-norma-lebensmittelfilialbetrieb-stiftung-co-kg-in-villingen-schwenningen-0f0bef5a-e9e8-484b-b6ef-9b5e8881cecc/"}
{"timestamp":"2025-09-16T18:20:13.186Z","level":"INFO","message":"Start date not found with selectors, trying full-text regex fallback..."}
{"timestamp":"2025-09-16T18:20:13.222Z","level":"SUCCESS","message":"Scraped: [Titel: Ausbildung Kaufmann/-frau im Einzelhandel (m/w/d)] [Firma: Norma Lebensmittelfilialbetrieb Stiftung Co Kg] [Start: N/A] [Plätze: Stelle teilen Stelle teilen Per WhatsApp Per E-Mail Link kopieren Norma Lebensmittelfilialbetrieb Stiftung & Co. KG (1) {\"@context\":\"http://schema.org\",\"@type\":\"Corporation\",\"name\":\"Norma Lebensmittelfilialbetrieb Stiftung \\u0026 Co. KG\",\"legalName\":\"Norm...]"}
{"timestamp":"2025-09-16T18:20:13.222Z","level":"ERROR","message":"Database error during save job: this.dbManager.findJobByUrlAndUser is not a function"}
{"timestamp":"2025-09-16T18:20:13.724Z","level":"INFO","message":"Processing: https://www.ausbildung.de/stellen/ausbildung-zum-verkaeufer-in-bei-norma-lebensmittelfilialbetrieb-stiftung-co-kg-in-villingen-schwenningen-8500b3e9-2621-4abf-8d9c-c55520dc6ca9/"}
{"timestamp":"2025-09-16T18:20:15.231Z","level":"INFO","message":"Start date not found with selectors, trying full-text regex fallback..."}
{"timestamp":"2025-09-16T18:20:15.261Z","level":"SUCCESS","message":"Scraped: [Titel: Ausbildung zum Verkäufer/in] [Firma: Norma Lebensmittelfilialbetrieb Stiftung Co Kg] [Start: N/A] [Plätze: Stelle teilen Stelle teilen Per WhatsApp Per E-Mail Link kopieren Norma Lebensmittelfilialbetrieb Stiftung & Co. KG (1) {\"@context\":\"http://schema.org\",\"@type\":\"Corporation\",\"name\":\"Norma Lebensmittelfilialbetrieb Stiftung \\u0026 Co. KG\",\"legalName\":\"Norm...]"}
{"timestamp":"2025-09-16T18:20:15.261Z","level":"ERROR","message":"Database error during save job: this.dbManager.findJobByUrlAndUser is not a function"}
{"timestamp":"2025-09-16T18:20:15.763Z","level":"INFO","message":"Processing: https://www.ausbildung.de/stellen/ausbildung-zum-kaufmann-fuer-spedition-und-logistikdienstleistung-m-w-d-2025-bei-kuehne-nagel-ag-co-kg-in-villingen-schwenningen-60a20063-9669-4275-b6b6-11b3158829a6/"}
{"timestamp":"2025-09-16T18:20:17.280Z","level":"INFO","message":"Start date not found with selectors, trying full-text regex fallback..."}
{"timestamp":"2025-09-16T18:20:17.281Z","level":"INFO","message":"Found start date with regex: 01.09.2025"}
{"timestamp":"2025-09-16T18:20:17.307Z","level":"SUCCESS","message":"Scraped: [Titel: Ausbildung zum Kaufmann für Spedition und Logistikdienstleistung (m/w/d) 2025] [Firma: Kuehne Nagel Ag Co Kg] [Start: 01.09.2025] [Plätze: Stelle teilen Stelle teilen Per WhatsApp Per E-Mail Link kopieren Kühne+Nagel (AG & Co.) KG (11) {\"@context\":\"http://schema.org\",\"@type\":\"Corporation\",\"name\":\"Kühne+Nagel (AG \\u0026 Co.) KG\",\"legalName\":\"Kühne+Nagel (AG \\u0026 Co.) KG\",\"description\":\"Dein...]"}
{"timestamp":"2025-09-16T18:20:17.307Z","level":"WARN","message":"⏭️  Skipping job (no email found) or invalid data: Ausbildung zum Kaufmann für Spedition und Logistikdienstleistung (m/w/d) 2025"}
{"timestamp":"2025-09-16T18:20:17.808Z","level":"INFO","message":"Processing: https://www.ausbildung.de/stellen/ausbildung-kaufmann-kauffrau-im-einzelhandel-einzelhandelskaufleute-verkaeufer-in-fuer-2025-m-w-d-bei-xxxlutz-deutschland-in-villingen-schwenningen-bfe35505-2ee8-4830-be0d-74300b81a33d/"}
{"timestamp":"2025-09-16T18:20:19.334Z","level":"INFO","message":"Start date not found with selectors, trying full-text regex fallback..."}
{"timestamp":"2025-09-16T18:20:19.336Z","level":"INFO","message":"Found start date with regex: 01.09.2025"}
{"timestamp":"2025-09-16T18:20:19.371Z","level":"SUCCESS","message":"Scraped: [Titel: Ausbildung Kaufmann / Kauffrau im Einzelhandel / Einzelhandelskaufleute / Verkäufer/in für 2025 (m/w/d)] [Firma: Xxxlutz Deutschland] [Start: 01.09.2025] [Plätze: Stelle teilen Stelle teilen Per WhatsApp Per E-Mail Link kopieren XXXLutz Deutschland {\"@context\":\"http://schema.org\",\"@type\":\"Corporation\",\"name\":\"XXXLutz Deutschland\",\"legalName\":\"XXXLutz Deutschland\",\"description\":\"Die XXXLutz Unternehmensgruppe ist in...]"}
{"timestamp":"2025-09-16T18:20:19.372Z","level":"WARN","message":"⏭️  Skipping job (no email found) or invalid data: Ausbildung Kaufmann / Kauffrau im Einzelhandel / Einzelhandelskaufleute / Verkäufer/in für 2025 (m/w/d)"}
{"timestamp":"2025-09-16T18:20:19.873Z","level":"INFO","message":"Processing: https://www.ausbildung.de/stellen/handelsfachwirt-ausbildung-berufsbegleitende-weiterbildung-abiturientenprogramm-im-vertrieb-fuer-2025-m-w-d-bei-xxxlutz-deutschland-in-villingen-schwenningen-1bba94f8-bedc-4544-9ae5-10a10a6abc19/"}
{"timestamp":"2025-09-16T18:20:21.375Z","level":"INFO","message":"Start date not found with selectors, trying full-text regex fallback..."}
{"timestamp":"2025-09-16T18:20:21.376Z","level":"INFO","message":"Found start date with regex: 01.09.2025"}
{"timestamp":"2025-09-16T18:20:21.405Z","level":"WARN","message":"⏭️  Skipping job (no email found) or invalid data: Handelsfachwirt Ausbildung & berufsbegleitende Weiterbildung Abiturientenprogramm im Vertrieb für 2025 (m/w/d)"}
{"timestamp":"2025-09-16T18:20:21.405Z","level":"SUCCESS","message":"Scraped: [Titel: Handelsfachwirt Ausbildung & berufsbegleitende Weiterbildung Abiturientenprogramm im Vertrieb für 2025 (m/w/d)] [Firma: Xxxlutz Deutschland] [Start: 01.09.2025] [Plätze: Stelle teilen Stelle teilen Per WhatsApp Per E-Mail Link kopieren XXXLutz Deutschland {\"@context\":\"http://schema.org\",\"@type\":\"Corporation\",\"name\":\"XXXLutz Deutschland\",\"legalName\":\"XXXLutz Deutschland\",\"description\":\"Die XXXLutz Unternehmensgruppe ist in...]"}
{"timestamp":"2025-09-16T18:20:21.907Z","level":"INFO","message":"Processing: https://www.ausbildung.de/stellen/ausbildung-fachkraft-systemgastronomie-junior-gastronom-in-fuer-2025-m-w-d-bei-xxxlutz-deutschland-in-villingen-schwenningen-f658fe1b-75bb-4cf0-bba1-868a01fb46bd/"}
{"timestamp":"2025-09-16T18:20:23.423Z","level":"INFO","message":"Start date not found with selectors, trying full-text regex fallback..."}
{"timestamp":"2025-09-16T18:20:23.424Z","level":"INFO","message":"Found start date with regex: 01.09.2025"}
{"timestamp":"2025-09-16T18:20:23.450Z","level":"WARN","message":"⏭️  Skipping job (no email found) or invalid data: Ausbildung Fachkraft Systemgastronomie / Junior Gastronom/in für 2025 (m/w/d)"}
{"timestamp":"2025-09-16T18:20:23.450Z","level":"SUCCESS","message":"Scraped: [Titel: Ausbildung Fachkraft Systemgastronomie / Junior Gastronom/in für 2025 (m/w/d)] [Firma: Xxxlutz Deutschland] [Start: 01.09.2025] [Plätze: Stelle teilen Stelle teilen Per WhatsApp Per E-Mail Link kopieren XXXLutz Deutschland {\"@context\":\"http://schema.org\",\"@type\":\"Corporation\",\"name\":\"XXXLutz Deutschland\",\"legalName\":\"XXXLutz Deutschland\",\"description\":\"Die XXXLutz Unternehmensgruppe ist in...]"}
{"timestamp":"2025-09-16T18:20:23.949Z","level":"INFO","message":"Processing: https://www.ausbildung.de/stellen/bachelor-of-arts-bwl-industrie-m-w-d-villingen-schwenningen-bei-palm-gruppe-in-villingen-schwenningen-d003c091-d8bc-4e31-8905-8caa5db4441f/"}
{"timestamp":"2025-09-16T18:20:25.473Z","level":"INFO","message":"Start date not found with selectors, trying full-text regex fallback..."}
{"timestamp":"2025-09-16T18:20:25.474Z","level":"INFO","message":"Found start date with regex: 01.09.2025"}
{"timestamp":"2025-09-16T18:20:25.501Z","level":"SUCCESS","message":"Scraped: [Titel: Bachelor of Arts BWL - Industrie (m/w/d), Villingen-Schwenningen] [Firma: Palm Gruppe] [Start: 01.09.2025] [Plätze: Stelle teilen Stelle teilen Per WhatsApp Per E-Mail Link kopieren Palm Gruppe (5) {\"@context\":\"http://schema.org\",\"@type\":\"Corporation\",\"name\":\"Wellprint\",\"legalName\":\"Wellprint\",\"description\":\"Das Unternehmen Palm ist seit über 150 Jahren ein Familienunt...]"}
{"timestamp":"2025-09-16T18:20:25.501Z","level":"ERROR","message":"Database error during save job: this.dbManager.findJobByUrlAndUser is not a function"}
{"timestamp":"2025-09-16T18:20:26.002Z","level":"INFO","message":"Processing: https://www.ausbildung.de/stellen/bachelor-of-arts-bwl-industrie-m-w-d-villingen-schwenningen-bei-palm-gruppe-in-villingen-schwenningen-01ff4d29-74a5-473e-b33e-2f942b271e8f/"}
{"timestamp":"2025-09-16T18:20:27.525Z","level":"INFO","message":"Start date not found with selectors, trying full-text regex fallback..."}
{"timestamp":"2025-09-16T18:20:27.527Z","level":"INFO","message":"Found start date with regex: 01.09.2025"}
{"timestamp":"2025-09-16T18:20:27.553Z","level":"SUCCESS","message":"Scraped: [Titel: Ausbildung zum Packmitteltechnologen (m/w/d), Villingen-Schwenningen] [Firma: Palm Gruppe] [Start: 01.09.2025] [Plätze: Stelle teilen Stelle teilen Per WhatsApp Per E-Mail Link kopieren Palm Gruppe (5) {\"@context\":\"http://schema.org\",\"@type\":\"Corporation\",\"name\":\"Wellprint\",\"legalName\":\"Wellprint\",\"description\":\"Das Unternehmen Palm ist seit über 150 Jahren ein Familienunt...]"}
{"timestamp":"2025-09-16T18:20:27.554Z","level":"ERROR","message":"Database error during save job: this.dbManager.findJobByUrlAndUser is not a function"}
{"timestamp":"2025-09-16T18:20:28.056Z","level":"INFO","message":"Processing: https://www.ausbildung.de/stellen/ausbildung-zum-packmitteltechnologen-m-w-d-villingen-schwenningen-bei-palm-gruppe-in-villingen-schwenningen-11b97af7-2064-45cc-b9f4-2b44c23d02cd/"}
{"timestamp":"2025-09-16T18:20:29.568Z","level":"INFO","message":"Start date not found with selectors, trying full-text regex fallback..."}
{"timestamp":"2025-09-16T18:20:29.568Z","level":"INFO","message":"Found start date with regex: 01.09.2025"}
{"timestamp":"2025-09-16T18:20:29.594Z","level":"SUCCESS","message":"Scraped: [Titel: Ausbildung zum Medientechnologe Druck (m/w/d), Villingen-Schwenningen] [Firma: Palm Gruppe] [Start: 01.09.2025] [Plätze: Stelle teilen Stelle teilen Per WhatsApp Per E-Mail Link kopieren Palm Gruppe (5) {\"@context\":\"http://schema.org\",\"@type\":\"Corporation\",\"name\":\"Wellprint\",\"legalName\":\"Wellprint\",\"description\":\"Das Unternehmen Palm ist seit über 150 Jahren ein Familienunt...]"}
{"timestamp":"2025-09-16T18:20:29.594Z","level":"ERROR","message":"Database error during save job: this.dbManager.findJobByUrlAndUser is not a function"}
{"timestamp":"2025-09-16T18:20:30.095Z","level":"INFO","message":"Processing: https://www.ausbildung.de/stellen/ausbildung-zum-medientechnologe-druck-m-w-d-villingen-schwenningen-bei-palm-gruppe-in-villingen-schwenningen-e9d2ed14-10ba-4825-ae8b-8367a6c0cab2/"}
