{"timestamp":"2025-09-19T10:16:04.103Z","level":"ERROR","message":"API Scraping Error: {\n  \"type\": \"object\",\n  \"isErrorInstance\": false,\n  \"error\": \"Authorization token missing.\",\n  \"stack\": null,\n  \"fullError\": \"{\\\"status\\\":401,\\\"message\\\":\\\"Authorization token missing.\\\"}\"\n}"}
{"timestamp":"2025-09-19T10:17:22.574Z","level":"ERROR","message":"API Scraping Error: {\n  \"type\": \"object\",\n  \"isErrorInstance\": false,\n  \"error\": \"Authorization token missing.\",\n  \"stack\": null,\n  \"fullError\": \"{\\\"status\\\":401,\\\"message\\\":\\\"Authorization token missing.\\\"}\"\n}"}
{"timestamp":"2025-09-19T10:17:23.692Z","level":"ERROR","message":"API Scraping Error: {\n  \"type\": \"object\",\n  \"isErrorInstance\": false,\n  \"error\": \"Authorization token missing.\",\n  \"stack\": null,\n  \"fullError\": \"{\\\"status\\\":401,\\\"message\\\":\\\"Authorization token missing.\\\"}\"\n}"}
{"timestamp":"2025-09-19T10:17:24.370Z","level":"ERROR","message":"API Scraping Error: {\n  \"type\": \"object\",\n  \"isErrorInstance\": false,\n  \"error\": \"Authorization token missing.\",\n  \"stack\": null,\n  \"fullError\": \"{\\\"status\\\":401,\\\"message\\\":\\\"Authorization token missing.\\\"}\"\n}"}
{"timestamp":"2025-09-19T10:18:09.806Z","level":"ERROR","message":"API Scraping Error: {\n  \"type\": \"object\",\n  \"isErrorInstance\": false,\n  \"error\": \"Authorization token missing.\",\n  \"stack\": null,\n  \"fullError\": \"{\\\"status\\\":401,\\\"message\\\":\\\"Authorization token missing.\\\"}\"\n}"}
{"timestamp":"2025-09-19T10:18:10.791Z","level":"ERROR","message":"API Scraping Error: {\n  \"type\": \"object\",\n  \"isErrorInstance\": false,\n  \"error\": \"Authorization token missing.\",\n  \"stack\": null,\n  \"fullError\": \"{\\\"status\\\":401,\\\"message\\\":\\\"Authorization token missing.\\\"}\"\n}"}
{"timestamp":"2025-09-19T12:43:06.388Z","level":"INFO","message":"🕷️  Starting scraping process..."}
{"timestamp":"2025-09-19T12:43:06.388Z","level":"INFO","message":"🚀 Initializing browser..."}
{"timestamp":"2025-09-19T12:43:09.144Z","level":"SUCCESS","message":"Browser initialized successfully"}
{"timestamp":"2025-09-19T12:43:09.144Z","level":"INFO","message":"\n📄 Processing page 1/3"}
{"timestamp":"2025-09-19T12:43:12.753Z","level":"INFO","message":"Found 20 job listings on page 1"}
{"timestamp":"2025-09-19T12:43:12.753Z","level":"INFO","message":"Processing: https://www.ausbildung.de/stellen/auszubildende-fuer-die-ausbildung-zum-operationstechnischen-assistenten-m-w-d-bei-asklepios-kliniken-in-hamburg-1e2b894d-2818-4e3b-a765-14cc3b83fa20/"}
{"timestamp":"2025-09-19T12:43:15.420Z","level":"INFO","message":"Start date not found with selectors, trying full-text regex fallback..."}
{"timestamp":"2025-09-19T12:43:15.421Z","level":"INFO","message":"Found start date with regex: 11.09.2025"}
{"timestamp":"2025-09-19T12:43:15.469Z","level":"SUCCESS","message":"Scraped: [Titel: Auszubildende für die Ausbildung zum Operationstechnischen Assistenten (m/w/d)] [Firma: Asklepios Kliniken] [Start: 11.09.2025] [Plätze: Stelle teilen Stelle teilen Per WhatsApp Per E-Mail Link kopieren Asklepios Kliniken (2) {\"@context\":\"http://schema.org\",\"@type\":\"Corporation\",\"name\":\"Asklepios\",\"legalName\":\"Asklepios\",\"description\":\"Zu Asklepios gehören 164 Gesundheitseinrichtungen in D...]"}
{"timestamp":"2025-09-19T12:43:15.474Z","level":"SUCCESS","message":"💾 Saved new job: Auszubildende für die Ausbildung zum Operationstechnischen Assistenten (m/w/d)"}
{"timestamp":"2025-09-19T12:43:15.975Z","level":"INFO","message":"Processing: https://www.ausbildung.de/stellen/ausbildung-pflegefachperson-all-genders-die-vertiefung-paediatrie-kinderkrankenpflege-bei-universitaetsklinikum-hamburg-eppendorf-uke-in-hamburg-99c8ef1f-e509-4b82-9dc5-d62c1f8eae5c/"}
{"timestamp":"2025-09-19T12:43:18.409Z","level":"INFO","message":"Start date not found with selectors, trying full-text regex fallback..."}
{"timestamp":"2025-09-19T12:43:18.411Z","level":"INFO","message":"Found start date with regex: 11.09.2025"}
{"timestamp":"2025-09-19T12:43:18.455Z","level":"SUCCESS","message":"Scraped: [Titel: Ausbildung Pflegefachperson (all genders) die Vertiefung Pädiatrie (Kinderkrankenpflege)] [Firma: Universitaetsklinikum Hamburg Eppendorf Uke] [Start: 11.09.2025] [Plätze: Stelle teilen Stelle teilen Per WhatsApp Per E-Mail Link kopieren Universitätsklinikum Hamburg-Eppendorf (UKE) (5) {\"@context\":\"http://schema.org\",\"@type\":\"Corporation\",\"name\":\"Universitätsklinikum Hamburg-Eppendorf (UKE)\",\"legalName\":\"Universitätskliniku...]"}
{"timestamp":"2025-09-19T12:43:18.458Z","level":"SUCCESS","message":"💾 Saved new job: Ausbildung Pflegefachperson (all genders) die Vertiefung Pädiatrie (Kinderkrankenpflege)"}
{"timestamp":"2025-09-19T12:43:18.959Z","level":"INFO","message":"Processing: https://www.ausbildung.de/stellen/ausbildung-pflegefachmann-frau-m-w-d-bei-deutsche-seniorenstift-gesellschaft-mbh-co-kg-in-hamburg-51e329f6-2ba7-4f52-8620-e5a851a19f12/"}
{"timestamp":"2025-09-19T12:43:21.363Z","level":"INFO","message":"Start date not found with selectors, trying full-text regex fallback..."}
{"timestamp":"2025-09-19T12:43:21.364Z","level":"INFO","message":"Found start date with regex: 01.09.2025"}
{"timestamp":"2025-09-19T12:43:21.409Z","level":"SUCCESS","message":"Scraped: [Titel: Ausbildung Pflegefachmann/-frau (m/w/d)] [Firma: Deutsche Seniorenstift Gesellschaft Mbh Co Kg] [Start: 01.09.2025] [Plätze: Stelle teilen Stelle teilen Per WhatsApp Per E-Mail Link kopieren Deutsche Seniorenstift Gesellschaft mbH & Co. KG (0) {\"@context\":\"http://schema.org\",\"@type\":\"Corporation\",\"name\":\"Deutsche Seniorenstift Gesellschaft mbH \\u0026 Co. KG\",\"legalName\":\"Deutsc...]"}
{"timestamp":"2025-09-19T12:43:21.409Z","level":"WARN","message":"⏭️  Skipping job (no email found): Ausbildung Pflegefachmann/-frau (m/w/d)"}
{"timestamp":"2025-09-19T12:43:21.910Z","level":"INFO","message":"Processing: https://www.ausbildung.de/stellen/ausbildung-pflegefachmann-pflegefachfrau-m-w-d-bei-helios-kliniken-gmbh-in-hamburg-2481697d-ed49-44bc-9995-6db9b5205f6f/"}
{"timestamp":"2025-09-19T12:43:24.267Z","level":"INFO","message":"Start date not found with selectors, trying full-text regex fallback..."}
{"timestamp":"2025-09-19T12:43:24.267Z","level":"INFO","message":"Found start date with regex: 01.10.2025"}
{"timestamp":"2025-09-19T12:43:24.294Z","level":"SUCCESS","message":"Scraped: [Titel: Ausbildung Pflegefachmann/ Pflegefachfrau (m/w/d)] [Firma: Helios Kliniken Gmbh] [Start: 01.10.2025] [Plätze: Stelle teilen Stelle teilen Per WhatsApp Per E-Mail Link kopieren Helios Kliniken GmbH (0) {\"@context\":\"http://schema.org\",\"@type\":\"Corporation\",\"name\":\"Helios Kliniken GmbH\",\"legalName\":\"Helios Kliniken GmbH\",\"description\":\"Helios gehört zum Gesundheitsk...]"}
{"timestamp":"2025-09-19T12:43:24.294Z","level":"WARN","message":"⏭️  Skipping job (no email found): Ausbildung Pflegefachmann/ Pflegefachfrau (m/w/d)"}
{"timestamp":"2025-09-19T12:43:24.796Z","level":"INFO","message":"Processing: https://www.ausbildung.de/stellen/ausbildung-pflegefachmann-frau-m-w-d-bei-wohnungsbaugenossenschaft-suederelbe-eg-in-hamburg-9cbe85da-70bd-490e-a274-9a9497f84c2b/"}
{"timestamp":"2025-09-19T12:43:27.450Z","level":"INFO","message":"Start date not found with selectors, trying full-text regex fallback..."}
{"timestamp":"2025-09-19T12:43:27.451Z","level":"INFO","message":"Found start date with regex: 11.09.2025"}
{"timestamp":"2025-09-19T12:43:27.481Z","level":"SUCCESS","message":"Scraped: [Titel: Ausbildung Pflegefachmann/-frau (m/w/d)] [Firma: Wohnungsbaugenossenschaft Suederelbe Eg] [Start: 11.09.2025] [Plätze: Stelle teilen Stelle teilen Per WhatsApp Per E-Mail Link kopieren Wohnungsbaugenossenschaft Süderelbe eG (0) {\"@context\":\"http://schema.org\",\"@type\":\"Corporation\",\"name\":\"Haus Am Frankenberg\",\"legalName\":\"Haus Am Frankenberg\",\"description\":\"Die Süderelbe...]"}
{"timestamp":"2025-09-19T12:43:27.481Z","level":"WARN","message":"⏭️  Skipping job (no email found): Ausbildung Pflegefachmann/-frau (m/w/d)"}
{"timestamp":"2025-09-19T12:43:27.982Z","level":"INFO","message":"Processing: https://www.ausbildung.de/stellen/ausbildung-pflegefachmann-frau-m-w-d-bei-pflegen-wohnen-hamburg-gmbh-in-hamburg-aa5128bb-e128-482b-8fa4-74d5a6101909/"}
{"timestamp":"2025-09-19T12:43:30.590Z","level":"INFO","message":"Start date not found with selectors, trying full-text regex fallback..."}
{"timestamp":"2025-09-19T12:43:30.591Z","level":"INFO","message":"Found start date with regex: 01.02.2026"}
{"timestamp":"2025-09-19T12:43:30.635Z","level":"SUCCESS","message":"Scraped: [Titel: Ausbildung Pflegefachmann/-frau (m/w/d)] [Firma: Pflegen Wohnen Hamburg Gmbh] [Start: 01.02.2026] [Plätze: Stelle teilen Stelle teilen Per WhatsApp Per E-Mail Link kopieren PFLEGEN & WOHNEN HAMBURG GmbH (0) {\"@context\":\"http://schema.org\",\"@type\":\"Corporation\",\"name\":\"PFLEGEN \\u0026 WOHNEN HAMBURG GmbH\",\"legalName\":\"PFLEGEN \\u0026 WOHNEN HAMBURG GmbH\",\"descrip...]"}
{"timestamp":"2025-09-19T12:43:30.639Z","level":"SUCCESS","message":"💾 Saved new job: Ausbildung Pflegefachmann/-frau (m/w/d)"}
{"timestamp":"2025-09-19T12:43:31.141Z","level":"INFO","message":"Processing: https://www.ausbildung.de/stellen/ausbildung-pflegefachmann-frau-m-w-d-bei-wohnungsbaugenossenschaft-suederelbe-eg-in-hamburg-010ad64e-84fb-476a-b5e7-bac5aab8f9c3/"}
{"timestamp":"2025-09-19T12:43:33.598Z","level":"INFO","message":"Start date not found with selectors, trying full-text regex fallback..."}
{"timestamp":"2025-09-19T12:43:33.600Z","level":"INFO","message":"Found start date with regex: 01.02.2026"}
{"timestamp":"2025-09-19T12:43:33.644Z","level":"SUCCESS","message":"Scraped: [Titel: Ausbildung Pflegefachmann/-frau (m/w/d)] [Firma: Wohnungsbaugenossenschaft Suederelbe Eg] [Start: 01.02.2026] [Plätze: Stelle teilen Stelle teilen Per WhatsApp Per E-Mail Link kopieren Wohnungsbaugenossenschaft Süderelbe eG (0) {\"@context\":\"http://schema.org\",\"@type\":\"Corporation\",\"name\":\"Haus Hammer Landstraße\",\"legalName\":\"Haus Hammer Landstraße\",\"description\":\"Die Süde...]"}
{"timestamp":"2025-09-19T12:43:33.644Z","level":"WARN","message":"⏭️  Skipping job (no email found): Ausbildung Pflegefachmann/-frau (m/w/d)"}
{"timestamp":"2025-09-19T12:43:34.145Z","level":"INFO","message":"Processing: https://www.ausbildung.de/stellen/ausbildung-pflegefachfrau-pflegefachmann-bei-apm-in-hamburg-f34b501e-0b08-4474-a303-873a5a8dd217/"}
{"timestamp":"2025-09-19T12:43:36.571Z","level":"INFO","message":"Start date not found with selectors, trying full-text regex fallback..."}
{"timestamp":"2025-09-19T12:43:36.573Z","level":"INFO","message":"Found start date with regex: 01.02.2026"}
{"timestamp":"2025-09-19T12:43:36.617Z","level":"SUCCESS","message":"Scraped: [Titel: Ausbildung Pflegefachfrau/Pflegefachmann] [Firma: Apm] [Start: 01.02.2026] [Plätze: Stelle teilen Stelle teilen Per WhatsApp Per E-Mail Link kopieren apm {\"@context\":\"http://schema.org\",\"@type\":\"Corporation\",\"name\":\"apm\",\"legalName\":\"apm\",\"description\":\"apm – Wir bilden Pflegekräfte Seit 2011 bietet apm ein maßgeschneidertes Angebot zur...]"}
{"timestamp":"2025-09-19T12:43:36.619Z","level":"SUCCESS","message":"💾 Saved new job: Ausbildung Pflegefachfrau/Pflegefachmann"}
{"timestamp":"2025-09-19T12:43:37.120Z","level":"INFO","message":"Processing: https://www.ausbildung.de/stellen/ausbildung-als-pflegefachmann-frau-m-w-d-start-01-10-2025-bei-regio-kliniken-gmbh-in-pinneberg-71a4c356-348b-4b79-ae0e-07a59ff44a51/"}
{"timestamp":"2025-09-19T12:43:39.481Z","level":"INFO","message":"Start date not found with selectors, trying full-text regex fallback..."}
{"timestamp":"2025-09-19T12:43:39.482Z","level":"INFO","message":"Found start date with regex: 01.10.2025"}
{"timestamp":"2025-09-19T12:43:39.510Z","level":"SUCCESS","message":"Scraped: [Titel: Ausbildung als Pflegefachmann/frau (m/w/d) - Start 01.10.2025] [Firma: Regio Kliniken Gmbh] [Start: 01.10.2025] [Plätze: Stelle teilen Stelle teilen Per WhatsApp Per E-Mail Link kopieren Regio Kliniken GmbH {\"@context\":\"http://schema.org\",\"@type\":\"Corporation\",\"name\":\"Regio Kliniken GmbH\",\"legalName\":\"Regio Kliniken GmbH\",\"description\":\"Unser Regio-Team ist 24/7 mit Herz un...]"}
{"timestamp":"2025-09-19T12:43:39.512Z","level":"SUCCESS","message":"💾 Saved new job: Ausbildung als Pflegefachmann/frau (m/w/d) - Start 01.10.2025"}
{"timestamp":"2025-09-19T12:43:40.013Z","level":"INFO","message":"Processing: https://www.ausbildung.de/stellen/ausbildung-zur-examinierten-pflegefachperson-m-w-d-schwerpunkt-altenpflege-bei-wichern-gemeinschaft-reinbek-e-v-in-reinbek-abead507-8d33-4478-b629-bc0b3e25b994/"}
{"timestamp":"2025-09-19T12:43:42.413Z","level":"INFO","message":"Start date not found with selectors, trying full-text regex fallback..."}
{"timestamp":"2025-09-19T12:43:42.415Z","level":"INFO","message":"Found start date with regex: 01.10.2025"}
{"timestamp":"2025-09-19T12:43:42.461Z","level":"SUCCESS","message":"Scraped: [Titel: Ausbildung zur examinierten Pflegefachperson (m/w/d), Schwerpunkt Altenpflege] [Firma: Wichern Gemeinschaft Reinbek E V] [Start: 01.10.2025] [Plätze: Stelle teilen Stelle teilen Per WhatsApp Per E-Mail Link kopieren Wichern-Gemeinschaft Reinbek e.V. {\"@context\":\"http://schema.org\",\"@type\":\"Corporation\",\"name\":\"Wichern-Gemeinschaft Reinbek e.V.\",\"legalName\":\"Wichern-Gemeinschaft Reinbek e.V.\",\"descripti...]"}
{"timestamp":"2025-09-19T12:43:42.463Z","level":"SUCCESS","message":"💾 Saved new job: Ausbildung zur examinierten Pflegefachperson (m/w/d), Schwerpunkt Altenpflege"}
{"timestamp":"2025-09-19T12:43:42.965Z","level":"INFO","message":"Processing: https://www.ausbildung.de/stellen/ausbildung-pflegefachmann-frau-m-w-d-bei-k-s-gruppe-in-kummerfeld-cb3415bb-aed9-4384-a0fc-c2d2baa1a083/"}
{"timestamp":"2025-09-19T12:43:45.374Z","level":"INFO","message":"Start date not found with selectors, trying full-text regex fallback..."}
{"timestamp":"2025-09-19T12:43:45.375Z","level":"INFO","message":"Found start date with regex: 01.10.2025"}
{"timestamp":"2025-09-19T12:43:45.420Z","level":"SUCCESS","message":"Scraped: [Titel: Ausbildung Pflegefachmann/-frau (m/w/d)] [Firma: K S Gruppe] [Start: 01.10.2025] [Plätze: Stelle teilen Stelle teilen Per WhatsApp Per E-Mail Link kopieren K & S Gruppe (0) {\"@context\":\"http://schema.org\",\"@type\":\"Corporation\",\"name\":\"K \\u0026 S Gruppe\",\"legalName\":\"K \\u0026 S Gruppe\",\"description\":\"Starte deine Ausbildung bei K\\u0026amp;S – m...]"}
{"timestamp":"2025-09-19T12:43:45.422Z","level":"SUCCESS","message":"💾 Saved new job: Ausbildung Pflegefachmann/-frau (m/w/d)"}
{"timestamp":"2025-09-19T12:43:45.923Z","level":"INFO","message":"Processing: https://www.ausbildung.de/stellen/ausbildung-zum-pflegefachmann-frau-m-w-d-mit-vertiefung-altenpfleger-im-pflegeheim-bei-kursana-gmbh-in-hamburg-4cc4b228-8001-4a62-b451-befb13da4154/"}
{"timestamp":"2025-09-19T12:43:48.374Z","level":"INFO","message":"Start date not found with selectors, trying full-text regex fallback..."}
{"timestamp":"2025-09-19T12:43:48.376Z","level":"INFO","message":"Found start date with regex: 01.04.2026"}
{"timestamp":"2025-09-19T12:43:48.420Z","level":"SUCCESS","message":"Scraped: [Titel: Ausbildung zum Pflegefachmann/-frau (m/w/d) mit Vertiefung Altenpfleger im Pflegeheim] [Firma: Kursana Gmbh] [Start: 01.04.2026] [Plätze: Stelle teilen Stelle teilen Per WhatsApp Per E-Mail Link kopieren Kursana GmbH (0) {\"@context\":\"http://schema.org\",\"@type\":\"Corporation\",\"name\":\"Kursana Domizil Hamburg - Billstedt\",\"legalName\":\"Kursana Domizil Hamburg - Billstedt\",\"description\":\"Kursana...]"}
{"timestamp":"2025-09-19T12:43:48.420Z","level":"WARN","message":"⏭️  Skipping job (no email found): Ausbildung zum Pflegefachmann/-frau (m/w/d) mit Vertiefung Altenpfleger im Pflegeheim"}
{"timestamp":"2025-09-19T12:43:48.922Z","level":"INFO","message":"Processing: https://www.ausbildung.de/stellen/ausbildung-pflegefachfrau-mann-m-w-d-jeweils-zum-01-02-und-01-08-bei-ev-amalie-sieveking-krankenhaus-ggmbh-in-hamburg-b651d2ed-64b8-4a65-88a5-5363a079401f/"}
{"timestamp":"2025-09-19T12:43:51.448Z","level":"INFO","message":"Start date not found with selectors, trying full-text regex fallback..."}
{"timestamp":"2025-09-19T12:43:51.450Z","level":"INFO","message":"Found start date with regex: 01.02.2026"}
{"timestamp":"2025-09-19T12:43:51.494Z","level":"SUCCESS","message":"Scraped: [Titel: Ausbildung Pflegefachfrau/-mann (m/w/d) jeweils zum 01.02. und 01.08.] [Firma: Ev Amalie Sieveking Krankenhaus Ggmbh] [Start: 01.02.2026] [Plätze: Stelle teilen Stelle teilen Per WhatsApp Per E-Mail Link kopieren Ev. Amalie Sieveking-Krankenhaus gGmbH {\"@context\":\"http://schema.org\",\"@type\":\"Corporation\",\"name\":\"Ev. Amalie Sieveking-Krankenhaus gGmbH\",\"legalName\":\"Ev. Amalie Sieveking-Krankenhaus gG...]"}
{"timestamp":"2025-09-19T12:43:51.497Z","level":"SUCCESS","message":"💾 Saved new job: Ausbildung Pflegefachfrau/-mann (m/w/d) jeweils zum 01.02. und 01.08."}
{"timestamp":"2025-09-19T12:43:51.998Z","level":"INFO","message":"Processing: https://www.ausbildung.de/stellen/ausbildung-pflegefachmann-frau-m-w-d-bei-residenz-am-wiesenkamp-immanuel-albertinen-diakonie-in-hamburg-43a4551b-ddac-4da5-82a5-3df2a2f13fbb/"}
{"timestamp":"2025-09-19T12:43:53.506Z","level":"INFO","message":"Start date not found with selectors, trying full-text regex fallback..."}
{"timestamp":"2025-09-19T12:43:53.508Z","level":"INFO","message":"Found start date with regex: 01.02.2026"}
{"timestamp":"2025-09-19T12:43:53.551Z","level":"SUCCESS","message":"Scraped: [Titel: Ausbildung Pflegefachmann/-frau (m/w/d)] [Firma: Residenz Am Wiesenkamp Immanuel Albertinen Diakonie] [Start: 01.02.2026] [Plätze: Stelle teilen Stelle teilen Per WhatsApp Per E-Mail Link kopieren Residenz am Wiesenkamp ( Immanuel Albertinen Diakonie ) ambulant / stationär (0) {\"@context\":\"http://schema.org\",\"@type\":\"Corporation\",\"name\":\"Residenz am Wiesenkamp ( Immanuel Albertinen D...]"}
{"timestamp":"2025-09-19T12:43:53.553Z","level":"SUCCESS","message":"💾 Saved new job: Ausbildung Pflegefachmann/-frau (m/w/d)"}
{"timestamp":"2025-09-19T12:43:54.054Z","level":"INFO","message":"Processing: https://www.ausbildung.de/stellen/ausbildung-pflegefachmann-frau-m-w-d-am-bg-klinikum-hamburg-bei-bg-klinikum-hamburg-ggmbh-in-hamburg-e3d15a32-864f-4e69-94f2-0b1c4ebaf5cf/"}
{"timestamp":"2025-09-19T12:43:56.370Z","level":"INFO","message":"Start date not found with selectors, trying full-text regex fallback..."}
{"timestamp":"2025-09-19T12:43:56.371Z","level":"INFO","message":"Found start date with regex: 01.02.2026"}
{"timestamp":"2025-09-19T12:43:56.413Z","level":"SUCCESS","message":"Scraped: [Titel: Ausbildung Pflegefachmann/-frau (m/w/d) am BG Klinikum Hamburg] [Firma: Bg Klinikum Hamburg Ggmbh] [Start: 01.02.2026] [Plätze: Stelle teilen Stelle teilen Per WhatsApp Per E-Mail Link kopieren BG Klinikum Hamburg gGmbH {\"@context\":\"http://schema.org\",\"@type\":\"Corporation\",\"name\":\"BG Klinikum Hamburg gGmbH\",\"legalName\":\"BG Klinikum Hamburg gGmbH\",\"description\":\"Das BG Klinikum Ham...]"}
{"timestamp":"2025-09-19T12:43:56.413Z","level":"WARN","message":"⏭️  Skipping job (no email found): Ausbildung Pflegefachmann/-frau (m/w/d) am BG Klinikum Hamburg"}
{"timestamp":"2025-09-19T12:43:56.915Z","level":"INFO","message":"Processing: https://www.ausbildung.de/stellen/ausbildung-zum-pflegefachmann-frau-m-w-d-mit-vertiefung-altenpfleger-im-pflegeheim-bei-kursana-gmbh-in-hamburg-6a237ed0-2f1a-430a-adec-8eed5a0b522f/"}
{"timestamp":"2025-09-19T12:43:59.380Z","level":"INFO","message":"Start date not found with selectors, trying full-text regex fallback..."}
{"timestamp":"2025-09-19T12:43:59.381Z","level":"INFO","message":"Found start date with regex: 01.04.2026"}
{"timestamp":"2025-09-19T12:43:59.424Z","level":"SUCCESS","message":"Scraped: [Titel: Ausbildung zum Pflegefachmann/-frau (m/w/d) mit Vertiefung Altenpfleger im Pflegeheim] [Firma: Kursana Gmbh] [Start: 01.04.2026] [Plätze: Stelle teilen Stelle teilen Per WhatsApp Per E-Mail Link kopieren Kursana GmbH (0) {\"@context\":\"http://schema.org\",\"@type\":\"Corporation\",\"name\":\"Kursana Residenz Hamburg - Niendorf\",\"legalName\":\"Kursana Residenz Hamburg - Niendorf\",\"description\":\"Kursana...]"}
{"timestamp":"2025-09-19T12:43:59.424Z","level":"WARN","message":"⏭️  Skipping job (no email found): Ausbildung zum Pflegefachmann/-frau (m/w/d) mit Vertiefung Altenpfleger im Pflegeheim"}
{"timestamp":"2025-09-19T12:43:59.926Z","level":"INFO","message":"Processing: https://www.ausbildung.de/stellen/ausbildung-zum-pflegefachmann-frau-m-w-d-mit-vertiefung-altenpfleger-im-pflegeheim-bei-kursana-gmbh-in-oststeinbek-edbee655-01dc-4515-be54-8d3f21ad4e6a/"}
{"timestamp":"2025-09-19T12:44:02.335Z","level":"INFO","message":"Start date not found with selectors, trying full-text regex fallback..."}
{"timestamp":"2025-09-19T12:44:02.337Z","level":"INFO","message":"Found start date with regex: 01.04.2026"}
{"timestamp":"2025-09-19T12:44:02.380Z","level":"SUCCESS","message":"Scraped: [Titel: Ausbildung zum Pflegefachmann/-frau (m/w/d) mit Vertiefung Altenpfleger im Pflegeheim] [Firma: Kursana Gmbh] [Start: 01.04.2026] [Plätze: Stelle teilen Stelle teilen Per WhatsApp Per E-Mail Link kopieren Kursana GmbH (0) {\"@context\":\"http://schema.org\",\"@type\":\"Corporation\",\"name\":\"Kursana Domizil Hamburg - Oststeinbek\",\"legalName\":\"Kursana Domizil Hamburg - Oststeinbek\",\"description\":\"Kurs...]"}
{"timestamp":"2025-09-19T12:44:02.380Z","level":"WARN","message":"⏭️  Skipping job (no email found): Ausbildung zum Pflegefachmann/-frau (m/w/d) mit Vertiefung Altenpfleger im Pflegeheim"}
{"timestamp":"2025-09-19T12:44:02.882Z","level":"INFO","message":"Processing: https://www.ausbildung.de/stellen/ausbildung-zum-pflegefachmann-frau-m-w-d-mit-vertiefung-altenpfleger-im-pflegeheim-bei-kursana-gmbh-in-reinbek-1e2a3ccb-7155-4809-a3f3-4eb82d78e198/"}
{"timestamp":"2025-09-19T12:44:05.785Z","level":"INFO","message":"Start date not found with selectors, trying full-text regex fallback..."}
{"timestamp":"2025-09-19T12:44:05.786Z","level":"INFO","message":"Found start date with regex: 01.04.2026"}
{"timestamp":"2025-09-19T12:44:05.830Z","level":"SUCCESS","message":"Scraped: [Titel: Ausbildung zum Pflegefachmann/-frau (m/w/d) mit Vertiefung Altenpfleger im Pflegeheim] [Firma: Kursana Gmbh] [Start: 01.04.2026] [Plätze: Stelle teilen Stelle teilen Per WhatsApp Per E-Mail Link kopieren Kursana GmbH (0) {\"@context\":\"http://schema.org\",\"@type\":\"Corporation\",\"name\":\"Kursana Villa Reinbek\",\"legalName\":\"Kursana Villa Reinbek\",\"description\":\"Kursana ist einer der bundesweit füh...]"}
{"timestamp":"2025-09-19T12:44:05.830Z","level":"WARN","message":"⏭️  Skipping job (no email found): Ausbildung zum Pflegefachmann/-frau (m/w/d) mit Vertiefung Altenpfleger im Pflegeheim"}
{"timestamp":"2025-09-19T12:44:06.332Z","level":"INFO","message":"Processing: https://www.ausbildung.de/stellen/ausbildung-zum-pflegefachmann-frau-m-w-d-mit-vertiefung-altenpfleger-im-pflegeheim-bei-kursana-gmbh-in-wedel-391b2d25-a424-4f36-8d6f-f310e72a6ab2/"}
{"timestamp":"2025-09-19T12:44:07.805Z","level":"INFO","message":"Start date not found with selectors, trying full-text regex fallback..."}
{"timestamp":"2025-09-19T12:44:07.805Z","level":"INFO","message":"Found start date with regex: 01.04.2026"}
{"timestamp":"2025-09-19T12:44:07.812Z","level":"SUCCESS","message":"Scraped: [Titel: Ausbildung zum Pflegefachmann/-frau (m/w/d) mit Vertiefung Altenpfleger im Pflegeheim] [Firma: Kursana Gmbh] [Start: 01.04.2026] [Plätze: Stelle teilen Stelle teilen Per WhatsApp Per E-Mail Link kopieren Kursana GmbH (0) {\"@context\":\"http://schema.org\",\"@type\":\"Corporation\",\"name\":\"Kursana Residenz Wedel\",\"legalName\":\"Kursana Residenz Wedel\",\"description\":\"Kursana ist einer der bundesweit f...]"}
{"timestamp":"2025-09-19T12:44:07.812Z","level":"WARN","message":"⏭️  Skipping job (no email found): Ausbildung zum Pflegefachmann/-frau (m/w/d) mit Vertiefung Altenpfleger im Pflegeheim"}
{"timestamp":"2025-09-19T12:44:08.313Z","level":"INFO","message":"Processing: https://www.ausbildung.de/stellen/ausbildung-pflegefachmann-frau-m-w-d-bei-bundeswehr-in-hamburg-5ea6a175-5427-4148-887b-6a91c801a09e/"}
{"timestamp":"2025-09-19T12:44:11.029Z","level":"INFO","message":"Start date not found with selectors, trying full-text regex fallback..."}
{"timestamp":"2025-09-19T12:44:11.030Z","level":"INFO","message":"Found start date with regex: 01.11.2026"}
{"timestamp":"2025-09-19T12:44:11.073Z","level":"SUCCESS","message":"Scraped: [Titel: Ausbildung zur/ zum Pflegefachfrau / Pflegefachmann (m/w/d) 2026] [Firma: Bundeswehr] [Start: 01.11.2026] [Plätze: Stelle teilen Stelle teilen Per WhatsApp Per E-Mail Link kopieren Bundeswehr (4) {\"@context\":\"http://schema.org\",\"@type\":\"Corporation\",\"name\":\"Bundeswehr\",\"legalName\":\"Bundeswehr\",\"description\":\"Die Bundeswehr garantiert Sicherheit, Souveränität und außen...]"}
{"timestamp":"2025-09-19T12:44:11.075Z","level":"SUCCESS","message":"💾 Saved new job: Ausbildung zur/ zum Pflegefachfrau / Pflegefachmann (m/w/d) 2026"}
{"timestamp":"2025-09-19T12:44:11.576Z","level":"INFO","message":"📈 Page 1 results: 10 jobs saved with emails"}
{"timestamp":"2025-09-19T12:44:11.577Z","level":"INFO","message":"📊 Scraping pages: 1/3 (33%) — 62s"}
{"timestamp":"2025-09-19T12:44:12.577Z","level":"INFO","message":"\n📄 Processing page 2/3"}
{"timestamp":"2025-09-19T12:44:20.255Z","level":"INFO","message":"Found 20 job listings on page 2"}
{"timestamp":"2025-09-19T12:44:20.255Z","level":"INFO","message":"📈 Page 2 results: 0 jobs saved with emails"}
{"timestamp":"2025-09-19T12:44:20.255Z","level":"INFO","message":"📊 Scraping pages: 2/3 (67%) — 71s"}
{"timestamp":"2025-09-19T12:44:21.256Z","level":"INFO","message":"\n📄 Processing page 3/3"}
{"timestamp":"2025-09-19T12:44:25.634Z","level":"INFO","message":"📈 Page 3 results: 0 jobs saved with emails"}
{"timestamp":"2025-09-19T12:44:25.634Z","level":"SUCCESS","message":"✅ Scraping pages completed: 3/3 in 76s"}
{"timestamp":"2025-09-19T12:44:25.634Z","level":"INFO","message":"📊 Scraping pages: 3/3 (100%) — 76s"}
{"timestamp":"2025-09-19T12:44:25.633Z","level":"INFO","message":"Found 20 job listings on page 3"}
{"timestamp":"2025-09-19T12:44:25.634Z","level":"SUCCESS","message":"✅ Scraping completed successfully!"}
{"timestamp":"2025-09-19T12:44:25.634Z","level":"INFO","message":"📊 Final Results:\n   • Total jobs saved with email: 10\n   • Total URLs processed: 20\n   • Total errors encountered: 0"}
{"timestamp":"2025-09-19T12:44:25.747Z","level":"INFO","message":"Browser closed successfully"}
{"timestamp":"2025-09-19T12:44:25.748Z","level":"INFO","message":"Database connection closed successfully"}
{"timestamp":"2025-09-19T12:44:25.749Z","level":"ERROR","message":"API Scraping Error: {\n  \"type\": \"object\",\n  \"isErrorInstance\": true,\n  \"error\": \"Cannot read properties of undefined (reading 'length')\",\n  \"stack\": \"TypeError: Cannot read properties of undefined (reading 'length')\\n    at scrapeAusbildung (file:///Users/zel-khad/Desktop/1337/last/backend/services/aussbildung.js:873:18)\",\n  \"fullError\": \"{\\\"stack\\\":\\\"TypeError: Cannot read properties of undefined (reading 'length')\\\\n    at scrapeAusbildung (file:///Users/zel-khad/Desktop/1337/last/backend/services/aussbildung.js:873:18)\\\",\\\"message\\\":\\\"Cannot read properties of undefined (reading 'length')\\\"}\"\n}"}
{"timestamp":"2025-09-19T19:56:38.050Z","level":"INFO","message":"🕷️  Starting scraping process..."}
{"timestamp":"2025-09-19T19:56:38.051Z","level":"INFO","message":"🚀 Initializing browser..."}
{"timestamp":"2025-09-19T19:56:39.430Z","level":"SUCCESS","message":"Browser initialized successfully"}
{"timestamp":"2025-09-19T19:56:39.430Z","level":"INFO","message":"\n📄 Processing page 1/3"}
{"timestamp":"2025-09-19T19:56:42.646Z","level":"INFO","message":"Found 20 job listings on page 1"}
{"timestamp":"2025-09-19T19:56:42.647Z","level":"INFO","message":"Processing: https://www.ausbildung.de/stellen/auszubildende-fuer-die-ausbildung-zum-operationstechnischen-assistenten-m-w-d-bei-asklepios-kliniken-in-hamburg-1e2b894d-2818-4e3b-a765-14cc3b83fa20/"}
{"timestamp":"2025-09-19T19:56:44.135Z","level":"INFO","message":"Start date not found with selectors, trying full-text regex fallback..."}
{"timestamp":"2025-09-19T19:56:44.137Z","level":"INFO","message":"Found start date with regex: 11.09.2025"}
{"timestamp":"2025-09-19T19:56:44.182Z","level":"SUCCESS","message":"Scraped: [Titel: Auszubildende für die Ausbildung zum Operationstechnischen Assistenten (m/w/d)] [Firma: Asklepios Kliniken] [Start: 11.09.2025] [Plätze: Stelle teilen Stelle teilen Per WhatsApp Per E-Mail Link kopieren Asklepios Kliniken (2) {\"@context\":\"http://schema.org\",\"@type\":\"Corporation\",\"name\":\"Asklepios\",\"legalName\":\"Asklepios\",\"description\":\"Zu Asklepios gehören 164 Gesundheitseinrichtungen in D...]"}
{"timestamp":"2025-09-19T19:56:44.190Z","level":"INFO","message":"🔄 Updated existing job: Auszubildende für die Ausbildung zum Operationstechnischen Assistenten (m/w/d)"}
{"timestamp":"2025-09-19T19:56:44.692Z","level":"INFO","message":"Processing: https://www.ausbildung.de/stellen/ausbildung-pflegefachperson-all-genders-die-vertiefung-paediatrie-kinderkrankenpflege-bei-universitaetsklinikum-hamburg-eppendorf-uke-in-hamburg-99c8ef1f-e509-4b82-9dc5-d62c1f8eae5c/"}
{"timestamp":"2025-09-19T19:56:46.047Z","level":"INFO","message":"Start date not found with selectors, trying full-text regex fallback..."}
{"timestamp":"2025-09-19T19:56:46.049Z","level":"INFO","message":"Found start date with regex: 11.09.2025"}
{"timestamp":"2025-09-19T19:56:46.088Z","level":"SUCCESS","message":"Scraped: [Titel: Ausbildung Pflegefachperson (all genders) die Vertiefung Pädiatrie (Kinderkrankenpflege)] [Firma: Universitaetsklinikum Hamburg Eppendorf Uke] [Start: 11.09.2025] [Plätze: Stelle teilen Stelle teilen Per WhatsApp Per E-Mail Link kopieren Universitätsklinikum Hamburg-Eppendorf (UKE) (5) {\"@context\":\"http://schema.org\",\"@type\":\"Corporation\",\"name\":\"Universitätsklinikum Hamburg-Eppendorf (UKE)\",\"legalName\":\"Universitätskliniku...]"}
{"timestamp":"2025-09-19T19:56:46.090Z","level":"INFO","message":"🔄 Updated existing job: Ausbildung Pflegefachperson (all genders) die Vertiefung Pädiatrie (Kinderkrankenpflege)"}
{"timestamp":"2025-09-19T19:56:46.592Z","level":"INFO","message":"Processing: https://www.ausbildung.de/stellen/ausbildung-pflegefachmann-frau-m-w-d-bei-deutsche-seniorenstift-gesellschaft-mbh-co-kg-in-hamburg-51e329f6-2ba7-4f52-8620-e5a851a19f12/"}
{"timestamp":"2025-09-19T19:56:48.093Z","level":"INFO","message":"Start date not found with selectors, trying full-text regex fallback..."}
{"timestamp":"2025-09-19T19:56:48.094Z","level":"INFO","message":"Found start date with regex: 01.09.2025"}
{"timestamp":"2025-09-19T19:56:48.128Z","level":"SUCCESS","message":"Scraped: [Titel: Ausbildung Pflegefachmann/-frau (m/w/d)] [Firma: Deutsche Seniorenstift Gesellschaft Mbh Co Kg] [Start: 01.09.2025] [Plätze: Stelle teilen Stelle teilen Per WhatsApp Per E-Mail Link kopieren Deutsche Seniorenstift Gesellschaft mbH & Co. KG (0) {\"@context\":\"http://schema.org\",\"@type\":\"Corporation\",\"name\":\"Deutsche Seniorenstift Gesellschaft mbH \\u0026 Co. KG\",\"legalName\":\"Deutsc...]"}
{"timestamp":"2025-09-19T19:56:48.128Z","level":"WARN","message":"⏭️  Skipping job (no email found): Ausbildung Pflegefachmann/-frau (m/w/d)"}
{"timestamp":"2025-09-19T19:56:48.630Z","level":"INFO","message":"Processing: https://www.ausbildung.de/stellen/ausbildung-pflegefachmann-pflegefachfrau-m-w-d-bei-helios-kliniken-gmbh-in-hamburg-2481697d-ed49-44bc-9995-6db9b5205f6f/"}
{"timestamp":"2025-09-19T19:56:50.146Z","level":"INFO","message":"Start date not found with selectors, trying full-text regex fallback..."}
{"timestamp":"2025-09-19T19:56:50.150Z","level":"INFO","message":"Found start date with regex: 01.10.2025"}
{"timestamp":"2025-09-19T19:56:50.191Z","level":"SUCCESS","message":"Scraped: [Titel: Ausbildung Pflegefachmann/ Pflegefachfrau (m/w/d)] [Firma: Helios Kliniken Gmbh] [Start: 01.10.2025] [Plätze: Stelle teilen Stelle teilen Per WhatsApp Per E-Mail Link kopieren Helios Kliniken GmbH (0) {\"@context\":\"http://schema.org\",\"@type\":\"Corporation\",\"name\":\"Helios Kliniken GmbH\",\"legalName\":\"Helios Kliniken GmbH\",\"description\":\"Helios gehört zum Gesundheitsk...]"}
{"timestamp":"2025-09-19T19:56:50.191Z","level":"WARN","message":"⏭️  Skipping job (no email found): Ausbildung Pflegefachmann/ Pflegefachfrau (m/w/d)"}
{"timestamp":"2025-09-19T19:56:50.693Z","level":"INFO","message":"Processing: https://www.ausbildung.de/stellen/ausbildung-pflegefachmann-frau-m-w-d-bei-wohnungsbaugenossenschaft-suederelbe-eg-in-hamburg-9cbe85da-70bd-490e-a274-9a9497f84c2b/"}
{"timestamp":"2025-09-19T19:56:52.190Z","level":"INFO","message":"Start date not found with selectors, trying full-text regex fallback..."}
{"timestamp":"2025-09-19T19:56:52.191Z","level":"INFO","message":"Found start date with regex: 01.10.2025"}
{"timestamp":"2025-09-19T19:56:52.233Z","level":"WARN","message":"⏭️  Skipping job (no email found): Ausbildung Pflegefachmann/-frau (m/w/d)"}
{"timestamp":"2025-09-19T19:56:52.233Z","level":"SUCCESS","message":"Scraped: [Titel: Ausbildung Pflegefachmann/-frau (m/w/d)] [Firma: Wohnungsbaugenossenschaft Suederelbe Eg] [Start: 01.10.2025] [Plätze: Stelle teilen Stelle teilen Per WhatsApp Per E-Mail Link kopieren Wohnungsbaugenossenschaft Süderelbe eG (0) {\"@context\":\"http://schema.org\",\"@type\":\"Corporation\",\"name\":\"Haus Am Frankenberg\",\"legalName\":\"Haus Am Frankenberg\",\"description\":\"Die Süderelbe...]"}
{"timestamp":"2025-09-19T19:56:52.735Z","level":"INFO","message":"Processing: https://www.ausbildung.de/stellen/ausbildung-pflegefachmann-frau-m-w-d-bei-pflegen-wohnen-hamburg-gmbh-in-hamburg-aa5128bb-e128-482b-8fa4-74d5a6101909/"}
{"timestamp":"2025-09-19T19:56:54.234Z","level":"INFO","message":"Start date not found with selectors, trying full-text regex fallback..."}
{"timestamp":"2025-09-19T19:56:54.235Z","level":"INFO","message":"Found start date with regex: 01.02.2026"}
{"timestamp":"2025-09-19T19:56:54.269Z","level":"SUCCESS","message":"Scraped: [Titel: Ausbildung Pflegefachmann/-frau (m/w/d)] [Firma: Pflegen Wohnen Hamburg Gmbh] [Start: 01.02.2026] [Plätze: Stelle teilen Stelle teilen Per WhatsApp Per E-Mail Link kopieren PFLEGEN & WOHNEN HAMBURG GmbH (0) {\"@context\":\"http://schema.org\",\"@type\":\"Corporation\",\"name\":\"PFLEGEN \\u0026 WOHNEN HAMBURG GmbH\",\"legalName\":\"PFLEGEN \\u0026 WOHNEN HAMBURG GmbH\",\"descrip...]"}
{"timestamp":"2025-09-19T19:56:54.274Z","level":"INFO","message":"🔄 Updated existing job: Ausbildung Pflegefachmann/-frau (m/w/d)"}
{"timestamp":"2025-09-19T19:56:54.776Z","level":"INFO","message":"Processing: https://www.ausbildung.de/stellen/ausbildung-pflegefachmann-frau-m-w-d-bei-wohnungsbaugenossenschaft-suederelbe-eg-in-hamburg-010ad64e-84fb-476a-b5e7-bac5aab8f9c3/"}
{"timestamp":"2025-09-19T19:56:56.285Z","level":"INFO","message":"Start date not found with selectors, trying full-text regex fallback..."}
{"timestamp":"2025-09-19T19:56:56.286Z","level":"INFO","message":"Found start date with regex: 01.02.2026"}
{"timestamp":"2025-09-19T19:56:56.326Z","level":"SUCCESS","message":"Scraped: [Titel: Ausbildung Pflegefachmann/-frau (m/w/d)] [Firma: Wohnungsbaugenossenschaft Suederelbe Eg] [Start: 01.02.2026] [Plätze: Stelle teilen Stelle teilen Per WhatsApp Per E-Mail Link kopieren Wohnungsbaugenossenschaft Süderelbe eG (0) {\"@context\":\"http://schema.org\",\"@type\":\"Corporation\",\"name\":\"Haus Hammer Landstraße\",\"legalName\":\"Haus Hammer Landstraße\",\"description\":\"Die Süde...]"}
{"timestamp":"2025-09-19T19:56:56.326Z","level":"WARN","message":"⏭️  Skipping job (no email found): Ausbildung Pflegefachmann/-frau (m/w/d)"}
{"timestamp":"2025-09-19T19:56:56.827Z","level":"INFO","message":"Processing: https://www.ausbildung.de/stellen/ausbildung-pflegefachfrau-pflegefachmann-bei-apm-in-hamburg-f34b501e-0b08-4474-a303-873a5a8dd217/"}
{"timestamp":"2025-09-19T19:56:58.337Z","level":"INFO","message":"Start date not found with selectors, trying full-text regex fallback..."}
{"timestamp":"2025-09-19T19:56:58.338Z","level":"INFO","message":"Found start date with regex: 01.02.2026"}
{"timestamp":"2025-09-19T19:56:58.382Z","level":"SUCCESS","message":"Scraped: [Titel: Ausbildung Pflegefachfrau/Pflegefachmann] [Firma: Apm] [Start: 01.02.2026] [Plätze: Stelle teilen Stelle teilen Per WhatsApp Per E-Mail Link kopieren apm {\"@context\":\"http://schema.org\",\"@type\":\"Corporation\",\"name\":\"apm\",\"legalName\":\"apm\",\"description\":\"apm – Wir bilden Pflegekräfte Seit 2011 bietet apm ein maßgeschneidertes Angebot zur...]"}
{"timestamp":"2025-09-19T19:56:58.387Z","level":"INFO","message":"🔄 Updated existing job: Ausbildung Pflegefachfrau/Pflegefachmann"}
{"timestamp":"2025-09-19T19:56:58.888Z","level":"INFO","message":"Processing: https://www.ausbildung.de/stellen/ausbildung-als-pflegefachmann-frau-m-w-d-start-01-10-2025-bei-regio-kliniken-gmbh-in-pinneberg-71a4c356-348b-4b79-ae0e-07a59ff44a51/"}
{"timestamp":"2025-09-19T19:57:00.388Z","level":"INFO","message":"Start date not found with selectors, trying full-text regex fallback..."}
{"timestamp":"2025-09-19T19:57:00.390Z","level":"INFO","message":"Found start date with regex: 01.10.2025"}
{"timestamp":"2025-09-19T19:57:00.434Z","level":"SUCCESS","message":"Scraped: [Titel: Ausbildung als Pflegefachmann/frau (m/w/d) - Start 01.10.2025] [Firma: Regio Kliniken Gmbh] [Start: 01.10.2025] [Plätze: Stelle teilen Stelle teilen Per WhatsApp Per E-Mail Link kopieren Regio Kliniken GmbH {\"@context\":\"http://schema.org\",\"@type\":\"Corporation\",\"name\":\"Regio Kliniken GmbH\",\"legalName\":\"Regio Kliniken GmbH\",\"description\":\"Unser Regio-Team ist 24/7 mit Herz un...]"}
{"timestamp":"2025-09-19T19:57:00.436Z","level":"INFO","message":"🔄 Updated existing job: Ausbildung als Pflegefachmann/frau (m/w/d) - Start 01.10.2025"}
{"timestamp":"2025-09-19T19:57:00.937Z","level":"INFO","message":"Processing: https://www.ausbildung.de/stellen/ausbildung-zur-examinierten-pflegefachperson-m-w-d-schwerpunkt-altenpflege-bei-wichern-gemeinschaft-reinbek-e-v-in-reinbek-abead507-8d33-4478-b629-bc0b3e25b994/"}
{"timestamp":"2025-09-19T19:57:02.435Z","level":"INFO","message":"Start date not found with selectors, trying full-text regex fallback..."}
{"timestamp":"2025-09-19T19:57:02.436Z","level":"INFO","message":"Found start date with regex: 01.10.2025"}
{"timestamp":"2025-09-19T19:57:02.481Z","level":"SUCCESS","message":"Scraped: [Titel: Ausbildung zur examinierten Pflegefachperson (m/w/d), Schwerpunkt Altenpflege] [Firma: Wichern Gemeinschaft Reinbek E V] [Start: 01.10.2025] [Plätze: Stelle teilen Stelle teilen Per WhatsApp Per E-Mail Link kopieren Wichern-Gemeinschaft Reinbek e.V. {\"@context\":\"http://schema.org\",\"@type\":\"Corporation\",\"name\":\"Wichern-Gemeinschaft Reinbek e.V.\",\"legalName\":\"Wichern-Gemeinschaft Reinbek e.V.\",\"descripti...]"}
{"timestamp":"2025-09-19T19:57:02.483Z","level":"INFO","message":"🔄 Updated existing job: Ausbildung zur examinierten Pflegefachperson (m/w/d), Schwerpunkt Altenpflege"}
{"timestamp":"2025-09-19T19:57:02.984Z","level":"INFO","message":"Processing: https://www.ausbildung.de/stellen/ausbildung-pflegefachmann-frau-m-w-d-bei-k-s-gruppe-in-kummerfeld-cb3415bb-aed9-4384-a0fc-c2d2baa1a083/"}
{"timestamp":"2025-09-19T19:57:04.483Z","level":"INFO","message":"Start date not found with selectors, trying full-text regex fallback..."}
{"timestamp":"2025-09-19T19:57:04.484Z","level":"INFO","message":"Found start date with regex: 01.10.2025"}
{"timestamp":"2025-09-19T19:57:04.529Z","level":"SUCCESS","message":"Scraped: [Titel: Ausbildung Pflegefachmann/-frau (m/w/d)] [Firma: K S Gruppe] [Start: 01.10.2025] [Plätze: Stelle teilen Stelle teilen Per WhatsApp Per E-Mail Link kopieren K & S Gruppe (0) {\"@context\":\"http://schema.org\",\"@type\":\"Corporation\",\"name\":\"K \\u0026 S Gruppe\",\"legalName\":\"K \\u0026 S Gruppe\",\"description\":\"Starte deine Ausbildung bei K\\u0026amp;S – m...]"}
{"timestamp":"2025-09-19T19:57:04.532Z","level":"INFO","message":"🔄 Updated existing job: Ausbildung Pflegefachmann/-frau (m/w/d)"}
{"timestamp":"2025-09-19T19:57:05.033Z","level":"INFO","message":"Processing: https://www.ausbildung.de/stellen/ausbildung-zum-pflegefachmann-frau-m-w-d-mit-vertiefung-altenpfleger-im-pflegeheim-bei-kursana-gmbh-in-hamburg-4cc4b228-8001-4a62-b451-befb13da4154/"}
{"timestamp":"2025-09-19T19:57:06.528Z","level":"INFO","message":"Start date not found with selectors, trying full-text regex fallback..."}
{"timestamp":"2025-09-19T19:57:06.530Z","level":"INFO","message":"Found start date with regex: 01.04.2026"}
{"timestamp":"2025-09-19T19:57:06.572Z","level":"SUCCESS","message":"Scraped: [Titel: Ausbildung zum Pflegefachmann/-frau (m/w/d) mit Vertiefung Altenpfleger im Pflegeheim] [Firma: Kursana Gmbh] [Start: 01.04.2026] [Plätze: Stelle teilen Stelle teilen Per WhatsApp Per E-Mail Link kopieren Kursana GmbH (0) {\"@context\":\"http://schema.org\",\"@type\":\"Corporation\",\"name\":\"Kursana Domizil Hamburg - Billstedt\",\"legalName\":\"Kursana Domizil Hamburg - Billstedt\",\"description\":\"Kursana...]"}
{"timestamp":"2025-09-19T19:57:06.572Z","level":"WARN","message":"⏭️  Skipping job (no email found): Ausbildung zum Pflegefachmann/-frau (m/w/d) mit Vertiefung Altenpfleger im Pflegeheim"}
{"timestamp":"2025-09-19T19:57:07.073Z","level":"INFO","message":"Processing: https://www.ausbildung.de/stellen/ausbildung-pflegefachfrau-mann-m-w-d-jeweils-zum-01-02-und-01-08-bei-ev-amalie-sieveking-krankenhaus-ggmbh-in-hamburg-b651d2ed-64b8-4a65-88a5-5363a079401f/"}
{"timestamp":"2025-09-19T19:57:08.544Z","level":"INFO","message":"Start date not found with selectors, trying full-text regex fallback..."}
{"timestamp":"2025-09-19T19:57:08.545Z","level":"INFO","message":"Found start date with regex: 01.02.2026"}
{"timestamp":"2025-09-19T19:57:08.587Z","level":"SUCCESS","message":"Scraped: [Titel: Ausbildung Pflegefachfrau/-mann (m/w/d) jeweils zum 01.02. und 01.08.] [Firma: Ev Amalie Sieveking Krankenhaus Ggmbh] [Start: 01.02.2026] [Plätze: Stelle teilen Stelle teilen Per WhatsApp Per E-Mail Link kopieren Ev. Amalie Sieveking-Krankenhaus gGmbH {\"@context\":\"http://schema.org\",\"@type\":\"Corporation\",\"name\":\"Ev. Amalie Sieveking-Krankenhaus gGmbH\",\"legalName\":\"Ev. Amalie Sieveking-Krankenhaus gG...]"}
{"timestamp":"2025-09-19T19:57:08.589Z","level":"INFO","message":"🔄 Updated existing job: Ausbildung Pflegefachfrau/-mann (m/w/d) jeweils zum 01.02. und 01.08."}
{"timestamp":"2025-09-19T19:57:09.091Z","level":"INFO","message":"Processing: https://www.ausbildung.de/stellen/ausbildung-pflegefachmann-frau-m-w-d-bei-residenz-am-wiesenkamp-immanuel-albertinen-diakonie-in-hamburg-43a4551b-ddac-4da5-82a5-3df2a2f13fbb/"}
{"timestamp":"2025-09-19T19:57:10.598Z","level":"INFO","message":"Start date not found with selectors, trying full-text regex fallback..."}
{"timestamp":"2025-09-19T19:57:10.599Z","level":"INFO","message":"Found start date with regex: 01.02.2026"}
{"timestamp":"2025-09-19T19:57:10.643Z","level":"SUCCESS","message":"Scraped: [Titel: Ausbildung Pflegefachmann/-frau (m/w/d)] [Firma: Residenz Am Wiesenkamp Immanuel Albertinen Diakonie] [Start: 01.02.2026] [Plätze: Stelle teilen Stelle teilen Per WhatsApp Per E-Mail Link kopieren Residenz am Wiesenkamp ( Immanuel Albertinen Diakonie ) ambulant / stationär (0) {\"@context\":\"http://schema.org\",\"@type\":\"Corporation\",\"name\":\"Residenz am Wiesenkamp ( Immanuel Albertinen D...]"}
{"timestamp":"2025-09-19T19:57:10.645Z","level":"INFO","message":"🔄 Updated existing job: Ausbildung Pflegefachmann/-frau (m/w/d)"}
{"timestamp":"2025-09-19T19:57:11.147Z","level":"INFO","message":"Processing: https://www.ausbildung.de/stellen/ausbildung-pflegefachmann-frau-m-w-d-am-bg-klinikum-hamburg-bei-bg-klinikum-hamburg-ggmbh-in-hamburg-e3d15a32-864f-4e69-94f2-0b1c4ebaf5cf/"}
{"timestamp":"2025-09-19T19:57:12.642Z","level":"INFO","message":"Start date not found with selectors, trying full-text regex fallback..."}
{"timestamp":"2025-09-19T19:57:12.643Z","level":"INFO","message":"Found start date with regex: 01.02.2026"}
{"timestamp":"2025-09-19T19:57:12.688Z","level":"SUCCESS","message":"Scraped: [Titel: Ausbildung Pflegefachmann/-frau (m/w/d) am BG Klinikum Hamburg] [Firma: Bg Klinikum Hamburg Ggmbh] [Start: 01.02.2026] [Plätze: Stelle teilen Stelle teilen Per WhatsApp Per E-Mail Link kopieren BG Klinikum Hamburg gGmbH {\"@context\":\"http://schema.org\",\"@type\":\"Corporation\",\"name\":\"BG Klinikum Hamburg gGmbH\",\"legalName\":\"BG Klinikum Hamburg gGmbH\",\"description\":\"Das BG Klinikum Ham...]"}
{"timestamp":"2025-09-19T19:57:12.688Z","level":"WARN","message":"⏭️  Skipping job (no email found): Ausbildung Pflegefachmann/-frau (m/w/d) am BG Klinikum Hamburg"}
{"timestamp":"2025-09-19T19:57:13.190Z","level":"INFO","message":"Processing: https://www.ausbildung.de/stellen/ausbildung-zum-pflegefachmann-frau-m-w-d-mit-vertiefung-altenpfleger-im-pflegeheim-bei-kursana-gmbh-in-hamburg-6a237ed0-2f1a-430a-adec-8eed5a0b522f/"}
{"timestamp":"2025-09-19T19:57:14.692Z","level":"INFO","message":"Start date not found with selectors, trying full-text regex fallback..."}
{"timestamp":"2025-09-19T19:57:14.694Z","level":"INFO","message":"Found start date with regex: 01.04.2026"}
{"timestamp":"2025-09-19T19:57:14.738Z","level":"SUCCESS","message":"Scraped: [Titel: Ausbildung zum Pflegefachmann/-frau (m/w/d) mit Vertiefung Altenpfleger im Pflegeheim] [Firma: Kursana Gmbh] [Start: 01.04.2026] [Plätze: Stelle teilen Stelle teilen Per WhatsApp Per E-Mail Link kopieren Kursana GmbH (0) {\"@context\":\"http://schema.org\",\"@type\":\"Corporation\",\"name\":\"Kursana Residenz Hamburg - Niendorf\",\"legalName\":\"Kursana Residenz Hamburg - Niendorf\",\"description\":\"Kursana...]"}
{"timestamp":"2025-09-19T19:57:14.739Z","level":"WARN","message":"⏭️  Skipping job (no email found): Ausbildung zum Pflegefachmann/-frau (m/w/d) mit Vertiefung Altenpfleger im Pflegeheim"}
{"timestamp":"2025-09-19T19:57:15.239Z","level":"INFO","message":"Processing: https://www.ausbildung.de/stellen/ausbildung-zum-pflegefachmann-frau-m-w-d-mit-vertiefung-altenpfleger-im-pflegeheim-bei-kursana-gmbh-in-oststeinbek-edbee655-01dc-4515-be54-8d3f21ad4e6a/"}
{"timestamp":"2025-09-19T19:57:16.739Z","level":"INFO","message":"Start date not found with selectors, trying full-text regex fallback..."}
{"timestamp":"2025-09-19T19:57:16.740Z","level":"INFO","message":"Found start date with regex: 01.04.2026"}
{"timestamp":"2025-09-19T19:57:16.785Z","level":"SUCCESS","message":"Scraped: [Titel: Ausbildung zum Pflegefachmann/-frau (m/w/d) mit Vertiefung Altenpfleger im Pflegeheim] [Firma: Kursana Gmbh] [Start: 01.04.2026] [Plätze: Stelle teilen Stelle teilen Per WhatsApp Per E-Mail Link kopieren Kursana GmbH (0) {\"@context\":\"http://schema.org\",\"@type\":\"Corporation\",\"name\":\"Kursana Domizil Hamburg - Oststeinbek\",\"legalName\":\"Kursana Domizil Hamburg - Oststeinbek\",\"description\":\"Kurs...]"}
{"timestamp":"2025-09-19T19:57:16.785Z","level":"WARN","message":"⏭️  Skipping job (no email found): Ausbildung zum Pflegefachmann/-frau (m/w/d) mit Vertiefung Altenpfleger im Pflegeheim"}
{"timestamp":"2025-09-19T19:57:17.287Z","level":"INFO","message":"Processing: https://www.ausbildung.de/stellen/ausbildung-zum-pflegefachmann-frau-m-w-d-mit-vertiefung-altenpfleger-im-pflegeheim-bei-kursana-gmbh-in-reinbek-1e2a3ccb-7155-4809-a3f3-4eb82d78e198/"}
{"timestamp":"2025-09-19T19:57:18.786Z","level":"INFO","message":"Start date not found with selectors, trying full-text regex fallback..."}
{"timestamp":"2025-09-19T19:57:18.787Z","level":"INFO","message":"Found start date with regex: 01.04.2026"}
{"timestamp":"2025-09-19T19:57:18.845Z","level":"SUCCESS","message":"Scraped: [Titel: Ausbildung zum Pflegefachmann/-frau (m/w/d) mit Vertiefung Altenpfleger im Pflegeheim] [Firma: Kursana Gmbh] [Start: 01.04.2026] [Plätze: Stelle teilen Stelle teilen Per WhatsApp Per E-Mail Link kopieren Kursana GmbH (0) {\"@context\":\"http://schema.org\",\"@type\":\"Corporation\",\"name\":\"Kursana Villa Reinbek\",\"legalName\":\"Kursana Villa Reinbek\",\"description\":\"Kursana ist einer der bundesweit füh...]"}
{"timestamp":"2025-09-19T19:57:18.845Z","level":"WARN","message":"⏭️  Skipping job (no email found): Ausbildung zum Pflegefachmann/-frau (m/w/d) mit Vertiefung Altenpfleger im Pflegeheim"}
{"timestamp":"2025-09-19T19:57:19.347Z","level":"INFO","message":"Processing: https://www.ausbildung.de/stellen/ausbildung-zum-pflegefachmann-frau-m-w-d-mit-vertiefung-altenpfleger-im-pflegeheim-bei-kursana-gmbh-in-wedel-391b2d25-a424-4f36-8d6f-f310e72a6ab2/"}
{"timestamp":"2025-09-19T19:57:20.836Z","level":"INFO","message":"Start date not found with selectors, trying full-text regex fallback..."}
{"timestamp":"2025-09-19T19:57:20.837Z","level":"INFO","message":"Found start date with regex: 01.04.2026"}
{"timestamp":"2025-09-19T19:57:20.882Z","level":"SUCCESS","message":"Scraped: [Titel: Ausbildung zum Pflegefachmann/-frau (m/w/d) mit Vertiefung Altenpfleger im Pflegeheim] [Firma: Kursana Gmbh] [Start: 01.04.2026] [Plätze: Stelle teilen Stelle teilen Per WhatsApp Per E-Mail Link kopieren Kursana GmbH (0) {\"@context\":\"http://schema.org\",\"@type\":\"Corporation\",\"name\":\"Kursana Residenz Wedel\",\"legalName\":\"Kursana Residenz Wedel\",\"description\":\"Kursana ist einer der bundesweit f...]"}
{"timestamp":"2025-09-19T19:57:20.882Z","level":"WARN","message":"⏭️  Skipping job (no email found): Ausbildung zum Pflegefachmann/-frau (m/w/d) mit Vertiefung Altenpfleger im Pflegeheim"}
{"timestamp":"2025-09-19T19:57:21.384Z","level":"INFO","message":"Processing: https://www.ausbildung.de/stellen/ausbildung-pflegefachmann-frau-m-w-d-bei-bundeswehr-in-hamburg-5ea6a175-5427-4148-887b-6a91c801a09e/"}
{"timestamp":"2025-09-19T19:57:22.884Z","level":"INFO","message":"Start date not found with selectors, trying full-text regex fallback..."}
{"timestamp":"2025-09-19T19:57:22.885Z","level":"INFO","message":"Found start date with regex: 01.11.2026"}
{"timestamp":"2025-09-19T19:57:22.930Z","level":"SUCCESS","message":"Scraped: [Titel: Ausbildung zur/ zum Pflegefachfrau / Pflegefachmann (m/w/d) 2026] [Firma: Bundeswehr] [Start: 01.11.2026] [Plätze: Stelle teilen Stelle teilen Per WhatsApp Per E-Mail Link kopieren Bundeswehr (4) {\"@context\":\"http://schema.org\",\"@type\":\"Corporation\",\"name\":\"Bundeswehr\",\"legalName\":\"Bundeswehr\",\"description\":\"Die Bundeswehr garantiert Sicherheit, Souveränität und außen...]"}
{"timestamp":"2025-09-19T19:57:22.932Z","level":"INFO","message":"🔄 Updated existing job: Ausbildung zur/ zum Pflegefachfrau / Pflegefachmann (m/w/d) 2026"}
{"timestamp":"2025-09-19T19:57:23.434Z","level":"INFO","message":"📈 Page 1 results: 10 jobs saved with emails"}
{"timestamp":"2025-09-19T19:57:23.435Z","level":"INFO","message":"📊 Scraping pages: 1/3 (33%) — 44s"}
{"timestamp":"2025-09-19T19:57:24.436Z","level":"INFO","message":"\n📄 Processing page 2/3"}
{"timestamp":"2025-09-19T19:57:26.477Z","level":"INFO","message":"Found 20 job listings on page 2"}
{"timestamp":"2025-09-19T19:57:26.478Z","level":"INFO","message":"📈 Page 2 results: 0 jobs saved with emails"}
{"timestamp":"2025-09-19T19:57:26.478Z","level":"INFO","message":"📊 Scraping pages: 2/3 (67%) — 47s"}
{"timestamp":"2025-09-19T19:57:27.479Z","level":"INFO","message":"\n📄 Processing page 3/3"}
{"timestamp":"2025-09-19T19:57:30.311Z","level":"INFO","message":"Found 20 job listings on page 3"}
{"timestamp":"2025-09-19T19:57:30.311Z","level":"INFO","message":"📈 Page 3 results: 0 jobs saved with emails"}
{"timestamp":"2025-09-19T19:57:30.311Z","level":"SUCCESS","message":"✅ Scraping completed successfully!"}
{"timestamp":"2025-09-19T19:57:30.311Z","level":"SUCCESS","message":"✅ Scraping pages completed: 3/3 in 51s"}
{"timestamp":"2025-09-19T19:57:30.311Z","level":"INFO","message":"📊 Scraping pages: 3/3 (100%) — 51s"}
{"timestamp":"2025-09-19T19:57:30.311Z","level":"INFO","message":"📊 Final Results:\n   • Total jobs saved with email: 10\n   • Total URLs processed: 20\n   • Total errors encountered: 0"}
{"timestamp":"2025-09-19T19:57:30.413Z","level":"INFO","message":"Browser closed successfully"}
{"timestamp":"2025-09-19T19:57:30.413Z","level":"INFO","message":"Database connection closed successfully"}
{"timestamp":"2025-09-19T19:57:30.413Z","level":"ERROR","message":"API Scraping Error: {\n  \"type\": \"object\",\n  \"isErrorInstance\": true,\n  \"error\": \"Cannot read properties of undefined (reading 'length')\",\n  \"stack\": \"TypeError: Cannot read properties of undefined (reading 'length')\\n    at scrapeAusbildung (file:///Users/zel-khad/Desktop/1337/last/backend/services/aussbildung.js:648:18)\",\n  \"fullError\": \"{\\\"stack\\\":\\\"TypeError: Cannot read properties of undefined (reading 'length')\\\\n    at scrapeAusbildung (file:///Users/zel-khad/Desktop/1337/last/backend/services/aussbildung.js:648:18)\\\",\\\"message\\\":\\\"Cannot read properties of undefined (reading 'length')\\\"}\"\n}"}
{"timestamp":"2025-09-19T19:58:54.633Z","level":"INFO","message":"🕷️  Starting scraping process..."}
{"timestamp":"2025-09-19T19:58:54.633Z","level":"INFO","message":"🚀 Initializing browser..."}
{"timestamp":"2025-09-19T19:58:56.017Z","level":"SUCCESS","message":"Browser initialized successfully"}
{"timestamp":"2025-09-19T19:58:56.018Z","level":"INFO","message":"\n📄 Processing page 1/3"}
{"timestamp":"2025-09-19T19:58:59.224Z","level":"INFO","message":"Found 20 job listings on page 1"}
{"timestamp":"2025-09-19T19:58:59.224Z","level":"INFO","message":"Processing: https://www.ausbildung.de/stellen/auszubildende-fuer-die-ausbildung-zum-operationstechnischen-assistenten-m-w-d-bei-asklepios-kliniken-in-hamburg-1e2b894d-2818-4e3b-a765-14cc3b83fa20/"}
{"timestamp":"2025-09-19T19:59:00.699Z","level":"INFO","message":"Start date not found with selectors, trying full-text regex fallback..."}
{"timestamp":"2025-09-19T19:59:00.700Z","level":"INFO","message":"Found start date with regex: 11.09.2025"}
{"timestamp":"2025-09-19T19:59:00.735Z","level":"SUCCESS","message":"Scraped: [Titel: Auszubildende für die Ausbildung zum Operationstechnischen Assistenten (m/w/d)] [Firma: Asklepios Kliniken] [Start: 11.09.2025] [Plätze: Stelle teilen Stelle teilen Per WhatsApp Per E-Mail Link kopieren Asklepios Kliniken (2) {\"@context\":\"http://schema.org\",\"@type\":\"Corporation\",\"name\":\"Asklepios\",\"legalName\":\"Asklepios\",\"description\":\"Zu Asklepios gehören 164 Gesundheitseinrichtungen in D...]"}
{"timestamp":"2025-09-19T19:59:00.739Z","level":"INFO","message":"🔄 Updated existing job: Auszubildende für die Ausbildung zum Operationstechnischen Assistenten (m/w/d)"}
{"timestamp":"2025-09-19T19:59:01.240Z","level":"INFO","message":"Processing: https://www.ausbildung.de/stellen/ausbildung-pflegefachperson-all-genders-die-vertiefung-paediatrie-kinderkrankenpflege-bei-universitaetsklinikum-hamburg-eppendorf-uke-in-hamburg-99c8ef1f-e509-4b82-9dc5-d62c1f8eae5c/"}
{"timestamp":"2025-09-19T19:59:02.662Z","level":"INFO","message":"Start date not found with selectors, trying full-text regex fallback..."}
{"timestamp":"2025-09-19T19:59:02.664Z","level":"INFO","message":"Found start date with regex: 11.09.2025"}
{"timestamp":"2025-09-19T19:59:02.709Z","level":"SUCCESS","message":"Scraped: [Titel: Ausbildung Pflegefachperson (all genders) die Vertiefung Pädiatrie (Kinderkrankenpflege)] [Firma: Universitaetsklinikum Hamburg Eppendorf Uke] [Start: 11.09.2025] [Plätze: Stelle teilen Stelle teilen Per WhatsApp Per E-Mail Link kopieren Universitätsklinikum Hamburg-Eppendorf (UKE) (5) {\"@context\":\"http://schema.org\",\"@type\":\"Corporation\",\"name\":\"Universitätsklinikum Hamburg-Eppendorf (UKE)\",\"legalName\":\"Universitätskliniku...]"}
{"timestamp":"2025-09-19T19:59:02.711Z","level":"INFO","message":"🔄 Updated existing job: Ausbildung Pflegefachperson (all genders) die Vertiefung Pädiatrie (Kinderkrankenpflege)"}
{"timestamp":"2025-09-19T19:59:03.213Z","level":"INFO","message":"Processing: https://www.ausbildung.de/stellen/ausbildung-pflegefachmann-frau-m-w-d-bei-deutsche-seniorenstift-gesellschaft-mbh-co-kg-in-hamburg-51e329f6-2ba7-4f52-8620-e5a851a19f12/"}
{"timestamp":"2025-09-19T19:59:04.613Z","level":"INFO","message":"Start date not found with selectors, trying full-text regex fallback..."}
{"timestamp":"2025-09-19T19:59:04.614Z","level":"INFO","message":"Found start date with regex: 01.09.2025"}
{"timestamp":"2025-09-19T19:59:04.652Z","level":"SUCCESS","message":"Scraped: [Titel: Ausbildung Pflegefachmann/-frau (m/w/d)] [Firma: Deutsche Seniorenstift Gesellschaft Mbh Co Kg] [Start: 01.09.2025] [Plätze: Stelle teilen Stelle teilen Per WhatsApp Per E-Mail Link kopieren Deutsche Seniorenstift Gesellschaft mbH & Co. KG (0) {\"@context\":\"http://schema.org\",\"@type\":\"Corporation\",\"name\":\"Deutsche Seniorenstift Gesellschaft mbH \\u0026 Co. KG\",\"legalName\":\"Deutsc...]"}
{"timestamp":"2025-09-19T19:59:04.652Z","level":"WARN","message":"⏭️  Skipping job (no email found): Ausbildung Pflegefachmann/-frau (m/w/d)"}
{"timestamp":"2025-09-19T19:59:05.154Z","level":"INFO","message":"Processing: https://www.ausbildung.de/stellen/ausbildung-pflegefachmann-pflegefachfrau-m-w-d-bei-helios-kliniken-gmbh-in-hamburg-2481697d-ed49-44bc-9995-6db9b5205f6f/"}
{"timestamp":"2025-09-19T19:59:06.630Z","level":"INFO","message":"Start date not found with selectors, trying full-text regex fallback..."}
{"timestamp":"2025-09-19T19:59:06.634Z","level":"INFO","message":"Found start date with regex: 01.10.2025"}
{"timestamp":"2025-09-19T19:59:06.677Z","level":"SUCCESS","message":"Scraped: [Titel: Ausbildung Pflegefachmann/ Pflegefachfrau (m/w/d)] [Firma: Helios Kliniken Gmbh] [Start: 01.10.2025] [Plätze: Stelle teilen Stelle teilen Per WhatsApp Per E-Mail Link kopieren Helios Kliniken GmbH (0) {\"@context\":\"http://schema.org\",\"@type\":\"Corporation\",\"name\":\"Helios Kliniken GmbH\",\"legalName\":\"Helios Kliniken GmbH\",\"description\":\"Helios gehört zum Gesundheitsk...]"}
{"timestamp":"2025-09-19T19:59:06.677Z","level":"WARN","message":"⏭️  Skipping job (no email found): Ausbildung Pflegefachmann/ Pflegefachfrau (m/w/d)"}
{"timestamp":"2025-09-19T19:59:07.179Z","level":"INFO","message":"Processing: https://www.ausbildung.de/stellen/ausbildung-pflegefachmann-frau-m-w-d-bei-wohnungsbaugenossenschaft-suederelbe-eg-in-hamburg-9cbe85da-70bd-490e-a274-9a9497f84c2b/"}
{"timestamp":"2025-09-19T19:59:08.858Z","level":"INFO","message":"Start date not found with selectors, trying full-text regex fallback..."}
{"timestamp":"2025-09-19T19:59:08.859Z","level":"INFO","message":"Found start date with regex: 11.09.2025"}
{"timestamp":"2025-09-19T19:59:08.896Z","level":"WARN","message":"⏭️  Skipping job (no email found): Ausbildung Pflegefachmann/-frau (m/w/d)"}
{"timestamp":"2025-09-19T19:59:08.896Z","level":"SUCCESS","message":"Scraped: [Titel: Ausbildung Pflegefachmann/-frau (m/w/d)] [Firma: Wohnungsbaugenossenschaft Suederelbe Eg] [Start: 11.09.2025] [Plätze: Stelle teilen Stelle teilen Per WhatsApp Per E-Mail Link kopieren Wohnungsbaugenossenschaft Süderelbe eG (0) {\"@context\":\"http://schema.org\",\"@type\":\"Corporation\",\"name\":\"Haus Am Frankenberg\",\"legalName\":\"Haus Am Frankenberg\",\"description\":\"Die Süderelbe...]"}
{"timestamp":"2025-09-19T19:59:09.398Z","level":"INFO","message":"Processing: https://www.ausbildung.de/stellen/ausbildung-pflegefachmann-frau-m-w-d-bei-pflegen-wohnen-hamburg-gmbh-in-hamburg-aa5128bb-e128-482b-8fa4-74d5a6101909/"}
{"timestamp":"2025-09-19T19:59:10.911Z","level":"INFO","message":"Start date not found with selectors, trying full-text regex fallback..."}
{"timestamp":"2025-09-19T19:59:10.912Z","level":"INFO","message":"Found start date with regex: 01.02.2026"}
{"timestamp":"2025-09-19T19:59:10.956Z","level":"SUCCESS","message":"Scraped: [Titel: Ausbildung Pflegefachmann/-frau (m/w/d)] [Firma: Pflegen Wohnen Hamburg Gmbh] [Start: 01.02.2026] [Plätze: Stelle teilen Stelle teilen Per WhatsApp Per E-Mail Link kopieren PFLEGEN & WOHNEN HAMBURG GmbH (0) {\"@context\":\"http://schema.org\",\"@type\":\"Corporation\",\"name\":\"PFLEGEN \\u0026 WOHNEN HAMBURG GmbH\",\"legalName\":\"PFLEGEN \\u0026 WOHNEN HAMBURG GmbH\",\"descrip...]"}
{"timestamp":"2025-09-19T19:59:10.958Z","level":"INFO","message":"🔄 Updated existing job: Ausbildung Pflegefachmann/-frau (m/w/d)"}
{"timestamp":"2025-09-19T19:59:11.460Z","level":"INFO","message":"Processing: https://www.ausbildung.de/stellen/ausbildung-pflegefachmann-frau-m-w-d-bei-wohnungsbaugenossenschaft-suederelbe-eg-in-hamburg-010ad64e-84fb-476a-b5e7-bac5aab8f9c3/"}
{"timestamp":"2025-09-19T19:59:12.992Z","level":"INFO","message":"Start date not found with selectors, trying full-text regex fallback..."}
{"timestamp":"2025-09-19T19:59:12.992Z","level":"INFO","message":"Found start date with regex: 01.02.2026"}
{"timestamp":"2025-09-19T19:59:13.033Z","level":"SUCCESS","message":"Scraped: [Titel: Ausbildung Pflegefachmann/-frau (m/w/d)] [Firma: Wohnungsbaugenossenschaft Suederelbe Eg] [Start: 01.02.2026] [Plätze: Stelle teilen Stelle teilen Per WhatsApp Per E-Mail Link kopieren Wohnungsbaugenossenschaft Süderelbe eG (0) {\"@context\":\"http://schema.org\",\"@type\":\"Corporation\",\"name\":\"Haus Hammer Landstraße\",\"legalName\":\"Haus Hammer Landstraße\",\"description\":\"Die Süde...]"}
{"timestamp":"2025-09-19T19:59:13.034Z","level":"WARN","message":"⏭️  Skipping job (no email found): Ausbildung Pflegefachmann/-frau (m/w/d)"}
{"timestamp":"2025-09-19T19:59:13.536Z","level":"INFO","message":"Processing: https://www.ausbildung.de/stellen/ausbildung-pflegefachfrau-pflegefachmann-bei-apm-in-hamburg-f34b501e-0b08-4474-a303-873a5a8dd217/"}
{"timestamp":"2025-09-19T19:59:15.011Z","level":"INFO","message":"Start date not found with selectors, trying full-text regex fallback..."}
{"timestamp":"2025-09-19T19:59:15.012Z","level":"INFO","message":"Found start date with regex: 01.02.2026"}
{"timestamp":"2025-09-19T19:59:15.058Z","level":"SUCCESS","message":"Scraped: [Titel: Ausbildung Pflegefachfrau/Pflegefachmann] [Firma: Apm] [Start: 01.02.2026] [Plätze: Stelle teilen Stelle teilen Per WhatsApp Per E-Mail Link kopieren apm {\"@context\":\"http://schema.org\",\"@type\":\"Corporation\",\"name\":\"apm\",\"legalName\":\"apm\",\"description\":\"apm – Wir bilden Pflegekräfte Seit 2011 bietet apm ein maßgeschneidertes Angebot zur...]"}
{"timestamp":"2025-09-19T19:59:15.060Z","level":"INFO","message":"🔄 Updated existing job: Ausbildung Pflegefachfrau/Pflegefachmann"}
{"timestamp":"2025-09-19T19:59:15.561Z","level":"INFO","message":"Processing: https://www.ausbildung.de/stellen/ausbildung-als-pflegefachmann-frau-m-w-d-start-01-10-2025-bei-regio-kliniken-gmbh-in-pinneberg-71a4c356-348b-4b79-ae0e-07a59ff44a51/"}
{"timestamp":"2025-09-19T19:59:17.057Z","level":"INFO","message":"Start date not found with selectors, trying full-text regex fallback..."}
{"timestamp":"2025-09-19T19:59:17.059Z","level":"INFO","message":"Found start date with regex: 01.10.2025"}
{"timestamp":"2025-09-19T19:59:17.103Z","level":"SUCCESS","message":"Scraped: [Titel: Ausbildung als Pflegefachmann/frau (m/w/d) - Start 01.10.2025] [Firma: Regio Kliniken Gmbh] [Start: 01.10.2025] [Plätze: Stelle teilen Stelle teilen Per WhatsApp Per E-Mail Link kopieren Regio Kliniken GmbH {\"@context\":\"http://schema.org\",\"@type\":\"Corporation\",\"name\":\"Regio Kliniken GmbH\",\"legalName\":\"Regio Kliniken GmbH\",\"description\":\"Unser Regio-Team ist 24/7 mit Herz un...]"}
{"timestamp":"2025-09-19T19:59:17.105Z","level":"INFO","message":"🔄 Updated existing job: Ausbildung als Pflegefachmann/frau (m/w/d) - Start 01.10.2025"}
{"timestamp":"2025-09-19T19:59:17.606Z","level":"INFO","message":"Processing: https://www.ausbildung.de/stellen/ausbildung-zur-examinierten-pflegefachperson-m-w-d-schwerpunkt-altenpflege-bei-wichern-gemeinschaft-reinbek-e-v-in-reinbek-abead507-8d33-4478-b629-bc0b3e25b994/"}
{"timestamp":"2025-09-19T19:59:19.094Z","level":"INFO","message":"Start date not found with selectors, trying full-text regex fallback..."}
{"timestamp":"2025-09-19T19:59:19.096Z","level":"INFO","message":"Found start date with regex: 01.10.2025"}
{"timestamp":"2025-09-19T19:59:19.133Z","level":"SUCCESS","message":"Scraped: [Titel: Ausbildung zur examinierten Pflegefachperson (m/w/d), Schwerpunkt Altenpflege] [Firma: Wichern Gemeinschaft Reinbek E V] [Start: 01.10.2025] [Plätze: Stelle teilen Stelle teilen Per WhatsApp Per E-Mail Link kopieren Wichern-Gemeinschaft Reinbek e.V. {\"@context\":\"http://schema.org\",\"@type\":\"Corporation\",\"name\":\"Wichern-Gemeinschaft Reinbek e.V.\",\"legalName\":\"Wichern-Gemeinschaft Reinbek e.V.\",\"descripti...]"}
{"timestamp":"2025-09-19T19:59:19.136Z","level":"INFO","message":"🔄 Updated existing job: Ausbildung zur examinierten Pflegefachperson (m/w/d), Schwerpunkt Altenpflege"}
{"timestamp":"2025-09-19T19:59:19.638Z","level":"INFO","message":"Processing: https://www.ausbildung.de/stellen/ausbildung-pflegefachmann-frau-m-w-d-bei-k-s-gruppe-in-kummerfeld-cb3415bb-aed9-4384-a0fc-c2d2baa1a083/"}
{"timestamp":"2025-09-19T19:59:21.145Z","level":"INFO","message":"Start date not found with selectors, trying full-text regex fallback..."}
{"timestamp":"2025-09-19T19:59:21.146Z","level":"INFO","message":"Found start date with regex: 01.10.2025"}
{"timestamp":"2025-09-19T19:59:21.187Z","level":"SUCCESS","message":"Scraped: [Titel: Ausbildung Pflegefachmann/-frau (m/w/d)] [Firma: K S Gruppe] [Start: 01.10.2025] [Plätze: Stelle teilen Stelle teilen Per WhatsApp Per E-Mail Link kopieren K & S Gruppe (0) {\"@context\":\"http://schema.org\",\"@type\":\"Corporation\",\"name\":\"K \\u0026 S Gruppe\",\"legalName\":\"K \\u0026 S Gruppe\",\"description\":\"Starte deine Ausbildung bei K\\u0026amp;S – m...]"}
{"timestamp":"2025-09-19T19:59:21.190Z","level":"INFO","message":"🔄 Updated existing job: Ausbildung Pflegefachmann/-frau (m/w/d)"}
{"timestamp":"2025-09-19T19:59:21.692Z","level":"INFO","message":"Processing: https://www.ausbildung.de/stellen/ausbildung-zum-pflegefachmann-frau-m-w-d-mit-vertiefung-altenpfleger-im-pflegeheim-bei-kursana-gmbh-in-hamburg-4cc4b228-8001-4a62-b451-befb13da4154/"}
{"timestamp":"2025-09-19T19:59:23.201Z","level":"INFO","message":"Start date not found with selectors, trying full-text regex fallback..."}
{"timestamp":"2025-09-19T19:59:23.203Z","level":"INFO","message":"Found start date with regex: 01.04.2026"}
{"timestamp":"2025-09-19T19:59:23.248Z","level":"WARN","message":"⏭️  Skipping job (no email found): Ausbildung zum Pflegefachmann/-frau (m/w/d) mit Vertiefung Altenpfleger im Pflegeheim"}
{"timestamp":"2025-09-19T19:59:23.248Z","level":"SUCCESS","message":"Scraped: [Titel: Ausbildung zum Pflegefachmann/-frau (m/w/d) mit Vertiefung Altenpfleger im Pflegeheim] [Firma: Kursana Gmbh] [Start: 01.04.2026] [Plätze: Stelle teilen Stelle teilen Per WhatsApp Per E-Mail Link kopieren Kursana GmbH (0) {\"@context\":\"http://schema.org\",\"@type\":\"Corporation\",\"name\":\"Kursana Domizil Hamburg - Billstedt\",\"legalName\":\"Kursana Domizil Hamburg - Billstedt\",\"description\":\"Kursana...]"}
{"timestamp":"2025-09-19T19:59:23.750Z","level":"INFO","message":"Processing: https://www.ausbildung.de/stellen/ausbildung-pflegefachfrau-mann-m-w-d-jeweils-zum-01-02-und-01-08-bei-ev-amalie-sieveking-krankenhaus-ggmbh-in-hamburg-b651d2ed-64b8-4a65-88a5-5363a079401f/"}
{"timestamp":"2025-09-19T19:59:25.208Z","level":"INFO","message":"Start date not found with selectors, trying full-text regex fallback..."}
{"timestamp":"2025-09-19T19:59:25.209Z","level":"INFO","message":"Found start date with regex: 01.02.2026"}
{"timestamp":"2025-09-19T19:59:25.245Z","level":"SUCCESS","message":"Scraped: [Titel: Ausbildung Pflegefachfrau/-mann (m/w/d) jeweils zum 01.02. und 01.08.] [Firma: Ev Amalie Sieveking Krankenhaus Ggmbh] [Start: 01.02.2026] [Plätze: Stelle teilen Stelle teilen Per WhatsApp Per E-Mail Link kopieren Ev. Amalie Sieveking-Krankenhaus gGmbH {\"@context\":\"http://schema.org\",\"@type\":\"Corporation\",\"name\":\"Ev. Amalie Sieveking-Krankenhaus gGmbH\",\"legalName\":\"Ev. Amalie Sieveking-Krankenhaus gG...]"}
{"timestamp":"2025-09-19T19:59:25.248Z","level":"INFO","message":"🔄 Updated existing job: Ausbildung Pflegefachfrau/-mann (m/w/d) jeweils zum 01.02. und 01.08."}
{"timestamp":"2025-09-19T19:59:25.750Z","level":"INFO","message":"Processing: https://www.ausbildung.de/stellen/ausbildung-pflegefachmann-frau-m-w-d-bei-residenz-am-wiesenkamp-immanuel-albertinen-diakonie-in-hamburg-43a4551b-ddac-4da5-82a5-3df2a2f13fbb/"}
{"timestamp":"2025-09-19T19:59:27.266Z","level":"INFO","message":"Start date not found with selectors, trying full-text regex fallback..."}
{"timestamp":"2025-09-19T19:59:27.267Z","level":"INFO","message":"Found start date with regex: 01.02.2026"}
{"timestamp":"2025-09-19T19:59:27.311Z","level":"SUCCESS","message":"Scraped: [Titel: Ausbildung Pflegefachmann/-frau (m/w/d)] [Firma: Residenz Am Wiesenkamp Immanuel Albertinen Diakonie] [Start: 01.02.2026] [Plätze: Stelle teilen Stelle teilen Per WhatsApp Per E-Mail Link kopieren Residenz am Wiesenkamp ( Immanuel Albertinen Diakonie ) ambulant / stationär (0) {\"@context\":\"http://schema.org\",\"@type\":\"Corporation\",\"name\":\"Residenz am Wiesenkamp ( Immanuel Albertinen D...]"}
{"timestamp":"2025-09-19T19:59:27.314Z","level":"INFO","message":"🔄 Updated existing job: Ausbildung Pflegefachmann/-frau (m/w/d)"}
{"timestamp":"2025-09-19T19:59:27.815Z","level":"INFO","message":"Processing: https://www.ausbildung.de/stellen/ausbildung-pflegefachmann-frau-m-w-d-am-bg-klinikum-hamburg-bei-bg-klinikum-hamburg-ggmbh-in-hamburg-e3d15a32-864f-4e69-94f2-0b1c4ebaf5cf/"}
{"timestamp":"2025-09-19T19:59:29.314Z","level":"INFO","message":"Start date not found with selectors, trying full-text regex fallback..."}
{"timestamp":"2025-09-19T19:59:29.315Z","level":"INFO","message":"Found start date with regex: 01.02.2026"}
{"timestamp":"2025-09-19T19:59:29.360Z","level":"SUCCESS","message":"Scraped: [Titel: Ausbildung Pflegefachmann/-frau (m/w/d) am BG Klinikum Hamburg] [Firma: Bg Klinikum Hamburg Ggmbh] [Start: 01.02.2026] [Plätze: Stelle teilen Stelle teilen Per WhatsApp Per E-Mail Link kopieren BG Klinikum Hamburg gGmbH {\"@context\":\"http://schema.org\",\"@type\":\"Corporation\",\"name\":\"BG Klinikum Hamburg gGmbH\",\"legalName\":\"BG Klinikum Hamburg gGmbH\",\"description\":\"Das BG Klinikum Ham...]"}
{"timestamp":"2025-09-19T19:59:29.360Z","level":"WARN","message":"⏭️  Skipping job (no email found): Ausbildung Pflegefachmann/-frau (m/w/d) am BG Klinikum Hamburg"}
{"timestamp":"2025-09-19T19:59:29.862Z","level":"INFO","message":"Processing: https://www.ausbildung.de/stellen/ausbildung-zum-pflegefachmann-frau-m-w-d-mit-vertiefung-altenpfleger-im-pflegeheim-bei-kursana-gmbh-in-hamburg-6a237ed0-2f1a-430a-adec-8eed5a0b522f/"}
{"timestamp":"2025-09-19T19:59:31.363Z","level":"INFO","message":"Start date not found with selectors, trying full-text regex fallback..."}
{"timestamp":"2025-09-19T19:59:31.364Z","level":"INFO","message":"Found start date with regex: 01.04.2026"}
{"timestamp":"2025-09-19T19:59:31.409Z","level":"SUCCESS","message":"Scraped: [Titel: Ausbildung zum Pflegefachmann/-frau (m/w/d) mit Vertiefung Altenpfleger im Pflegeheim] [Firma: Kursana Gmbh] [Start: 01.04.2026] [Plätze: Stelle teilen Stelle teilen Per WhatsApp Per E-Mail Link kopieren Kursana GmbH (0) {\"@context\":\"http://schema.org\",\"@type\":\"Corporation\",\"name\":\"Kursana Residenz Hamburg - Niendorf\",\"legalName\":\"Kursana Residenz Hamburg - Niendorf\",\"description\":\"Kursana...]"}
{"timestamp":"2025-09-19T19:59:31.409Z","level":"WARN","message":"⏭️  Skipping job (no email found): Ausbildung zum Pflegefachmann/-frau (m/w/d) mit Vertiefung Altenpfleger im Pflegeheim"}
{"timestamp":"2025-09-19T19:59:31.911Z","level":"INFO","message":"Processing: https://www.ausbildung.de/stellen/ausbildung-zum-pflegefachmann-frau-m-w-d-mit-vertiefung-altenpfleger-im-pflegeheim-bei-kursana-gmbh-in-oststeinbek-edbee655-01dc-4515-be54-8d3f21ad4e6a/"}
{"timestamp":"2025-09-19T19:59:33.408Z","level":"INFO","message":"Start date not found with selectors, trying full-text regex fallback..."}
{"timestamp":"2025-09-19T19:59:33.409Z","level":"INFO","message":"Found start date with regex: 01.04.2026"}
{"timestamp":"2025-09-19T19:59:33.449Z","level":"SUCCESS","message":"Scraped: [Titel: Ausbildung zum Pflegefachmann/-frau (m/w/d) mit Vertiefung Altenpfleger im Pflegeheim] [Firma: Kursana Gmbh] [Start: 01.04.2026] [Plätze: Stelle teilen Stelle teilen Per WhatsApp Per E-Mail Link kopieren Kursana GmbH (0) {\"@context\":\"http://schema.org\",\"@type\":\"Corporation\",\"name\":\"Kursana Domizil Hamburg - Oststeinbek\",\"legalName\":\"Kursana Domizil Hamburg - Oststeinbek\",\"description\":\"Kurs...]"}
{"timestamp":"2025-09-19T19:59:33.449Z","level":"WARN","message":"⏭️  Skipping job (no email found): Ausbildung zum Pflegefachmann/-frau (m/w/d) mit Vertiefung Altenpfleger im Pflegeheim"}
{"timestamp":"2025-09-19T19:59:33.951Z","level":"INFO","message":"Processing: https://www.ausbildung.de/stellen/ausbildung-zum-pflegefachmann-frau-m-w-d-mit-vertiefung-altenpfleger-im-pflegeheim-bei-kursana-gmbh-in-reinbek-1e2a3ccb-7155-4809-a3f3-4eb82d78e198/"}
{"timestamp":"2025-09-19T19:59:35.457Z","level":"INFO","message":"Start date not found with selectors, trying full-text regex fallback..."}
{"timestamp":"2025-09-19T19:59:35.458Z","level":"INFO","message":"Found start date with regex: 01.04.2026"}
{"timestamp":"2025-09-19T19:59:35.504Z","level":"SUCCESS","message":"Scraped: [Titel: Ausbildung zum Pflegefachmann/-frau (m/w/d) mit Vertiefung Altenpfleger im Pflegeheim] [Firma: Kursana Gmbh] [Start: 01.04.2026] [Plätze: Stelle teilen Stelle teilen Per WhatsApp Per E-Mail Link kopieren Kursana GmbH (0) {\"@context\":\"http://schema.org\",\"@type\":\"Corporation\",\"name\":\"Kursana Villa Reinbek\",\"legalName\":\"Kursana Villa Reinbek\",\"description\":\"Kursana ist einer der bundesweit füh...]"}
{"timestamp":"2025-09-19T19:59:35.504Z","level":"WARN","message":"⏭️  Skipping job (no email found): Ausbildung zum Pflegefachmann/-frau (m/w/d) mit Vertiefung Altenpfleger im Pflegeheim"}
{"timestamp":"2025-09-19T19:59:36.006Z","level":"INFO","message":"Processing: https://www.ausbildung.de/stellen/ausbildung-zum-pflegefachmann-frau-m-w-d-mit-vertiefung-altenpfleger-im-pflegeheim-bei-kursana-gmbh-in-wedel-391b2d25-a424-4f36-8d6f-f310e72a6ab2/"}
{"timestamp":"2025-09-19T19:59:37.505Z","level":"INFO","message":"Start date not found with selectors, trying full-text regex fallback..."}
{"timestamp":"2025-09-19T19:59:37.507Z","level":"INFO","message":"Found start date with regex: 01.04.2026"}
{"timestamp":"2025-09-19T19:59:37.552Z","level":"SUCCESS","message":"Scraped: [Titel: Ausbildung zum Pflegefachmann/-frau (m/w/d) mit Vertiefung Altenpfleger im Pflegeheim] [Firma: Kursana Gmbh] [Start: 01.04.2026] [Plätze: Stelle teilen Stelle teilen Per WhatsApp Per E-Mail Link kopieren Kursana GmbH (0) {\"@context\":\"http://schema.org\",\"@type\":\"Corporation\",\"name\":\"Kursana Residenz Wedel\",\"legalName\":\"Kursana Residenz Wedel\",\"description\":\"Kursana ist einer der bundesweit f...]"}
{"timestamp":"2025-09-19T19:59:37.552Z","level":"WARN","message":"⏭️  Skipping job (no email found): Ausbildung zum Pflegefachmann/-frau (m/w/d) mit Vertiefung Altenpfleger im Pflegeheim"}
{"timestamp":"2025-09-19T19:59:38.054Z","level":"INFO","message":"Processing: https://www.ausbildung.de/stellen/ausbildung-pflegefachmann-frau-m-w-d-bei-bundeswehr-in-hamburg-5ea6a175-5427-4148-887b-6a91c801a09e/"}
{"timestamp":"2025-09-19T19:59:39.557Z","level":"INFO","message":"Start date not found with selectors, trying full-text regex fallback..."}
{"timestamp":"2025-09-19T19:59:39.559Z","level":"INFO","message":"Found start date with regex: 01.11.2026"}
{"timestamp":"2025-09-19T19:59:39.602Z","level":"SUCCESS","message":"Scraped: [Titel: Ausbildung zur/ zum Pflegefachfrau / Pflegefachmann (m/w/d) 2026] [Firma: Bundeswehr] [Start: 01.11.2026] [Plätze: Stelle teilen Stelle teilen Per WhatsApp Per E-Mail Link kopieren Bundeswehr (4) {\"@context\":\"http://schema.org\",\"@type\":\"Corporation\",\"name\":\"Bundeswehr\",\"legalName\":\"Bundeswehr\",\"description\":\"Die Bundeswehr garantiert Sicherheit, Souveränität und außen...]"}
{"timestamp":"2025-09-19T19:59:39.604Z","level":"INFO","message":"🔄 Updated existing job: Ausbildung zur/ zum Pflegefachfrau / Pflegefachmann (m/w/d) 2026"}
{"timestamp":"2025-09-19T19:59:40.105Z","level":"INFO","message":"📈 Page 1 results: 10 jobs saved with emails"}
{"timestamp":"2025-09-19T19:59:40.105Z","level":"INFO","message":"📊 Scraping pages: 1/3 (33%) — 44s"}
{"timestamp":"2025-09-19T19:59:41.108Z","level":"INFO","message":"\n📄 Processing page 2/3"}
{"timestamp":"2025-09-19T19:59:42.752Z","level":"INFO","message":"Found 20 job listings on page 2"}
{"timestamp":"2025-09-19T19:59:42.752Z","level":"INFO","message":"📈 Page 2 results: 0 jobs saved with emails"}
{"timestamp":"2025-09-19T19:59:42.752Z","level":"INFO","message":"📊 Scraping pages: 2/3 (67%) — 47s"}
{"timestamp":"2025-09-19T19:59:43.754Z","level":"INFO","message":"\n📄 Processing page 3/3"}
{"timestamp":"2025-09-19T19:59:46.341Z","level":"INFO","message":"Found 20 job listings on page 3"}
{"timestamp":"2025-09-19T19:59:46.342Z","level":"INFO","message":"📊 Scraping pages: 3/3 (100%) — 50s"}
{"timestamp":"2025-09-19T19:59:46.342Z","level":"INFO","message":"📊 Final Results:\n   • Total jobs saved with email: 10\n   • Total URLs processed: 20\n   • Total errors encountered: 0"}
{"timestamp":"2025-09-19T19:59:46.342Z","level":"INFO","message":"📈 Page 3 results: 0 jobs saved with emails"}
{"timestamp":"2025-09-19T19:59:46.342Z","level":"SUCCESS","message":"✅ Scraping pages completed: 3/3 in 50s"}
{"timestamp":"2025-09-19T19:59:46.342Z","level":"SUCCESS","message":"✅ Scraping completed successfully!"}
{"timestamp":"2025-09-19T19:59:46.476Z","level":"INFO","message":"Browser closed successfully"}
{"timestamp":"2025-09-19T19:59:46.478Z","level":"INFO","message":"Database connection closed successfully"}
{"timestamp":"2025-09-19T19:59:46.478Z","level":"ERROR","message":"API Scraping Error: {\n  \"type\": \"object\",\n  \"isErrorInstance\": true,\n  \"error\": \"Cannot read properties of undefined (reading 'length')\",\n  \"stack\": \"TypeError: Cannot read properties of undefined (reading 'length')\\n    at scrapeAusbildung (file:///Users/zel-khad/Desktop/1337/last/backend/services/aussbildung.js:648:18)\",\n  \"fullError\": \"{\\\"stack\\\":\\\"TypeError: Cannot read properties of undefined (reading 'length')\\\\n    at scrapeAusbildung (file:///Users/zel-khad/Desktop/1337/last/backend/services/aussbildung.js:648:18)\\\",\\\"message\\\":\\\"Cannot read properties of undefined (reading 'length')\\\"}\"\n}"}
{"timestamp":"2025-09-19T20:00:44.930Z","level":"ERROR","message":"Failed to fetch documents:","error":"dbManager.getUserDocuments is not a function","stack":"TypeError: dbManager.getUserDocuments is not a function\n    at file:///Users/zel-khad/Desktop/1337/last/backend/app.js:275:39"}
{"timestamp":"2025-09-19T20:00:47.999Z","level":"ERROR","message":"Failed to fetch documents:","error":"dbManager.getUserDocuments is not a function","stack":"TypeError: dbManager.getUserDocuments is not a function\n    at file:///Users/zel-khad/Desktop/1337/last/backend/app.js:275:39"}
